-------------------------------------------------------------------------------
Test set: pl.bykowski.invoicespringmvcexample.InvoiceServiceImpl_updateInvoice_18804292129
-------------------------------------------------------------------------------
Tests run: 1, Failures: 0, Errors: 1, Skipped: 0, Time elapsed: 0 s <<< FAILURE! - in pl.bykowski.invoicespringmvcexample.InvoiceServiceImpl_updateInvoice_18804292129
test  Time elapsed: 0 s  <<< ERROR!
java.lang.NullPointerException
	at pl.bykowski.invoicespringmvcexample.InvoiceServiceImpl_updateInvoice_18804292129.test(InvoiceServiceImpl_updateInvoice_18804292129.java:45)

