-------------------------------------------------------------------------------
Test set: pl.bykowski.invoicespringmvcexample.InvoiceSpringMvcExampleApplication_ESTest
-------------------------------------------------------------------------------
Tests run: 2, Failures: 0, Errors: 1, Skipped: 0, Time elapsed: 0.068 s <<< FAILURE! - in pl.bykowski.invoicespringmvcexample.InvoiceSpringMvcExampleApplication_ESTest
test0  Time elapsed: 0.018 s  <<< ERROR!
java.lang.NullPointerException
	at pl.bykowski.invoicespringmvcexample.InvoiceSpringMvcExampleApplication_ESTest.test0(InvoiceSpringMvcExampleApplication_ESTest.java:24)

