-------------------------------------------------------------------------------
Test set: pl.bykowski.invoicespringmvcexample.InvoiceSpringMvcExampleApplication_main_10954772253
-------------------------------------------------------------------------------
Tests run: 1, Failures: 0, Errors: 1, Skipped: 0, Time elapsed: 0.029 s <<< FAILURE! - in pl.bykowski.invoicespringmvcexample.InvoiceSpringMvcExampleApplication_main_10954772253
test  Time elapsed: 0.029 s  <<< ERROR!
java.lang.IllegalArgumentException: Args must not be null
	at pl.bykowski.invoicespringmvcexample.InvoiceSpringMvcExampleApplication_main_10954772253.test(InvoiceSpringMvcExampleApplication_main_10954772253.java:44)

