-------------------------------------------------------------------------------
Test set: io.github.moacirrf.javadecompiler.ExceptionHandler_handleException_16687867892
-------------------------------------------------------------------------------
Tests run: 1, Failures: 0, Errors: 1, Skipped: 0, Time elapsed: 0.001 s <<< FAILURE! - in io.github.moacirrf.javadecompiler.ExceptionHandler_handleException_16687867892
test(io.github.moacirrf.javadecompiler.ExceptionHandler_handleException_16687867892)  Time elapsed: 0.001 s  <<< ERROR!
java.lang.NullPointerException
	at io.github.moacirrf.javadecompiler.ExceptionHandler_handleException_16687867892.test(ExceptionHandler_handleException_16687867892.java:44)

