-------------------------------------------------------------------------------
Test set: io.github.moacirrf.javadecompiler.ExceptionHandler_handleException_16687867890
-------------------------------------------------------------------------------
Tests run: 1, Failures: 0, Errors: 1, Skipped: 0, Time elapsed: 0 s <<< FAILURE! - in io.github.moacirrf.javadecompiler.ExceptionHandler_handleException_16687867890
test(io.github.moacirrf.javadecompiler.ExceptionHandler_handleException_16687867890)  Time elapsed: 0 s  <<< ERROR!
java.lang.ClassNotFoundException: kex.java.lang.Double
	at io.github.moacirrf.javadecompiler.ExceptionHandler_handleException_16687867890.setup(ExceptionHandler_handleException_16687867890.java:45)

