-------------------------------------------------------------------------------
Test set: io.github.moacirrf.javadecompiler.cfr.NetbeansClassFileSourceImpl_ESTest
-------------------------------------------------------------------------------
Tests run: 12, Failures: 3, Errors: 0, Skipped: 0, Time elapsed: 0.133 s <<< FAILURE! - in io.github.moacirrf.javadecompiler.cfr.NetbeansClassFileSourceImpl_ESTest
test07(io.github.moacirrf.javadecompiler.cfr.NetbeansClassFileSourceImpl_ESTest)  Time elapsed: 0.007 s  <<< FAILURE!
java.lang.AssertionError: childName: /io.github.moacirrf.javadecompiler.cfr.NetbeansClassFileSourceImpl.class folderName: /
	at io.github.moacirrf.javadecompiler.cfr.NetbeansClassFileSourceImpl_ESTest.test07(NetbeansClassFileSourceImpl_ESTest.java:123)

test04(io.github.moacirrf.javadecompiler.cfr.NetbeansClassFileSourceImpl_ESTest)  Time elapsed: 0.008 s  <<< FAILURE!
java.lang.AssertionError: childName: /classfile-root.class folderName: /
	at io.github.moacirrf.javadecompiler.cfr.NetbeansClassFileSourceImpl_ESTest.test04(NetbeansClassFileSourceImpl_ESTest.java:82)

test05(io.github.moacirrf.javadecompiler.cfr.NetbeansClassFileSourceImpl_ESTest)  Time elapsed: 0.032 s  <<< FAILURE!
java.lang.AssertionError: childName: /io.github.moacirrf.javadecompiler.cfr.NetbeansClassFileSourceImpl.class folderName: /
	at io.github.moacirrf.javadecompiler.cfr.NetbeansClassFileSourceImpl_ESTest.test05(NetbeansClassFileSourceImpl_ESTest.java:99)

