-------------------------------------------------------------------------------
Test set: io.github.moacirrf.javadecompiler.files.TempDir_clearTempFolder_16494910937
-------------------------------------------------------------------------------
Tests run: 1, Failures: 0, Errors: 1, Skipped: 0, Time elapsed: 0.007 s <<< FAILURE! - in io.github.moacirrf.javadecompiler.files.TempDir_clearTempFolder_16494910937
test(io.github.moacirrf.javadecompiler.files.TempDir_clearTempFolder_16494910937)  Time elapsed: 0.007 s  <<< ERROR!
java.lang.NullPointerException
	at io.github.moacirrf.javadecompiler.files.TempDir_clearTempFolder_16494910937.test(TempDir_clearTempFolder_16494910937.java:44)

