GROUP,PACKAGE,CLASS,INSTRUCTION_MISSED,INSTRUCTION_COVERED,BRANCH_MISSED,BRANCH_COVERED,LINE_MISSED,LINE_COVERED,COMPLEXITY_MISSED,COMPLEXITY_COVERED,METHOD_MISSED,METHOD_COVERED
treetable,net.byteseek.swing.treetable,TreeTableColumnSortStrategy,258,0,30,0,68,0,36,0,19,0
treetable,net.byteseek.swing.treetable,TreeCellRenderer,350,0,26,0,69,0,39,0,26,0
treetable,net.byteseek.swing.treetable,TreeTableModel.TreeTableCollapseAction,12,0,0,0,2,0,2,0,2,0
treetable,net.byteseek.swing.treetable,TreeTableRowSorter,1557,0,188,0,392,0,154,0,60,0
treetable,net.byteseek.swing.treetable,TableUtils.AWTMouseListenerReplacer,96,0,16,0,31,0,16,0,6,0
treetable,net.byteseek.swing.treetable,TreeTableRowSorter.SortRow,34,0,0,0,8,0,4,0,4,0
treetable,net.byteseek.swing.treetable,TreeTableModel.new MouseAdapter() {...},11,0,0,0,3,0,2,0,2,0
treetable,net.byteseek.swing.treetable,TableUtils.HeaderSortResizeMouseClickListener,45,0,12,0,9,0,8,0,2,0
treetable,net.byteseek.swing.treetable,TreeUtils,469,0,54,0,108,0,49,0,22,0
treetable,net.byteseek.swing.treetable,Comparators,96,0,24,0,14,0,18,0,6,0
treetable,net.byteseek.swing.treetable,TreeCellRenderer.ExpandHandleBorder,59,0,8,0,9,0,8,0,4,0
treetable,net.byteseek.swing.treetable,TreeTableHeaderRenderer.SortIconBorder,130,0,8,0,25,0,10,0,6,0
treetable,net.byteseek.swing.treetable,TreeTableModel.TreeTableNavigateChildrenAction,55,0,10,0,13,0,7,0,2,0
treetable,net.byteseek.swing.treetable,TreeUtils.CSVTableHeaderInfo,21,0,0,0,8,0,4,0,4,0
treetable,net.byteseek.swing.treetable,TreeTableModel.TreeTableNavigateParentAction,61,0,10,0,14,0,7,0,2,0
treetable,net.byteseek.swing.treetable,TableUtils.AWTMouseListenerReplacer.new HierarchyListener() {...},22,0,4,0,5,0,4,0,2,0
treetable,net.byteseek.swing.treetable,TreeTableModel.TreeTableToggleExpandAction,9,0,0,0,2,0,2,0,2,0
treetable,net.byteseek.swing.treetable,TreeTableModel.TreeTableExpandAction,16,0,2,0,2,0,3,0,2,0
treetable,net.byteseek.swing.treetable,TreeTableColumnSortStrategy.NewSortKeyPosition,24,0,0,0,3,0,1,0,1,0
treetable,net.byteseek.swing.treetable,TreeTableModel.TreeTableAbstractAction,38,0,6,0,9,0,5,0,2,0
treetable,net.byteseek.swing.treetable,TreeTableModelObjectArray,26,0,2,0,7,0,4,0,3,0
treetable,net.byteseek.swing.treetable,TableUtils.HeaderSortMouseDoubleClickListener,28,0,6,0,6,0,5,0,2,0
treetable,net.byteseek.swing.treetable,TreeNodeComparator,127,0,26,0,31,0,16,0,3,0
treetable,net.byteseek.swing.treetable,TreeTableColumnSortStrategy.RemoveSortKeyAction,34,0,0,0,4,0,1,0,1,0
treetable,net.byteseek.swing.treetable,TreeTableHeaderRenderer,288,0,26,0,77,0,35,0,22,0
treetable,net.byteseek.swing.treetable,TreeTableModel,2963,0,416,0,676,0,371,0,163,0
treetable,net.byteseek.swing.treetable,TreeUtils.CSVTreeTableRowIterator,91,0,2,0,20,0,5,0,4,0
treetable,net.byteseek.swing.treetable,TreeUtils.TreeTableRow,36,0,0,0,16,0,8,0,8,0
treetable,net.byteseek.swing.treetable,TreeTableColumnSortStrategy.UpdateSortKeyPosition,24,0,0,0,3,0,1,0,1,0
treetable,net.byteseek.swing.treetable,TableUtils,261,0,38,0,57,0,34,0,15,0
treetable,net.byteseek.demo.treetable,MyObject,60,0,0,0,21,0,11,0,11,0
treetable,net.byteseek.demo.treetable,MyObjectForm.new DocumentListener() {...},50,0,4,0,13,0,8,0,6,0
treetable,net.byteseek.demo.treetable,MyObjectForm.new TreeTableModel.ExpandCollapseListener() {...},17,0,2,0,5,0,4,0,3,0
treetable,net.byteseek.demo.treetable,MyObjectTreeTableModel,174,0,26,0,55,0,29,0,12,0
treetable,net.byteseek.demo.treetable,MyObjectForm,573,0,20,0,123,0,30,0,20,0
treetable,net.byteseek.demo.treetable,CSVTree,154,0,8,0,37,0,9,0,5,0
treetable,net.byteseek.utils.collections,BlockModifyArrayList,697,0,68,0,147,0,56,0,22,0
