GROUP,PACKAGE,CLASS,INSTRUCTION_MISSED,INSTRUCTION_COVERED,BRANCH_MISSED,BRANCH_COVERED,LINE_MISSED,LINE_COVERED,COMPLEXITY_MISSED,COMPLEXITY_COVERED,METHOD_MISSED,METHOD_COVERED
treetable,net.byteseek.swing.treetable,TreeTableColumnSortStrategy,115,143,19,11,28,40,18,18,3,16
treetable,net.byteseek.swing.treetable,TreeCellRenderer,265,85,21,5,42,27,26,13,13,13
treetable,net.byteseek.swing.treetable,TreeTableModel.TreeTableCollapseAction,5,7,0,0,1,1,1,1,1,1
treetable,net.byteseek.swing.treetable,TreeTableRowSorter,1120,437,133,55,268,124,91,63,14,46
treetable,net.byteseek.swing.treetable,TableUtils.AWTMouseListenerReplacer,65,31,15,1,20,11,11,5,1,5
treetable,net.byteseek.swing.treetable,TreeTableRowSorter.SortRow,21,13,0,0,2,6,2,2,2,2
treetable,net.byteseek.swing.treetable,TreeTableModel.new MouseAdapter() {...},5,6,0,0,2,1,1,1,1,1
treetable,net.byteseek.swing.treetable,TableUtils.HeaderSortResizeMouseClickListener,42,3,12,0,8,1,7,1,1,1
treetable,net.byteseek.swing.treetable,TreeUtils,341,128,45,9,73,35,32,17,8,14
treetable,net.byteseek.swing.treetable,Comparators,82,14,24,0,8,6,17,1,5,1
treetable,net.byteseek.swing.treetable,TreeCellRenderer.ExpandHandleBorder,51,8,8,0,7,2,6,2,2,2
treetable,net.byteseek.swing.treetable,TreeTableHeaderRenderer.SortIconBorder,110,20,8,0,21,4,7,3,3,3
treetable,net.byteseek.swing.treetable,TreeTableModel.TreeTableNavigateChildrenAction,42,13,9,1,9,4,5,2,0,2
treetable,net.byteseek.swing.treetable,TreeUtils.CSVTableHeaderInfo,0,21,0,0,0,8,0,4,0,4
treetable,net.byteseek.swing.treetable,TreeTableModel.TreeTableNavigateParentAction,48,13,9,1,10,4,5,2,0,2
treetable,net.byteseek.swing.treetable,TableUtils.AWTMouseListenerReplacer.new HierarchyListener() {...},9,13,3,1,3,2,2,2,0,2
treetable,net.byteseek.swing.treetable,TreeTableModel.TreeTableToggleExpandAction,0,9,0,0,0,2,0,2,0,2
treetable,net.byteseek.swing.treetable,TreeTableModel.TreeTableExpandAction,9,7,2,0,1,1,2,1,1,1
treetable,net.byteseek.swing.treetable,TreeTableColumnSortStrategy.NewSortKeyPosition,0,24,0,0,0,3,0,1,0,1
treetable,net.byteseek.swing.treetable,TreeTableModel.TreeTableAbstractAction,32,6,6,0,8,1,4,1,1,1
treetable,net.byteseek.swing.treetable,TreeTableModelObjectArray,12,14,2,0,2,5,2,2,1,2
treetable,net.byteseek.swing.treetable,TableUtils.HeaderSortMouseDoubleClickListener,22,6,6,0,3,3,4,1,1,1
treetable,net.byteseek.swing.treetable,TreeNodeComparator,112,15,26,0,25,6,13,3,0,3
treetable,net.byteseek.swing.treetable,TreeTableColumnSortStrategy.RemoveSortKeyAction,0,34,0,0,0,4,0,1,0,1
treetable,net.byteseek.swing.treetable,TreeTableHeaderRenderer,173,115,21,5,41,36,19,16,6,16
treetable,net.byteseek.swing.treetable,TreeTableModel,2538,425,386,30,570,106,344,27,137,26
treetable,net.byteseek.swing.treetable,TreeUtils.CSVTreeTableRowIterator,47,44,2,0,7,13,1,4,0,4
treetable,net.byteseek.swing.treetable,TreeUtils.TreeTableRow,0,36,0,0,0,16,0,8,0,8
treetable,net.byteseek.swing.treetable,TreeTableColumnSortStrategy.UpdateSortKeyPosition,0,24,0,0,0,3,0,1,0,1
treetable,net.byteseek.swing.treetable,TableUtils,118,143,21,17,22,35,16,18,0,15
treetable,net.byteseek.demo.treetable,MyObject,0,60,0,0,0,21,0,11,0,11
treetable,net.byteseek.demo.treetable,MyObjectForm.new DocumentListener() {...},44,6,4,0,12,1,7,1,5,1
treetable,net.byteseek.demo.treetable,MyObjectForm.new TreeTableModel.ExpandCollapseListener() {...},9,8,2,0,3,2,2,2,1,2
treetable,net.byteseek.demo.treetable,MyObjectTreeTableModel,120,54,23,3,37,18,21,8,4,8
treetable,net.byteseek.demo.treetable,MyObjectForm,214,359,8,12,48,75,10,20,6,14
treetable,net.byteseek.demo.treetable,CSVTree,117,37,7,1,26,11,4,5,0,5
treetable,net.byteseek.utils.collections,BlockModifyArrayList,472,225,49,19,94,53,39,17,8,14
