-------------------------------------------------------------------------------
Test set: tech.jiayezheng.miniJuliaSonar.type.VectorType_ESTest
-------------------------------------------------------------------------------
Tests run: 20, Failures: 0, Errors: 1, Skipped: 0, Time elapsed: 4.159 sec <<< FAILURE!
test07(tech.jiayezheng.miniJuliaSonar.type.VectorType_ESTest)  Time elapsed: 4.014 sec  <<< ERROR!
org.junit.runners.model.TestTimedOutException: test timed out after 4000 milliseconds
	at app//tech.jiayezheng.miniJuliaSonar.type.VectorType.toTupleType(VectorType.java:53)
	at app//tech.jiayezheng.miniJuliaSonar.type.VectorType_ESTest.test07(VectorType_ESTest.java:88)
	at java.base@11.0.16/jdk.internal.reflect.NativeMethodAccessorImpl.invoke0(Native Method)
	at java.base@11.0.16/jdk.internal.reflect.NativeMethodAccessorImpl.invoke(NativeMethodAccessorImpl.java:62)
	at java.base@11.0.16/jdk.internal.reflect.DelegatingMethodAccessorImpl.invoke(DelegatingMethodAccessorImpl.java:43)
	at java.base@11.0.16/java.lang.reflect.Method.invoke(Method.java:566)
	at app//org.junit.runners.model.FrameworkMethod$1.runReflectiveCall(FrameworkMethod.java:59)
	at app//org.junit.internal.runners.model.ReflectiveCallable.run(ReflectiveCallable.java:12)
	at app//org.junit.runners.model.FrameworkMethod.invokeExplosively(FrameworkMethod.java:56)
	at app//org.junit.internal.runners.statements.InvokeMethod.evaluate(InvokeMethod.java:17)
	at app//org.junit.internal.runners.statements.FailOnTimeout$CallableStatement.call(FailOnTimeout.java:299)
	at app//org.junit.internal.runners.statements.FailOnTimeout$CallableStatement.call(FailOnTimeout.java:293)
	at java.base@11.0.16/java.util.concurrent.FutureTask.run(FutureTask.java:264)
	at java.base@11.0.16/java.lang.Thread.run(Thread.java:829)

