-------------------------------------------------------------------------------
Test set: net.byteseek.swing.treetable.TreeTableRowSorter_ESTest
-------------------------------------------------------------------------------
Tests run: 127, Failures: 0, Errors: 1, Skipped: 0, Time elapsed: 2.057 sec <<< FAILURE!
test092(net.byteseek.swing.treetable.TreeTableRowSorter_ESTest)  Time elapsed: 0.002 sec  <<< ERROR!
java.lang.NoClassDefFoundError: sun/awt/image/ImageWatched
	at java.desktop/sun.awt.image.ToolkitImage.makeImageRep(ToolkitImage.java:295)
	at java.desktop/sun.awt.image.ToolkitImage.getImageRep(ToolkitImage.java:304)
	at java.desktop/sun.awt.image.ToolkitImage.addWatcher(ToolkitImage.java:218)
	at java.desktop/sun.awt.image.ToolkitImage.getProperty(ToolkitImage.java:169)
	at java.desktop/javax.swing.ImageIcon.<init>(ImageIcon.java:290)
	at java.desktop/sun.swing.ImageIconUIResource.<init>(ImageIconUIResource.java:48)
	at java.desktop/sun.swing.SwingUtilities2.lambda$makeIcon$1(SwingUtilities2.java:1729)
	at java.desktop/javax.swing.UIDefaults.getFromHashtable(UIDefaults.java:224)
	at java.desktop/javax.swing.UIDefaults.get(UIDefaults.java:169)
	at java.desktop/javax.swing.MultiUIDefaults.get(MultiUIDefaults.java:65)
	at java.desktop/javax.swing.UIDefaults.getIcon(UIDefaults.java:480)
	at java.desktop/javax.swing.UIManager.getIcon(UIManager.java:780)
	at net.byteseek.swing.treetable.TreeTableHeaderRenderer.<init>(TreeTableHeaderRenderer.java:190)
	at net.byteseek.swing.treetable.TreeTableHeaderRenderer.<init>(TreeTableHeaderRenderer.java:175)
	at net.byteseek.swing.treetable.TreeTableHeaderRenderer.<init>(TreeTableHeaderRenderer.java:167)
	at net.byteseek.swing.treetable.TreeTableModel.bindTable(TreeTableModel.java:381)
	at net.byteseek.swing.treetable.TreeTableRowSorter_ESTest.test092(TreeTableRowSorter_ESTest.java:1372)
	at java.base/jdk.internal.reflect.NativeMethodAccessorImpl.invoke0(Native Method)
	at java.base/jdk.internal.reflect.NativeMethodAccessorImpl.invoke(NativeMethodAccessorImpl.java:62)
	at java.base/jdk.internal.reflect.DelegatingMethodAccessorImpl.invoke(DelegatingMethodAccessorImpl.java:43)
	at java.base/java.lang.reflect.Method.invoke(Method.java:566)
	at org.junit.runners.model.FrameworkMethod$1.runReflectiveCall(FrameworkMethod.java:59)
	at org.junit.internal.runners.model.ReflectiveCallable.run(ReflectiveCallable.java:12)
	at org.junit.runners.model.FrameworkMethod.invokeExplosively(FrameworkMethod.java:56)
	at org.junit.internal.runners.statements.InvokeMethod.evaluate(InvokeMethod.java:17)
	at org.junit.internal.runners.statements.FailOnTimeout$CallableStatement.call(FailOnTimeout.java:299)
	at org.junit.internal.runners.statements.FailOnTimeout$CallableStatement.call(FailOnTimeout.java:293)
	at java.base/java.util.concurrent.FutureTask.run(FutureTask.java:264)
	at java.base/java.lang.Thread.run(Thread.java:829)

