-------------------------------------------------------------------------------
Test set: net.byteseek.demo.treetable.MyObjectForm_createTreeTableModel_3232797689
-------------------------------------------------------------------------------
Tests run: 1, Failures: 0, Errors: 1, Skipped: 0, Time elapsed: 0.002 sec <<< FAILURE!
test(net.byteseek.demo.treetable.MyObjectForm_createTreeTableModel_3232797689)  Time elapsed: 0 sec  <<< ERROR!
java.lang.IllegalArgumentException: Object cannot be null: rootNode
	at net.byteseek.swing.treetable.TreeTableModel.checkNull(TreeTableModel.java:2470)
	at net.byteseek.swing.treetable.TreeTableModel.<init>(TreeTableModel.java:311)
	at net.byteseek.demo.treetable.MyObjectTreeTableModel.<init>(MyObjectTreeTableModel.java:52)
	at net.byteseek.demo.treetable.MyObjectForm.createTreeTableModel(MyObjectForm.java:184)
	at java.base/jdk.internal.reflect.NativeMethodAccessorImpl.invoke0(Native Method)
	at java.base/jdk.internal.reflect.NativeMethodAccessorImpl.invoke(NativeMethodAccessorImpl.java:62)
	at java.base/jdk.internal.reflect.DelegatingMethodAccessorImpl.invoke(DelegatingMethodAccessorImpl.java:43)
	at java.base/java.lang.reflect.Method.invoke(Method.java:566)
	at net.byteseek.demo.treetable.ReflectionUtils.callMethod(ReflectionUtils.java:328)
	at net.byteseek.demo.treetable.MyObjectForm_createTreeTableModel_3232797689.test(MyObjectForm_createTreeTableModel_3232797689.java:58)
	at java.base/jdk.internal.reflect.NativeMethodAccessorImpl.invoke0(Native Method)
	at java.base/jdk.internal.reflect.NativeMethodAccessorImpl.invoke(NativeMethodAccessorImpl.java:62)
	at java.base/jdk.internal.reflect.DelegatingMethodAccessorImpl.invoke(DelegatingMethodAccessorImpl.java:43)
	at java.base/java.lang.reflect.Method.invoke(Method.java:566)
	at org.junit.runners.model.FrameworkMethod$1.runReflectiveCall(FrameworkMethod.java:59)
	at org.junit.internal.runners.model.ReflectiveCallable.run(ReflectiveCallable.java:12)
	at org.junit.runners.model.FrameworkMethod.invokeExplosively(FrameworkMethod.java:56)
	at org.junit.internal.runners.statements.InvokeMethod.evaluate(InvokeMethod.java:17)
	at org.junit.internal.runners.statements.RunBefores.evaluate(RunBefores.java:26)
	at org.junit.internal.runners.statements.FailOnTimeout$CallableStatement.call(FailOnTimeout.java:299)
	at org.junit.internal.runners.statements.FailOnTimeout$CallableStatement.call(FailOnTimeout.java:293)
	at java.base/java.util.concurrent.FutureTask.run(FutureTask.java:264)
	at java.base/java.lang.Thread.run(Thread.java:829)

