-------------------------------------------------------------------------------
Test set: net.byteseek.swing.treetable.TreeTableRowSorter_modelStructureChanged_177646909312
-------------------------------------------------------------------------------
Tests run: 1, Failures: 0, Errors: 1, Skipped: 0, Time elapsed: 0.001 sec <<< FAILURE!
test(net.byteseek.swing.treetable.TreeTableRowSorter_modelStructureChanged_177646909312)  Time elapsed: 0.001 sec  <<< ERROR!
java.lang.NegativeArraySizeException: -1456184732
	at net.byteseek.swing.treetable.TreeTableRowSorter.buildViewToModelAsInts(TreeTableRowSorter.java:617)
	at net.byteseek.swing.treetable.TreeTableRowSorter.sort(TreeTableRowSorter.java:562)
	at net.byteseek.swing.treetable.TreeTableRowSorter.buildSortIndices(TreeTableRowSorter.java:531)
	at net.byteseek.swing.treetable.TreeTableRowSorter.modelStructureChanged(TreeTableRowSorter.java:303)
	at java.base/jdk.internal.reflect.NativeMethodAccessorImpl.invoke0(Native Method)
	at java.base/jdk.internal.reflect.NativeMethodAccessorImpl.invoke(NativeMethodAccessorImpl.java:62)
	at java.base/jdk.internal.reflect.DelegatingMethodAccessorImpl.invoke(DelegatingMethodAccessorImpl.java:43)
	at java.base/java.lang.reflect.Method.invoke(Method.java:566)
	at net.byteseek.swing.treetable.ReflectionUtils.callMethod(ReflectionUtils.java:328)
	at net.byteseek.swing.treetable.TreeTableRowSorter_modelStructureChanged_177646909312.test(TreeTableRowSorter_modelStructureChanged_177646909312.java:94)
	at java.base/jdk.internal.reflect.NativeMethodAccessorImpl.invoke0(Native Method)
	at java.base/jdk.internal.reflect.NativeMethodAccessorImpl.invoke(NativeMethodAccessorImpl.java:62)
	at java.base/jdk.internal.reflect.DelegatingMethodAccessorImpl.invoke(DelegatingMethodAccessorImpl.java:43)
	at java.base/java.lang.reflect.Method.invoke(Method.java:566)
	at org.junit.runners.model.FrameworkMethod$1.runReflectiveCall(FrameworkMethod.java:59)
	at org.junit.internal.runners.model.ReflectiveCallable.run(ReflectiveCallable.java:12)
	at org.junit.runners.model.FrameworkMethod.invokeExplosively(FrameworkMethod.java:56)
	at org.junit.internal.runners.statements.InvokeMethod.evaluate(InvokeMethod.java:17)
	at org.junit.internal.runners.statements.RunBefores.evaluate(RunBefores.java:26)
	at org.junit.internal.runners.statements.FailOnTimeout$CallableStatement.call(FailOnTimeout.java:299)
	at org.junit.internal.runners.statements.FailOnTimeout$CallableStatement.call(FailOnTimeout.java:293)
	at java.base/java.util.concurrent.FutureTask.run(FutureTask.java:264)
	at java.base/java.lang.Thread.run(Thread.java:829)

