-------------------------------------------------------------------------------
Test set: net.byteseek.swing.treetable.TableUtils_HeaderSortResizeMouseClickListener_mouseClicked_18038508111
-------------------------------------------------------------------------------
Tests run: 1, Failures: 0, Errors: 1, Skipped: 0, Time elapsed: 0.001 sec <<< FAILURE!
test(net.byteseek.swing.treetable.TableUtils_HeaderSortResizeMouseClickListener_mouseClicked_18038508111)  Time elapsed: 0.001 sec  <<< ERROR!
java.lang.IllegalArgumentException: button doesn't exist 972867650
	at java.desktop/java.awt.event.InputEvent.getMaskForButton(InputEvent.java:273)
	at java.desktop/java.awt.event.MouseEvent.getModifiersEx(MouseEvent.java:654)
	at java.desktop/javax.swing.SwingUtilities.checkMouseButton(SwingUtilities.java:883)
	at java.desktop/javax.swing.SwingUtilities.isLeftMouseButton(SwingUtilities.java:895)
	at net.byteseek.swing.treetable.TableUtils$HeaderSortResizeMouseClickListener.mouseClicked(TableUtils.java:290)
	at java.base/jdk.internal.reflect.NativeMethodAccessorImpl.invoke0(Native Method)
	at java.base/jdk.internal.reflect.NativeMethodAccessorImpl.invoke(NativeMethodAccessorImpl.java:62)
	at java.base/jdk.internal.reflect.DelegatingMethodAccessorImpl.invoke(DelegatingMethodAccessorImpl.java:43)
	at java.base/java.lang.reflect.Method.invoke(Method.java:566)
	at net.byteseek.swing.treetable.ReflectionUtils.callMethod(ReflectionUtils.java:328)
	at net.byteseek.swing.treetable.TableUtils_HeaderSortResizeMouseClickListener_mouseClicked_18038508111.test(TableUtils_HeaderSortResizeMouseClickListener_mouseClicked_18038508111.java:163)
	at java.base/jdk.internal.reflect.NativeMethodAccessorImpl.invoke0(Native Method)
	at java.base/jdk.internal.reflect.NativeMethodAccessorImpl.invoke(NativeMethodAccessorImpl.java:62)
	at java.base/jdk.internal.reflect.DelegatingMethodAccessorImpl.invoke(DelegatingMethodAccessorImpl.java:43)
	at java.base/java.lang.reflect.Method.invoke(Method.java:566)
	at org.junit.runners.model.FrameworkMethod$1.runReflectiveCall(FrameworkMethod.java:59)
	at org.junit.internal.runners.model.ReflectiveCallable.run(ReflectiveCallable.java:12)
	at org.junit.runners.model.FrameworkMethod.invokeExplosively(FrameworkMethod.java:56)
	at org.junit.internal.runners.statements.InvokeMethod.evaluate(InvokeMethod.java:17)
	at org.junit.internal.runners.statements.RunBefores.evaluate(RunBefores.java:26)
	at org.junit.internal.runners.statements.FailOnTimeout$CallableStatement.call(FailOnTimeout.java:299)
	at org.junit.internal.runners.statements.FailOnTimeout$CallableStatement.call(FailOnTimeout.java:293)
	at java.base/java.util.concurrent.FutureTask.run(FutureTask.java:264)
	at java.base/java.lang.Thread.run(Thread.java:829)

