-------------------------------------------------------------------------------
Test set: net.byteseek.swing.treetable.TableUtils_ESTest
-------------------------------------------------------------------------------
Tests run: 64, Failures: 0, Errors: 2, Skipped: 0, Time elapsed: 1.027 sec <<< FAILURE!
test61(net.byteseek.swing.treetable.TableUtils_ESTest)  Time elapsed: 0.006 sec  <<< ERROR!
java.lang.SecurityException: Security manager blocks ("java.awt.AWTPermission" "listenToAllAWTEvents")
java.base/java.lang.Thread.getStackTrace(Thread.java:1602)
org.evosuite.runtime.sandbox.MSecurityManager.checkPermission(MSecurityManager.java:433)
java.desktop/java.awt.Toolkit.addAWTEventListener(Toolkit.java:1818)
java.desktop/sun.awt.HeadlessToolkit.addAWTEventListener(HeadlessToolkit.java:383)
net.byteseek.swing.treetable.TableUtils$AWTMouseListenerReplacer.activate(TableUtils.java:369)
net.byteseek.swing.treetable.TableUtils_ESTest.test61(TableUtils_ESTest.java:611)
java.base/jdk.internal.reflect.NativeMethodAccessorImpl.invoke0(Native Method)
java.base/jdk.internal.reflect.NativeMethodAccessorImpl.invoke(NativeMethodAccessorImpl.java:62)
java.base/jdk.internal.reflect.DelegatingMethodAccessorImpl.invoke(DelegatingMethodAccessorImpl.java:43)
java.base/java.lang.reflect.Method.invoke(Method.java:566)
org.junit.runners.model.FrameworkMethod$1.runReflectiveCall(FrameworkMethod.java:59)
org.junit.internal.runners.model.ReflectiveCallable.run(ReflectiveCallable.java:12)
org.junit.runners.model.FrameworkMethod.invokeExplosively(FrameworkMethod.java:56)
org.junit.internal.runners.statements.InvokeMethod.evaluate(InvokeMethod.java:17)
org.junit.internal.runners.statements.FailOnTimeout$CallableStatement.call(FailOnTimeout.java:299)
org.junit.internal.runners.statements.FailOnTimeout$CallableStatement.call(FailOnTimeout.java:293)
java.base/java.util.concurrent.FutureTask.run(FutureTask.java:264)
java.base/java.lang.Thread.run(Thread.java:829)

	at org.evosuite.runtime.sandbox.MSecurityManager.checkPermission(MSecurityManager.java:445)
	at java.desktop/java.awt.Toolkit.addAWTEventListener(Toolkit.java:1818)
	at java.desktop/sun.awt.HeadlessToolkit.addAWTEventListener(HeadlessToolkit.java:383)
	at net.byteseek.swing.treetable.TableUtils$AWTMouseListenerReplacer.activate(TableUtils.java:369)
	at net.byteseek.swing.treetable.TableUtils_ESTest.test61(TableUtils_ESTest.java:611)
	at java.base/jdk.internal.reflect.NativeMethodAccessorImpl.invoke0(Native Method)
	at java.base/jdk.internal.reflect.NativeMethodAccessorImpl.invoke(NativeMethodAccessorImpl.java:62)
	at java.base/jdk.internal.reflect.DelegatingMethodAccessorImpl.invoke(DelegatingMethodAccessorImpl.java:43)
	at java.base/java.lang.reflect.Method.invoke(Method.java:566)
	at org.junit.runners.model.FrameworkMethod$1.runReflectiveCall(FrameworkMethod.java:59)
	at org.junit.internal.runners.model.ReflectiveCallable.run(ReflectiveCallable.java:12)
	at org.junit.runners.model.FrameworkMethod.invokeExplosively(FrameworkMethod.java:56)
	at org.junit.internal.runners.statements.InvokeMethod.evaluate(InvokeMethod.java:17)
	at org.junit.internal.runners.statements.FailOnTimeout$CallableStatement.call(FailOnTimeout.java:299)
	at org.junit.internal.runners.statements.FailOnTimeout$CallableStatement.call(FailOnTimeout.java:293)
	at java.base/java.util.concurrent.FutureTask.run(FutureTask.java:264)
	at java.base/java.lang.Thread.run(Thread.java:829)

test63(net.byteseek.swing.treetable.TableUtils_ESTest)  Time elapsed: 0.002 sec  <<< ERROR!
java.lang.SecurityException: Security manager blocks ("java.awt.AWTPermission" "listenToAllAWTEvents")
java.base/java.lang.Thread.getStackTrace(Thread.java:1602)
org.evosuite.runtime.sandbox.MSecurityManager.checkPermission(MSecurityManager.java:433)
java.desktop/java.awt.Toolkit.removeAWTEventListener(Toolkit.java:1887)
java.desktop/sun.awt.HeadlessToolkit.removeAWTEventListener(HeadlessToolkit.java:388)
net.byteseek.swing.treetable.TableUtils$AWTMouseListenerReplacer.deactivate(TableUtils.java:377)
net.byteseek.swing.treetable.TableUtils_ESTest.test63(TableUtils_ESTest.java:628)
java.base/jdk.internal.reflect.NativeMethodAccessorImpl.invoke0(Native Method)
java.base/jdk.internal.reflect.NativeMethodAccessorImpl.invoke(NativeMethodAccessorImpl.java:62)
java.base/jdk.internal.reflect.DelegatingMethodAccessorImpl.invoke(DelegatingMethodAccessorImpl.java:43)
java.base/java.lang.reflect.Method.invoke(Method.java:566)
org.junit.runners.model.FrameworkMethod$1.runReflectiveCall(FrameworkMethod.java:59)
org.junit.internal.runners.model.ReflectiveCallable.run(ReflectiveCallable.java:12)
org.junit.runners.model.FrameworkMethod.invokeExplosively(FrameworkMethod.java:56)
org.junit.internal.runners.statements.InvokeMethod.evaluate(InvokeMethod.java:17)
org.junit.internal.runners.statements.FailOnTimeout$CallableStatement.call(FailOnTimeout.java:299)
org.junit.internal.runners.statements.FailOnTimeout$CallableStatement.call(FailOnTimeout.java:293)
java.base/java.util.concurrent.FutureTask.run(FutureTask.java:264)
java.base/java.lang.Thread.run(Thread.java:829)

	at org.evosuite.runtime.sandbox.MSecurityManager.checkPermission(MSecurityManager.java:445)
	at java.desktop/java.awt.Toolkit.removeAWTEventListener(Toolkit.java:1887)
	at java.desktop/sun.awt.HeadlessToolkit.removeAWTEventListener(HeadlessToolkit.java:388)
	at net.byteseek.swing.treetable.TableUtils$AWTMouseListenerReplacer.deactivate(TableUtils.java:377)
	at net.byteseek.swing.treetable.TableUtils_ESTest.test63(TableUtils_ESTest.java:628)
	at java.base/jdk.internal.reflect.NativeMethodAccessorImpl.invoke0(Native Method)
	at java.base/jdk.internal.reflect.NativeMethodAccessorImpl.invoke(NativeMethodAccessorImpl.java:62)
	at java.base/jdk.internal.reflect.DelegatingMethodAccessorImpl.invoke(DelegatingMethodAccessorImpl.java:43)
	at java.base/java.lang.reflect.Method.invoke(Method.java:566)
	at org.junit.runners.model.FrameworkMethod$1.runReflectiveCall(FrameworkMethod.java:59)
	at org.junit.internal.runners.model.ReflectiveCallable.run(ReflectiveCallable.java:12)
	at org.junit.runners.model.FrameworkMethod.invokeExplosively(FrameworkMethod.java:56)
	at org.junit.internal.runners.statements.InvokeMethod.evaluate(InvokeMethod.java:17)
	at org.junit.internal.runners.statements.FailOnTimeout$CallableStatement.call(FailOnTimeout.java:299)
	at org.junit.internal.runners.statements.FailOnTimeout$CallableStatement.call(FailOnTimeout.java:293)
	at java.base/java.util.concurrent.FutureTask.run(FutureTask.java:264)
	at java.base/java.lang.Thread.run(Thread.java:829)

