-------------------------------------------------------------------------------
Test set: net.byteseek.swing.treetable.TreeTableRowSorter_checkInsertionPoint_8491938658
-------------------------------------------------------------------------------
Tests run: 1, Failures: 0, Errors: 1, Skipped: 0, Time elapsed: 0.004 sec <<< FAILURE!
test(net.byteseek.swing.treetable.TreeTableRowSorter_checkInsertionPoint_8491938658)  Time elapsed: 0.004 sec  <<< ERROR!
java.lang.RuntimeException: BUG in TreeTableRowSorter: a new SortRow with model index: -1628536749 was found to already exist in the ViewToModelIndex at position 748022063
	at net.byteseek.swing.treetable.TreeTableRowSorter.checkInsertionPoint(TreeTableRowSorter.java:1318)
	at java.base/jdk.internal.reflect.NativeMethodAccessorImpl.invoke0(Native Method)
	at java.base/jdk.internal.reflect.NativeMethodAccessorImpl.invoke(NativeMethodAccessorImpl.java:62)
	at java.base/jdk.internal.reflect.DelegatingMethodAccessorImpl.invoke(DelegatingMethodAccessorImpl.java:43)
	at java.base/java.lang.reflect.Method.invoke(Method.java:566)
	at net.byteseek.swing.treetable.ReflectionUtils.callMethod(ReflectionUtils.java:328)
	at net.byteseek.swing.treetable.TreeTableRowSorter_checkInsertionPoint_8491938658.test(TreeTableRowSorter_checkInsertionPoint_8491938658.java:157)
	at java.base/jdk.internal.reflect.NativeMethodAccessorImpl.invoke0(Native Method)
	at java.base/jdk.internal.reflect.NativeMethodAccessorImpl.invoke(NativeMethodAccessorImpl.java:62)
	at java.base/jdk.internal.reflect.DelegatingMethodAccessorImpl.invoke(DelegatingMethodAccessorImpl.java:43)
	at java.base/java.lang.reflect.Method.invoke(Method.java:566)
	at org.junit.runners.model.FrameworkMethod$1.runReflectiveCall(FrameworkMethod.java:59)
	at org.junit.internal.runners.model.ReflectiveCallable.run(ReflectiveCallable.java:12)
	at org.junit.runners.model.FrameworkMethod.invokeExplosively(FrameworkMethod.java:56)
	at org.junit.internal.runners.statements.InvokeMethod.evaluate(InvokeMethod.java:17)
	at org.junit.internal.runners.statements.RunBefores.evaluate(RunBefores.java:26)
	at org.junit.internal.runners.statements.FailOnTimeout$CallableStatement.call(FailOnTimeout.java:299)
	at org.junit.internal.runners.statements.FailOnTimeout$CallableStatement.call(FailOnTimeout.java:293)
	at java.base/java.util.concurrent.FutureTask.run(FutureTask.java:264)
	at java.base/java.lang.Thread.run(Thread.java:829)

