-------------------------------------------------------------------------------
Test set: net.byteseek.swing.treetable.TreeTableColumnSortStrategy_updateSortKey_59274579315
-------------------------------------------------------------------------------
Tests run: 1, Failures: 0, Errors: 1, Skipped: 0, Time elapsed: 0.129 sec <<< FAILURE!
test(net.byteseek.swing.treetable.TreeTableColumnSortStrategy_updateSortKey_59274579315)  Time elapsed: 0.129 sec  <<< ERROR!
java.lang.IndexOutOfBoundsException: Index: -1347665717, Size: 0
	at java.base/java.util.LinkedList.checkElementIndex(LinkedList.java:559)
	at java.base/java.util.LinkedList.get(LinkedList.java:480)
	at net.byteseek.swing.treetable.TreeTableColumnSortStrategy.updateSortKey(TreeTableColumnSortStrategy.java:313)
	at java.base/jdk.internal.reflect.NativeMethodAccessorImpl.invoke0(Native Method)
	at java.base/jdk.internal.reflect.NativeMethodAccessorImpl.invoke(NativeMethodAccessorImpl.java:62)
	at java.base/jdk.internal.reflect.DelegatingMethodAccessorImpl.invoke(DelegatingMethodAccessorImpl.java:43)
	at java.base/java.lang.reflect.Method.invoke(Method.java:566)
	at net.byteseek.swing.treetable.ReflectionUtils.callMethod(ReflectionUtils.java:328)
	at net.byteseek.swing.treetable.TreeTableColumnSortStrategy_updateSortKey_59274579315.test(TreeTableColumnSortStrategy_updateSortKey_59274579315.java:76)
	at java.base/jdk.internal.reflect.NativeMethodAccessorImpl.invoke0(Native Method)
	at java.base/jdk.internal.reflect.NativeMethodAccessorImpl.invoke(NativeMethodAccessorImpl.java:62)
	at java.base/jdk.internal.reflect.DelegatingMethodAccessorImpl.invoke(DelegatingMethodAccessorImpl.java:43)
	at java.base/java.lang.reflect.Method.invoke(Method.java:566)
	at org.junit.runners.model.FrameworkMethod$1.runReflectiveCall(FrameworkMethod.java:59)
	at org.junit.internal.runners.model.ReflectiveCallable.run(ReflectiveCallable.java:12)
	at org.junit.runners.model.FrameworkMethod.invokeExplosively(FrameworkMethod.java:56)
	at org.junit.internal.runners.statements.InvokeMethod.evaluate(InvokeMethod.java:17)
	at org.junit.internal.runners.statements.RunBefores.evaluate(RunBefores.java:26)
	at org.junit.internal.runners.statements.FailOnTimeout$CallableStatement.call(FailOnTimeout.java:299)
	at org.junit.internal.runners.statements.FailOnTimeout$CallableStatement.call(FailOnTimeout.java:293)
	at java.base/java.util.concurrent.FutureTask.run(FutureTask.java:264)
	at java.base/java.lang.Thread.run(Thread.java:829)

