<?xml version="1.0" encoding="UTF-8" ?>
<testsuite tests="59" failures="0" name="net.byteseek.swing.treetable.TreeCellRenderer_ESTest" time="1.331" errors="58" skipped="0">
  <properties>
[...]
</properties>
  <testcase classname="net.byteseek.swing.treetable.TreeCellRenderer_ESTest" name="test39" time="0.023">
    <error message="sun/awt/image/ImageWatched" type="java.lang.NoClassDefFoundError">java.lang.NoClassDefFoundError: sun/awt/image/ImageWatched
	at java.desktop/sun.awt.image.ToolkitImage.makeImageRep(ToolkitImage.java:295)
	at java.desktop/sun.awt.image.ToolkitImage.getImageRep(ToolkitImage.java:304)
	at java.desktop/sun.awt.image.ToolkitImage.addWatcher(ToolkitImage.java:218)
	at java.desktop/sun.awt.image.ToolkitImage.getProperty(ToolkitImage.java:169)
	at java.desktop/javax.swing.ImageIcon.&lt;init&gt;(ImageIcon.java:290)
	at java.desktop/sun.swing.ImageIconUIResource.&lt;init&gt;(ImageIconUIResource.java:48)
	at java.desktop/sun.swing.SwingUtilities2.lambda$makeIcon$1(SwingUtilities2.java:1729)
	at java.desktop/javax.swing.UIDefaults.getFromHashtable(UIDefaults.java:224)
	at java.desktop/javax.swing.UIDefaults.get(UIDefaults.java:169)
	at java.desktop/javax.swing.MultiUIDefaults.get(MultiUIDefaults.java:65)
	at java.desktop/javax.swing.UIDefaults.getIcon(UIDefaults.java:480)
	at java.desktop/javax.swing.UIManager.getIcon(UIManager.java:780)
	at net.byteseek.swing.treetable.TreeCellRenderer.&lt;init&gt;(TreeCellRenderer.java:128)
	at net.byteseek.swing.treetable.TreeCellRenderer_ESTest.test39(TreeCellRenderer_ESTest.java:570)
	at java.base/jdk.internal.reflect.NativeMethodAccessorImpl.invoke0(Native Method)
	at java.base/jdk.internal.reflect.NativeMethodAccessorImpl.invoke(NativeMethodAccessorImpl.java:62)
	at java.base/jdk.internal.reflect.DelegatingMethodAccessorImpl.invoke(DelegatingMethodAccessorImpl.java:43)
	at java.base/java.lang.reflect.Method.invoke(Method.java:566)
	at org.junit.runners.model.FrameworkMethod$1.runReflectiveCall(FrameworkMethod.java:59)
	at org.junit.internal.runners.model.ReflectiveCallable.run(ReflectiveCallable.java:12)
	at org.junit.runners.model.FrameworkMethod.invokeExplosively(FrameworkMethod.java:56)
	at org.junit.internal.runners.statements.InvokeMethod.evaluate(InvokeMethod.java:17)
	at org.junit.internal.runners.statements.FailOnTimeout$CallableStatement.call(FailOnTimeout.java:299)
	at org.junit.internal.runners.statements.FailOnTimeout$CallableStatement.call(FailOnTimeout.java:293)
	at java.base/java.util.concurrent.FutureTask.run(FutureTask.java:264)
	at java.base/java.lang.Thread.run(Thread.java:829)
</error>
  </testcase>
  <testcase classname="net.byteseek.swing.treetable.TreeCellRenderer_ESTest" name="test37" time="0.009">
    <error message="sun/awt/image/ImageWatched" type="java.lang.NoClassDefFoundError">java.lang.NoClassDefFoundError: sun/awt/image/ImageWatched
	at java.desktop/sun.awt.image.ToolkitImage.makeImageRep(ToolkitImage.java:295)
	at java.desktop/sun.awt.image.ToolkitImage.getImageRep(ToolkitImage.java:304)
	at java.desktop/sun.awt.image.ToolkitImage.addWatcher(ToolkitImage.java:218)
	at java.desktop/sun.awt.image.ToolkitImage.getProperty(ToolkitImage.java:169)
	at java.desktop/javax.swing.ImageIcon.&lt;init&gt;(ImageIcon.java:290)
	at java.desktop/sun.swing.ImageIconUIResource.&lt;init&gt;(ImageIconUIResource.java:48)
	at java.desktop/sun.swing.SwingUtilities2.lambda$makeIcon$1(SwingUtilities2.java:1729)
	at java.desktop/javax.swing.UIDefaults.getFromHashtable(UIDefaults.java:224)
	at java.desktop/javax.swing.UIDefaults.get(UIDefaults.java:169)
	at java.desktop/javax.swing.MultiUIDefaults.get(MultiUIDefaults.java:65)
	at java.desktop/javax.swing.UIDefaults.getIcon(UIDefaults.java:480)
	at java.desktop/javax.swing.UIManager.getIcon(UIManager.java:780)
	at net.byteseek.swing.treetable.TreeCellRenderer.&lt;init&gt;(TreeCellRenderer.java:128)
	at net.byteseek.swing.treetable.TreeCellRenderer_ESTest.test37(TreeCellRenderer_ESTest.java:543)
	at java.base/jdk.internal.reflect.NativeMethodAccessorImpl.invoke0(Native Method)
	at java.base/jdk.internal.reflect.NativeMethodAccessorImpl.invoke(NativeMethodAccessorImpl.java:62)
	at java.base/jdk.internal.reflect.DelegatingMethodAccessorImpl.invoke(DelegatingMethodAccessorImpl.java:43)
	at java.base/java.lang.reflect.Method.invoke(Method.java:566)
	at org.junit.runners.model.FrameworkMethod$1.runReflectiveCall(FrameworkMethod.java:59)
	at org.junit.internal.runners.model.ReflectiveCallable.run(ReflectiveCallable.java:12)
	at org.junit.runners.model.FrameworkMethod.invokeExplosively(FrameworkMethod.java:56)
	at org.junit.internal.runners.statements.InvokeMethod.evaluate(InvokeMethod.java:17)
	at org.junit.internal.runners.statements.FailOnTimeout$CallableStatement.call(FailOnTimeout.java:299)
	at org.junit.internal.runners.statements.FailOnTimeout$CallableStatement.call(FailOnTimeout.java:293)
	at java.base/java.util.concurrent.FutureTask.run(FutureTask.java:264)
	at java.base/java.lang.Thread.run(Thread.java:829)
</error>
  </testcase>
  <testcase classname="net.byteseek.swing.treetable.TreeCellRenderer_ESTest" name="test38" time="0.041">
    <error message="sun/awt/image/ImageWatched" type="java.lang.NoClassDefFoundError">java.lang.NoClassDefFoundError: sun/awt/image/ImageWatched
	at java.desktop/sun.awt.image.ToolkitImage.makeImageRep(ToolkitImage.java:295)
	at java.desktop/sun.awt.image.ToolkitImage.getImageRep(ToolkitImage.java:304)
	at java.desktop/sun.awt.image.ToolkitImage.addWatcher(ToolkitImage.java:218)
	at java.desktop/sun.awt.image.ToolkitImage.getProperty(ToolkitImage.java:169)
	at java.desktop/javax.swing.ImageIcon.&lt;init&gt;(ImageIcon.java:290)
	at java.desktop/sun.swing.ImageIconUIResource.&lt;init&gt;(ImageIconUIResource.java:48)
	at java.desktop/sun.swing.SwingUtilities2.lambda$makeIcon$1(SwingUtilities2.java:1729)
	at java.desktop/javax.swing.UIDefaults.getFromHashtable(UIDefaults.java:224)
	at java.desktop/javax.swing.UIDefaults.get(UIDefaults.java:169)
	at java.desktop/javax.swing.MultiUIDefaults.get(MultiUIDefaults.java:65)
	at java.desktop/javax.swing.UIDefaults.getIcon(UIDefaults.java:480)
	at java.desktop/javax.swing.UIManager.getIcon(UIManager.java:780)
	at net.byteseek.swing.treetable.TreeCellRenderer.&lt;init&gt;(TreeCellRenderer.java:128)
	at net.byteseek.swing.treetable.TreeCellRenderer_ESTest.test38(TreeCellRenderer_ESTest.java:557)
	at java.base/jdk.internal.reflect.NativeMethodAccessorImpl.invoke0(Native Method)
	at java.base/jdk.internal.reflect.NativeMethodAccessorImpl.invoke(NativeMethodAccessorImpl.java:62)
	at java.base/jdk.internal.reflect.DelegatingMethodAccessorImpl.invoke(DelegatingMethodAccessorImpl.java:43)
	at java.base/java.lang.reflect.Method.invoke(Method.java:566)
	at org.junit.runners.model.FrameworkMethod$1.runReflectiveCall(FrameworkMethod.java:59)
	at org.junit.internal.runners.model.ReflectiveCallable.run(ReflectiveCallable.java:12)
	at org.junit.runners.model.FrameworkMethod.invokeExplosively(FrameworkMethod.java:56)
	at org.junit.internal.runners.statements.InvokeMethod.evaluate(InvokeMethod.java:17)
	at org.junit.internal.runners.statements.FailOnTimeout$CallableStatement.call(FailOnTimeout.java:299)
	at org.junit.internal.runners.statements.FailOnTimeout$CallableStatement.call(FailOnTimeout.java:293)
	at java.base/java.util.concurrent.FutureTask.run(FutureTask.java:264)
	at java.base/java.lang.Thread.run(Thread.java:829)
</error>
  </testcase>
  <testcase classname="net.byteseek.swing.treetable.TreeCellRenderer_ESTest" name="test35" time="0.006">
    <error message="sun/awt/image/ImageWatched" type="java.lang.NoClassDefFoundError">java.lang.NoClassDefFoundError: sun/awt/image/ImageWatched
	at java.desktop/sun.awt.image.ToolkitImage.makeImageRep(ToolkitImage.java:295)
	at java.desktop/sun.awt.image.ToolkitImage.getImageRep(ToolkitImage.java:304)
	at java.desktop/sun.awt.image.ToolkitImage.addWatcher(ToolkitImage.java:218)
	at java.desktop/sun.awt.image.ToolkitImage.getProperty(ToolkitImage.java:169)
	at java.desktop/javax.swing.ImageIcon.&lt;init&gt;(ImageIcon.java:290)
	at java.desktop/sun.swing.ImageIconUIResource.&lt;init&gt;(ImageIconUIResource.java:48)
	at java.desktop/sun.swing.SwingUtilities2.lambda$makeIcon$1(SwingUtilities2.java:1729)
	at java.desktop/javax.swing.UIDefaults.getFromHashtable(UIDefaults.java:224)
	at java.desktop/javax.swing.UIDefaults.get(UIDefaults.java:169)
	at java.desktop/javax.swing.MultiUIDefaults.get(MultiUIDefaults.java:65)
	at java.desktop/javax.swing.UIDefaults.getIcon(UIDefaults.java:480)
	at java.desktop/javax.swing.UIManager.getIcon(UIManager.java:780)
	at net.byteseek.swing.treetable.TreeCellRenderer.&lt;init&gt;(TreeCellRenderer.java:128)
	at net.byteseek.swing.treetable.TreeCellRenderer_ESTest.test35(TreeCellRenderer_ESTest.java:509)
	at java.base/jdk.internal.reflect.NativeMethodAccessorImpl.invoke0(Native Method)
	at java.base/jdk.internal.reflect.NativeMethodAccessorImpl.invoke(NativeMethodAccessorImpl.java:62)
	at java.base/jdk.internal.reflect.DelegatingMethodAccessorImpl.invoke(DelegatingMethodAccessorImpl.java:43)
	at java.base/java.lang.reflect.Method.invoke(Method.java:566)
	at org.junit.runners.model.FrameworkMethod$1.runReflectiveCall(FrameworkMethod.java:59)
	at org.junit.internal.runners.model.ReflectiveCallable.run(ReflectiveCallable.java:12)
	at org.junit.runners.model.FrameworkMethod.invokeExplosively(FrameworkMethod.java:56)
	at org.junit.internal.runners.statements.InvokeMethod.evaluate(InvokeMethod.java:17)
	at org.junit.internal.runners.statements.FailOnTimeout$CallableStatement.call(FailOnTimeout.java:299)
	at org.junit.internal.runners.statements.FailOnTimeout$CallableStatement.call(FailOnTimeout.java:293)
	at java.base/java.util.concurrent.FutureTask.run(FutureTask.java:264)
	at java.base/java.lang.Thread.run(Thread.java:829)
</error>
  </testcase>
  <testcase classname="net.byteseek.swing.treetable.TreeCellRenderer_ESTest" name="test36" time="0.003">
    <error message="sun/awt/image/ImageWatched" type="java.lang.NoClassDefFoundError">java.lang.NoClassDefFoundError: sun/awt/image/ImageWatched
	at java.desktop/sun.awt.image.ToolkitImage.makeImageRep(ToolkitImage.java:295)
	at java.desktop/sun.awt.image.ToolkitImage.getImageRep(ToolkitImage.java:304)
	at java.desktop/sun.awt.image.ToolkitImage.addWatcher(ToolkitImage.java:218)
	at java.desktop/sun.awt.image.ToolkitImage.getProperty(ToolkitImage.java:169)
	at java.desktop/javax.swing.ImageIcon.&lt;init&gt;(ImageIcon.java:290)
	at java.desktop/sun.swing.ImageIconUIResource.&lt;init&gt;(ImageIconUIResource.java:48)
	at java.desktop/sun.swing.SwingUtilities2.lambda$makeIcon$1(SwingUtilities2.java:1729)
	at java.desktop/javax.swing.UIDefaults.getFromHashtable(UIDefaults.java:224)
	at java.desktop/javax.swing.UIDefaults.get(UIDefaults.java:169)
	at java.desktop/javax.swing.MultiUIDefaults.get(MultiUIDefaults.java:65)
	at java.desktop/javax.swing.UIDefaults.getIcon(UIDefaults.java:480)
	at java.desktop/javax.swing.UIManager.getIcon(UIManager.java:780)
	at net.byteseek.swing.treetable.TreeCellRenderer.&lt;init&gt;(TreeCellRenderer.java:128)
	at net.byteseek.swing.treetable.TreeCellRenderer_ESTest.test36(TreeCellRenderer_ESTest.java:529)
	at java.base/jdk.internal.reflect.NativeMethodAccessorImpl.invoke0(Native Method)
	at java.base/jdk.internal.reflect.NativeMethodAccessorImpl.invoke(NativeMethodAccessorImpl.java:62)
	at java.base/jdk.internal.reflect.DelegatingMethodAccessorImpl.invoke(DelegatingMethodAccessorImpl.java:43)
	at java.base/java.lang.reflect.Method.invoke(Method.java:566)
	at org.junit.runners.model.FrameworkMethod$1.runReflectiveCall(FrameworkMethod.java:59)
	at org.junit.internal.runners.model.ReflectiveCallable.run(ReflectiveCallable.java:12)
	at org.junit.runners.model.FrameworkMethod.invokeExplosively(FrameworkMethod.java:56)
	at org.junit.internal.runners.statements.InvokeMethod.evaluate(InvokeMethod.java:17)
	at org.junit.internal.runners.statements.FailOnTimeout$CallableStatement.call(FailOnTimeout.java:299)
	at org.junit.internal.runners.statements.FailOnTimeout$CallableStatement.call(FailOnTimeout.java:293)
	at java.base/java.util.concurrent.FutureTask.run(FutureTask.java:264)
	at java.base/java.lang.Thread.run(Thread.java:829)
</error>
  </testcase>
  <testcase classname="net.byteseek.swing.treetable.TreeCellRenderer_ESTest" name="test33" time="0.021">
    <error message="sun/awt/image/ImageWatched" type="java.lang.NoClassDefFoundError">java.lang.NoClassDefFoundError: sun/awt/image/ImageWatched
	at java.desktop/sun.awt.image.ToolkitImage.makeImageRep(ToolkitImage.java:295)
	at java.desktop/sun.awt.image.ToolkitImage.getImageRep(ToolkitImage.java:304)
	at java.desktop/sun.awt.image.ToolkitImage.addWatcher(ToolkitImage.java:218)
	at java.desktop/sun.awt.image.ToolkitImage.getProperty(ToolkitImage.java:169)
	at java.desktop/javax.swing.ImageIcon.&lt;init&gt;(ImageIcon.java:290)
	at java.desktop/sun.swing.ImageIconUIResource.&lt;init&gt;(ImageIconUIResource.java:48)
	at java.desktop/sun.swing.SwingUtilities2.lambda$makeIcon$1(SwingUtilities2.java:1729)
	at java.desktop/javax.swing.UIDefaults.getFromHashtable(UIDefaults.java:224)
	at java.desktop/javax.swing.UIDefaults.get(UIDefaults.java:169)
	at java.desktop/javax.swing.MultiUIDefaults.get(MultiUIDefaults.java:65)
	at java.desktop/javax.swing.UIDefaults.getIcon(UIDefaults.java:480)
	at java.desktop/javax.swing.UIManager.getIcon(UIManager.java:780)
	at net.byteseek.swing.treetable.TreeCellRenderer.&lt;init&gt;(TreeCellRenderer.java:128)
	at net.byteseek.swing.treetable.TreeCellRenderer_ESTest.test33(TreeCellRenderer_ESTest.java:483)
	at java.base/jdk.internal.reflect.NativeMethodAccessorImpl.invoke0(Native Method)
	at java.base/jdk.internal.reflect.NativeMethodAccessorImpl.invoke(NativeMethodAccessorImpl.java:62)
	at java.base/jdk.internal.reflect.DelegatingMethodAccessorImpl.invoke(DelegatingMethodAccessorImpl.java:43)
	at java.base/java.lang.reflect.Method.invoke(Method.java:566)
	at org.junit.runners.model.FrameworkMethod$1.runReflectiveCall(FrameworkMethod.java:59)
	at org.junit.internal.runners.model.ReflectiveCallable.run(ReflectiveCallable.java:12)
	at org.junit.runners.model.FrameworkMethod.invokeExplosively(FrameworkMethod.java:56)
	at org.junit.internal.runners.statements.InvokeMethod.evaluate(InvokeMethod.java:17)
	at org.junit.internal.runners.statements.FailOnTimeout$CallableStatement.call(FailOnTimeout.java:299)
	at org.junit.internal.runners.statements.FailOnTimeout$CallableStatement.call(FailOnTimeout.java:293)
	at java.base/java.util.concurrent.FutureTask.run(FutureTask.java:264)
	at java.base/java.lang.Thread.run(Thread.java:829)
</error>
  </testcase>
  <testcase classname="net.byteseek.swing.treetable.TreeCellRenderer_ESTest" name="test34" time="0.037">
    <error message="sun/awt/image/ImageWatched" type="java.lang.NoClassDefFoundError">java.lang.NoClassDefFoundError: sun/awt/image/ImageWatched
	at java.desktop/sun.awt.image.ToolkitImage.makeImageRep(ToolkitImage.java:295)
	at java.desktop/sun.awt.image.ToolkitImage.getImageRep(ToolkitImage.java:304)
	at java.desktop/sun.awt.image.ToolkitImage.addWatcher(ToolkitImage.java:218)
	at java.desktop/sun.awt.image.ToolkitImage.getProperty(ToolkitImage.java:169)
	at java.desktop/javax.swing.ImageIcon.&lt;init&gt;(ImageIcon.java:290)
	at java.desktop/sun.swing.ImageIconUIResource.&lt;init&gt;(ImageIconUIResource.java:48)
	at java.desktop/sun.swing.SwingUtilities2.lambda$makeIcon$1(SwingUtilities2.java:1729)
	at java.desktop/javax.swing.UIDefaults.getFromHashtable(UIDefaults.java:224)
	at java.desktop/javax.swing.UIDefaults.get(UIDefaults.java:169)
	at java.desktop/javax.swing.MultiUIDefaults.get(MultiUIDefaults.java:65)
	at java.desktop/javax.swing.UIDefaults.getIcon(UIDefaults.java:480)
	at java.desktop/javax.swing.UIManager.getIcon(UIManager.java:780)
	at net.byteseek.swing.treetable.TreeCellRenderer.&lt;init&gt;(TreeCellRenderer.java:128)
	at net.byteseek.swing.treetable.TreeCellRenderer_ESTest.test34(TreeCellRenderer_ESTest.java:499)
	at java.base/jdk.internal.reflect.NativeMethodAccessorImpl.invoke0(Native Method)
	at java.base/jdk.internal.reflect.NativeMethodAccessorImpl.invoke(NativeMethodAccessorImpl.java:62)
	at java.base/jdk.internal.reflect.DelegatingMethodAccessorImpl.invoke(DelegatingMethodAccessorImpl.java:43)
	at java.base/java.lang.reflect.Method.invoke(Method.java:566)
	at org.junit.runners.model.FrameworkMethod$1.runReflectiveCall(FrameworkMethod.java:59)
	at org.junit.internal.runners.model.ReflectiveCallable.run(ReflectiveCallable.java:12)
	at org.junit.runners.model.FrameworkMethod.invokeExplosively(FrameworkMethod.java:56)
	at org.junit.internal.runners.statements.InvokeMethod.evaluate(InvokeMethod.java:17)
	at org.junit.internal.runners.statements.FailOnTimeout$CallableStatement.call(FailOnTimeout.java:299)
	at org.junit.internal.runners.statements.FailOnTimeout$CallableStatement.call(FailOnTimeout.java:293)
	at java.base/java.util.concurrent.FutureTask.run(FutureTask.java:264)
	at java.base/java.lang.Thread.run(Thread.java:829)
</error>
  </testcase>
  <testcase classname="net.byteseek.swing.treetable.TreeCellRenderer_ESTest" name="test31" time="0.008">
    <error message="sun/awt/image/ImageWatched" type="java.lang.NoClassDefFoundError">java.lang.NoClassDefFoundError: sun/awt/image/ImageWatched
	at java.desktop/sun.awt.image.ToolkitImage.makeImageRep(ToolkitImage.java:295)
	at java.desktop/sun.awt.image.ToolkitImage.getImageRep(ToolkitImage.java:304)
	at java.desktop/sun.awt.image.ToolkitImage.addWatcher(ToolkitImage.java:218)
	at java.desktop/sun.awt.image.ToolkitImage.getProperty(ToolkitImage.java:169)
	at java.desktop/javax.swing.ImageIcon.&lt;init&gt;(ImageIcon.java:290)
	at java.desktop/sun.swing.ImageIconUIResource.&lt;init&gt;(ImageIconUIResource.java:48)
	at java.desktop/sun.swing.SwingUtilities2.lambda$makeIcon$1(SwingUtilities2.java:1729)
	at java.desktop/javax.swing.UIDefaults.getFromHashtable(UIDefaults.java:224)
	at java.desktop/javax.swing.UIDefaults.get(UIDefaults.java:169)
	at java.desktop/javax.swing.MultiUIDefaults.get(MultiUIDefaults.java:65)
	at java.desktop/javax.swing.UIDefaults.getIcon(UIDefaults.java:480)
	at java.desktop/javax.swing.UIManager.getIcon(UIManager.java:780)
	at net.byteseek.swing.treetable.TreeCellRenderer.&lt;init&gt;(TreeCellRenderer.java:128)
	at net.byteseek.swing.treetable.TreeCellRenderer_ESTest.test31(TreeCellRenderer_ESTest.java:455)
	at java.base/jdk.internal.reflect.NativeMethodAccessorImpl.invoke0(Native Method)
	at java.base/jdk.internal.reflect.NativeMethodAccessorImpl.invoke(NativeMethodAccessorImpl.java:62)
	at java.base/jdk.internal.reflect.DelegatingMethodAccessorImpl.invoke(DelegatingMethodAccessorImpl.java:43)
	at java.base/java.lang.reflect.Method.invoke(Method.java:566)
	at org.junit.runners.model.FrameworkMethod$1.runReflectiveCall(FrameworkMethod.java:59)
	at org.junit.internal.runners.model.ReflectiveCallable.run(ReflectiveCallable.java:12)
	at org.junit.runners.model.FrameworkMethod.invokeExplosively(FrameworkMethod.java:56)
	at org.junit.internal.runners.statements.InvokeMethod.evaluate(InvokeMethod.java:17)
	at org.junit.internal.runners.statements.FailOnTimeout$CallableStatement.call(FailOnTimeout.java:299)
	at org.junit.internal.runners.statements.FailOnTimeout$CallableStatement.call(FailOnTimeout.java:293)
	at java.base/java.util.concurrent.FutureTask.run(FutureTask.java:264)
	at java.base/java.lang.Thread.run(Thread.java:829)
</error>
  </testcase>
  <testcase classname="net.byteseek.swing.treetable.TreeCellRenderer_ESTest" name="test32" time="0.009">
    <error message="sun/awt/image/ImageWatched" type="java.lang.NoClassDefFoundError">java.lang.NoClassDefFoundError: sun/awt/image/ImageWatched
	at java.desktop/sun.awt.image.ToolkitImage.makeImageRep(ToolkitImage.java:295)
	at java.desktop/sun.awt.image.ToolkitImage.getImageRep(ToolkitImage.java:304)
	at java.desktop/sun.awt.image.ToolkitImage.addWatcher(ToolkitImage.java:218)
	at java.desktop/sun.awt.image.ToolkitImage.getProperty(ToolkitImage.java:169)
	at java.desktop/javax.swing.ImageIcon.&lt;init&gt;(ImageIcon.java:290)
	at java.desktop/sun.swing.ImageIconUIResource.&lt;init&gt;(ImageIconUIResource.java:48)
	at java.desktop/sun.swing.SwingUtilities2.lambda$makeIcon$1(SwingUtilities2.java:1729)
	at java.desktop/javax.swing.UIDefaults.getFromHashtable(UIDefaults.java:224)
	at java.desktop/javax.swing.UIDefaults.get(UIDefaults.java:169)
	at java.desktop/javax.swing.MultiUIDefaults.get(MultiUIDefaults.java:65)
	at java.desktop/javax.swing.UIDefaults.getIcon(UIDefaults.java:480)
	at java.desktop/javax.swing.UIManager.getIcon(UIManager.java:780)
	at net.byteseek.swing.treetable.TreeCellRenderer.&lt;init&gt;(TreeCellRenderer.java:128)
	at net.byteseek.swing.treetable.TreeCellRenderer_ESTest.test32(TreeCellRenderer_ESTest.java:473)
	at java.base/jdk.internal.reflect.NativeMethodAccessorImpl.invoke0(Native Method)
	at java.base/jdk.internal.reflect.NativeMethodAccessorImpl.invoke(NativeMethodAccessorImpl.java:62)
	at java.base/jdk.internal.reflect.DelegatingMethodAccessorImpl.invoke(DelegatingMethodAccessorImpl.java:43)
	at java.base/java.lang.reflect.Method.invoke(Method.java:566)
	at org.junit.runners.model.FrameworkMethod$1.runReflectiveCall(FrameworkMethod.java:59)
	at org.junit.internal.runners.model.ReflectiveCallable.run(ReflectiveCallable.java:12)
	at org.junit.runners.model.FrameworkMethod.invokeExplosively(FrameworkMethod.java:56)
	at org.junit.internal.runners.statements.InvokeMethod.evaluate(InvokeMethod.java:17)
	at org.junit.internal.runners.statements.FailOnTimeout$CallableStatement.call(FailOnTimeout.java:299)
	at org.junit.internal.runners.statements.FailOnTimeout$CallableStatement.call(FailOnTimeout.java:293)
	at java.base/java.util.concurrent.FutureTask.run(FutureTask.java:264)
	at java.base/java.lang.Thread.run(Thread.java:829)
</error>
  </testcase>
  <testcase classname="net.byteseek.swing.treetable.TreeCellRenderer_ESTest" name="test30" time="0.038">
    <error message="sun/awt/image/ImageWatched" type="java.lang.NoClassDefFoundError">java.lang.NoClassDefFoundError: sun/awt/image/ImageWatched
	at java.desktop/sun.awt.image.ToolkitImage.makeImageRep(ToolkitImage.java:295)
	at java.desktop/sun.awt.image.ToolkitImage.getImageRep(ToolkitImage.java:304)
	at java.desktop/sun.awt.image.ToolkitImage.addWatcher(ToolkitImage.java:218)
	at java.desktop/sun.awt.image.ToolkitImage.getProperty(ToolkitImage.java:169)
	at java.desktop/javax.swing.ImageIcon.&lt;init&gt;(ImageIcon.java:290)
	at java.desktop/sun.swing.ImageIconUIResource.&lt;init&gt;(ImageIconUIResource.java:48)
	at java.desktop/sun.swing.SwingUtilities2.lambda$makeIcon$1(SwingUtilities2.java:1729)
	at java.desktop/javax.swing.UIDefaults.getFromHashtable(UIDefaults.java:224)
	at java.desktop/javax.swing.UIDefaults.get(UIDefaults.java:169)
	at java.desktop/javax.swing.MultiUIDefaults.get(MultiUIDefaults.java:65)
	at java.desktop/javax.swing.UIDefaults.getIcon(UIDefaults.java:480)
	at java.desktop/javax.swing.UIManager.getIcon(UIManager.java:780)
	at net.byteseek.swing.treetable.TreeCellRenderer.&lt;init&gt;(TreeCellRenderer.java:128)
	at net.byteseek.swing.treetable.TreeCellRenderer_ESTest.test30(TreeCellRenderer_ESTest.java:438)
	at java.base/jdk.internal.reflect.NativeMethodAccessorImpl.invoke0(Native Method)
	at java.base/jdk.internal.reflect.NativeMethodAccessorImpl.invoke(NativeMethodAccessorImpl.java:62)
	at java.base/jdk.internal.reflect.DelegatingMethodAccessorImpl.invoke(DelegatingMethodAccessorImpl.java:43)
	at java.base/java.lang.reflect.Method.invoke(Method.java:566)
	at org.junit.runners.model.FrameworkMethod$1.runReflectiveCall(FrameworkMethod.java:59)
	at org.junit.internal.runners.model.ReflectiveCallable.run(ReflectiveCallable.java:12)
	at org.junit.runners.model.FrameworkMethod.invokeExplosively(FrameworkMethod.java:56)
	at org.junit.internal.runners.statements.InvokeMethod.evaluate(InvokeMethod.java:17)
	at org.junit.internal.runners.statements.FailOnTimeout$CallableStatement.call(FailOnTimeout.java:299)
	at org.junit.internal.runners.statements.FailOnTimeout$CallableStatement.call(FailOnTimeout.java:293)
	at java.base/java.util.concurrent.FutureTask.run(FutureTask.java:264)
	at java.base/java.lang.Thread.run(Thread.java:829)
</error>
  </testcase>
  <testcase classname="net.byteseek.swing.treetable.TreeCellRenderer_ESTest" name="test28" time="0.007">
    <error message="sun/awt/image/ImageWatched" type="java.lang.NoClassDefFoundError">java.lang.NoClassDefFoundError: sun/awt/image/ImageWatched
	at java.desktop/sun.awt.image.ToolkitImage.makeImageRep(ToolkitImage.java:295)
	at java.desktop/sun.awt.image.ToolkitImage.getImageRep(ToolkitImage.java:304)
	at java.desktop/sun.awt.image.ToolkitImage.addWatcher(ToolkitImage.java:218)
	at java.desktop/sun.awt.image.ToolkitImage.getProperty(ToolkitImage.java:169)
	at java.desktop/javax.swing.ImageIcon.&lt;init&gt;(ImageIcon.java:290)
	at java.desktop/sun.swing.ImageIconUIResource.&lt;init&gt;(ImageIconUIResource.java:48)
	at java.desktop/sun.swing.SwingUtilities2.lambda$makeIcon$1(SwingUtilities2.java:1729)
	at java.desktop/javax.swing.UIDefaults.getFromHashtable(UIDefaults.java:224)
	at java.desktop/javax.swing.UIDefaults.get(UIDefaults.java:169)
	at java.desktop/javax.swing.MultiUIDefaults.get(MultiUIDefaults.java:65)
	at java.desktop/javax.swing.UIDefaults.getIcon(UIDefaults.java:480)
	at java.desktop/javax.swing.UIManager.getIcon(UIManager.java:780)
	at net.byteseek.swing.treetable.TreeCellRenderer.&lt;init&gt;(TreeCellRenderer.java:128)
	at net.byteseek.swing.treetable.TreeCellRenderer_ESTest.test28(TreeCellRenderer_ESTest.java:402)
	at java.base/jdk.internal.reflect.NativeMethodAccessorImpl.invoke0(Native Method)
	at java.base/jdk.internal.reflect.NativeMethodAccessorImpl.invoke(NativeMethodAccessorImpl.java:62)
	at java.base/jdk.internal.reflect.DelegatingMethodAccessorImpl.invoke(DelegatingMethodAccessorImpl.java:43)
	at java.base/java.lang.reflect.Method.invoke(Method.java:566)
	at org.junit.runners.model.FrameworkMethod$1.runReflectiveCall(FrameworkMethod.java:59)
	at org.junit.internal.runners.model.ReflectiveCallable.run(ReflectiveCallable.java:12)
	at org.junit.runners.model.FrameworkMethod.invokeExplosively(FrameworkMethod.java:56)
	at org.junit.internal.runners.statements.InvokeMethod.evaluate(InvokeMethod.java:17)
	at org.junit.internal.runners.statements.FailOnTimeout$CallableStatement.call(FailOnTimeout.java:299)
	at org.junit.internal.runners.statements.FailOnTimeout$CallableStatement.call(FailOnTimeout.java:293)
	at java.base/java.util.concurrent.FutureTask.run(FutureTask.java:264)
	at java.base/java.lang.Thread.run(Thread.java:829)
</error>
  </testcase>
  <testcase classname="net.byteseek.swing.treetable.TreeCellRenderer_ESTest" name="test29" time="0.005">
    <error message="sun/awt/image/ImageWatched" type="java.lang.NoClassDefFoundError">java.lang.NoClassDefFoundError: sun/awt/image/ImageWatched
	at java.desktop/sun.awt.image.ToolkitImage.makeImageRep(ToolkitImage.java:295)
	at java.desktop/sun.awt.image.ToolkitImage.getImageRep(ToolkitImage.java:304)
	at java.desktop/sun.awt.image.ToolkitImage.addWatcher(ToolkitImage.java:218)
	at java.desktop/sun.awt.image.ToolkitImage.getProperty(ToolkitImage.java:169)
	at java.desktop/javax.swing.ImageIcon.&lt;init&gt;(ImageIcon.java:290)
	at java.desktop/sun.swing.ImageIconUIResource.&lt;init&gt;(ImageIconUIResource.java:48)
	at java.desktop/sun.swing.SwingUtilities2.lambda$makeIcon$1(SwingUtilities2.java:1729)
	at java.desktop/javax.swing.UIDefaults.getFromHashtable(UIDefaults.java:224)
	at java.desktop/javax.swing.UIDefaults.get(UIDefaults.java:169)
	at java.desktop/javax.swing.MultiUIDefaults.get(MultiUIDefaults.java:65)
	at java.desktop/javax.swing.UIDefaults.getIcon(UIDefaults.java:480)
	at java.desktop/javax.swing.UIManager.getIcon(UIManager.java:780)
	at net.byteseek.swing.treetable.TreeCellRenderer.&lt;init&gt;(TreeCellRenderer.java:128)
	at net.byteseek.swing.treetable.TreeCellRenderer_ESTest.test29(TreeCellRenderer_ESTest.java:419)
	at java.base/jdk.internal.reflect.NativeMethodAccessorImpl.invoke0(Native Method)
	at java.base/jdk.internal.reflect.NativeMethodAccessorImpl.invoke(NativeMethodAccessorImpl.java:62)
	at java.base/jdk.internal.reflect.DelegatingMethodAccessorImpl.invoke(DelegatingMethodAccessorImpl.java:43)
	at java.base/java.lang.reflect.Method.invoke(Method.java:566)
	at org.junit.runners.model.FrameworkMethod$1.runReflectiveCall(FrameworkMethod.java:59)
	at org.junit.internal.runners.model.ReflectiveCallable.run(ReflectiveCallable.java:12)
	at org.junit.runners.model.FrameworkMethod.invokeExplosively(FrameworkMethod.java:56)
	at org.junit.internal.runners.statements.InvokeMethod.evaluate(InvokeMethod.java:17)
	at org.junit.internal.runners.statements.FailOnTimeout$CallableStatement.call(FailOnTimeout.java:299)
	at org.junit.internal.runners.statements.FailOnTimeout$CallableStatement.call(FailOnTimeout.java:293)
	at java.base/java.util.concurrent.FutureTask.run(FutureTask.java:264)
	at java.base/java.lang.Thread.run(Thread.java:829)
</error>
  </testcase>
  <testcase classname="net.byteseek.swing.treetable.TreeCellRenderer_ESTest" name="test26" time="0.04">
    <error message="sun/awt/image/ImageWatched" type="java.lang.NoClassDefFoundError">java.lang.NoClassDefFoundError: sun/awt/image/ImageWatched
	at java.desktop/sun.awt.image.ToolkitImage.makeImageRep(ToolkitImage.java:295)
	at java.desktop/sun.awt.image.ToolkitImage.getImageRep(ToolkitImage.java:304)
	at java.desktop/sun.awt.image.ToolkitImage.addWatcher(ToolkitImage.java:218)
	at java.desktop/sun.awt.image.ToolkitImage.getProperty(ToolkitImage.java:169)
	at java.desktop/javax.swing.ImageIcon.&lt;init&gt;(ImageIcon.java:290)
	at java.desktop/sun.swing.ImageIconUIResource.&lt;init&gt;(ImageIconUIResource.java:48)
	at java.desktop/sun.swing.SwingUtilities2.lambda$makeIcon$1(SwingUtilities2.java:1729)
	at java.desktop/javax.swing.UIDefaults.getFromHashtable(UIDefaults.java:224)
	at java.desktop/javax.swing.UIDefaults.get(UIDefaults.java:169)
	at java.desktop/javax.swing.MultiUIDefaults.get(MultiUIDefaults.java:65)
	at java.desktop/javax.swing.UIDefaults.getIcon(UIDefaults.java:480)
	at java.desktop/javax.swing.UIManager.getIcon(UIManager.java:780)
	at net.byteseek.swing.treetable.TreeCellRenderer.&lt;init&gt;(TreeCellRenderer.java:128)
	at net.byteseek.swing.treetable.TreeCellRenderer_ESTest.test26(TreeCellRenderer_ESTest.java:366)
	at java.base/jdk.internal.reflect.NativeMethodAccessorImpl.invoke0(Native Method)
	at java.base/jdk.internal.reflect.NativeMethodAccessorImpl.invoke(NativeMethodAccessorImpl.java:62)
	at java.base/jdk.internal.reflect.DelegatingMethodAccessorImpl.invoke(DelegatingMethodAccessorImpl.java:43)
	at java.base/java.lang.reflect.Method.invoke(Method.java:566)
	at org.junit.runners.model.FrameworkMethod$1.runReflectiveCall(FrameworkMethod.java:59)
	at org.junit.internal.runners.model.ReflectiveCallable.run(ReflectiveCallable.java:12)
	at org.junit.runners.model.FrameworkMethod.invokeExplosively(FrameworkMethod.java:56)
	at org.junit.internal.runners.statements.InvokeMethod.evaluate(InvokeMethod.java:17)
	at org.junit.internal.runners.statements.FailOnTimeout$CallableStatement.call(FailOnTimeout.java:299)
	at org.junit.internal.runners.statements.FailOnTimeout$CallableStatement.call(FailOnTimeout.java:293)
	at java.base/java.util.concurrent.FutureTask.run(FutureTask.java:264)
	at java.base/java.lang.Thread.run(Thread.java:829)
</error>
  </testcase>
  <testcase classname="net.byteseek.swing.treetable.TreeCellRenderer_ESTest" name="test27" time="0.007">
    <error message="sun/awt/image/ImageWatched" type="java.lang.NoClassDefFoundError">java.lang.NoClassDefFoundError: sun/awt/image/ImageWatched
	at java.desktop/sun.awt.image.ToolkitImage.makeImageRep(ToolkitImage.java:295)
	at java.desktop/sun.awt.image.ToolkitImage.getImageRep(ToolkitImage.java:304)
	at java.desktop/sun.awt.image.ToolkitImage.addWatcher(ToolkitImage.java:218)
	at java.desktop/sun.awt.image.ToolkitImage.getProperty(ToolkitImage.java:169)
	at java.desktop/javax.swing.ImageIcon.&lt;init&gt;(ImageIcon.java:290)
	at java.desktop/sun.swing.ImageIconUIResource.&lt;init&gt;(ImageIconUIResource.java:48)
	at java.desktop/sun.swing.SwingUtilities2.lambda$makeIcon$1(SwingUtilities2.java:1729)
	at java.desktop/javax.swing.UIDefaults.getFromHashtable(UIDefaults.java:224)
	at java.desktop/javax.swing.UIDefaults.get(UIDefaults.java:169)
	at java.desktop/javax.swing.MultiUIDefaults.get(MultiUIDefaults.java:65)
	at java.desktop/javax.swing.UIDefaults.getIcon(UIDefaults.java:480)
	at java.desktop/javax.swing.UIManager.getIcon(UIManager.java:780)
	at net.byteseek.swing.treetable.TreeCellRenderer.&lt;init&gt;(TreeCellRenderer.java:128)
	at net.byteseek.swing.treetable.TreeCellRenderer_ESTest.test27(TreeCellRenderer_ESTest.java:383)
	at java.base/jdk.internal.reflect.NativeMethodAccessorImpl.invoke0(Native Method)
	at java.base/jdk.internal.reflect.NativeMethodAccessorImpl.invoke(NativeMethodAccessorImpl.java:62)
	at java.base/jdk.internal.reflect.DelegatingMethodAccessorImpl.invoke(DelegatingMethodAccessorImpl.java:43)
	at java.base/java.lang.reflect.Method.invoke(Method.java:566)
	at org.junit.runners.model.FrameworkMethod$1.runReflectiveCall(FrameworkMethod.java:59)
	at org.junit.internal.runners.model.ReflectiveCallable.run(ReflectiveCallable.java:12)
	at org.junit.runners.model.FrameworkMethod.invokeExplosively(FrameworkMethod.java:56)
	at org.junit.internal.runners.statements.InvokeMethod.evaluate(InvokeMethod.java:17)
	at org.junit.internal.runners.statements.FailOnTimeout$CallableStatement.call(FailOnTimeout.java:299)
	at org.junit.internal.runners.statements.FailOnTimeout$CallableStatement.call(FailOnTimeout.java:293)
	at java.base/java.util.concurrent.FutureTask.run(FutureTask.java:264)
	at java.base/java.lang.Thread.run(Thread.java:829)
</error>
  </testcase>
  <testcase classname="net.byteseek.swing.treetable.TreeCellRenderer_ESTest" name="test24" time="0.009">
    <error message="sun/awt/image/ImageWatched" type="java.lang.NoClassDefFoundError">java.lang.NoClassDefFoundError: sun/awt/image/ImageWatched
	at java.desktop/sun.awt.image.ToolkitImage.makeImageRep(ToolkitImage.java:295)
	at java.desktop/sun.awt.image.ToolkitImage.getImageRep(ToolkitImage.java:304)
	at java.desktop/sun.awt.image.ToolkitImage.addWatcher(ToolkitImage.java:218)
	at java.desktop/sun.awt.image.ToolkitImage.getProperty(ToolkitImage.java:169)
	at java.desktop/javax.swing.ImageIcon.&lt;init&gt;(ImageIcon.java:290)
	at java.desktop/sun.swing.ImageIconUIResource.&lt;init&gt;(ImageIconUIResource.java:48)
	at java.desktop/sun.swing.SwingUtilities2.lambda$makeIcon$1(SwingUtilities2.java:1729)
	at java.desktop/javax.swing.UIDefaults.getFromHashtable(UIDefaults.java:224)
	at java.desktop/javax.swing.UIDefaults.get(UIDefaults.java:169)
	at java.desktop/javax.swing.MultiUIDefaults.get(MultiUIDefaults.java:65)
	at java.desktop/javax.swing.UIDefaults.getIcon(UIDefaults.java:480)
	at java.desktop/javax.swing.UIManager.getIcon(UIManager.java:780)
	at net.byteseek.swing.treetable.TreeCellRenderer.&lt;init&gt;(TreeCellRenderer.java:128)
	at net.byteseek.swing.treetable.TreeCellRenderer_ESTest.test24(TreeCellRenderer_ESTest.java:332)
	at java.base/jdk.internal.reflect.NativeMethodAccessorImpl.invoke0(Native Method)
	at java.base/jdk.internal.reflect.NativeMethodAccessorImpl.invoke(NativeMethodAccessorImpl.java:62)
	at java.base/jdk.internal.reflect.DelegatingMethodAccessorImpl.invoke(DelegatingMethodAccessorImpl.java:43)
	at java.base/java.lang.reflect.Method.invoke(Method.java:566)
	at org.junit.runners.model.FrameworkMethod$1.runReflectiveCall(FrameworkMethod.java:59)
	at org.junit.internal.runners.model.ReflectiveCallable.run(ReflectiveCallable.java:12)
	at org.junit.runners.model.FrameworkMethod.invokeExplosively(FrameworkMethod.java:56)
	at org.junit.internal.runners.statements.InvokeMethod.evaluate(InvokeMethod.java:17)
	at org.junit.internal.runners.statements.FailOnTimeout$CallableStatement.call(FailOnTimeout.java:299)
	at org.junit.internal.runners.statements.FailOnTimeout$CallableStatement.call(FailOnTimeout.java:293)
	at java.base/java.util.concurrent.FutureTask.run(FutureTask.java:264)
	at java.base/java.lang.Thread.run(Thread.java:829)
</error>
  </testcase>
  <testcase classname="net.byteseek.swing.treetable.TreeCellRenderer_ESTest" name="test25" time="0.002">
    <error message="sun/awt/image/ImageWatched" type="java.lang.NoClassDefFoundError">java.lang.NoClassDefFoundError: sun/awt/image/ImageWatched
	at java.desktop/sun.awt.image.ToolkitImage.makeImageRep(ToolkitImage.java:295)
	at java.desktop/sun.awt.image.ToolkitImage.getImageRep(ToolkitImage.java:304)
	at java.desktop/sun.awt.image.ToolkitImage.addWatcher(ToolkitImage.java:218)
	at java.desktop/sun.awt.image.ToolkitImage.getProperty(ToolkitImage.java:169)
	at java.desktop/javax.swing.ImageIcon.&lt;init&gt;(ImageIcon.java:290)
	at java.desktop/sun.swing.ImageIconUIResource.&lt;init&gt;(ImageIconUIResource.java:48)
	at java.desktop/sun.swing.SwingUtilities2.lambda$makeIcon$1(SwingUtilities2.java:1729)
	at java.desktop/javax.swing.UIDefaults.getFromHashtable(UIDefaults.java:224)
	at java.desktop/javax.swing.UIDefaults.get(UIDefaults.java:169)
	at java.desktop/javax.swing.MultiUIDefaults.get(MultiUIDefaults.java:65)
	at java.desktop/javax.swing.UIDefaults.getIcon(UIDefaults.java:480)
	at java.desktop/javax.swing.UIManager.getIcon(UIManager.java:780)
	at net.byteseek.swing.treetable.TreeCellRenderer.&lt;init&gt;(TreeCellRenderer.java:128)
	at net.byteseek.swing.treetable.TreeCellRenderer_ESTest.test25(TreeCellRenderer_ESTest.java:349)
	at java.base/jdk.internal.reflect.NativeMethodAccessorImpl.invoke0(Native Method)
	at java.base/jdk.internal.reflect.NativeMethodAccessorImpl.invoke(NativeMethodAccessorImpl.java:62)
	at java.base/jdk.internal.reflect.DelegatingMethodAccessorImpl.invoke(DelegatingMethodAccessorImpl.java:43)
	at java.base/java.lang.reflect.Method.invoke(Method.java:566)
	at org.junit.runners.model.FrameworkMethod$1.runReflectiveCall(FrameworkMethod.java:59)
	at org.junit.internal.runners.model.ReflectiveCallable.run(ReflectiveCallable.java:12)
	at org.junit.runners.model.FrameworkMethod.invokeExplosively(FrameworkMethod.java:56)
	at org.junit.internal.runners.statements.InvokeMethod.evaluate(InvokeMethod.java:17)
	at org.junit.internal.runners.statements.FailOnTimeout$CallableStatement.call(FailOnTimeout.java:299)
	at org.junit.internal.runners.statements.FailOnTimeout$CallableStatement.call(FailOnTimeout.java:293)
	at java.base/java.util.concurrent.FutureTask.run(FutureTask.java:264)
	at java.base/java.lang.Thread.run(Thread.java:829)
</error>
  </testcase>
  <testcase classname="net.byteseek.swing.treetable.TreeCellRenderer_ESTest" name="test22" time="0.002">
    <error message="sun/awt/image/ImageWatched" type="java.lang.NoClassDefFoundError">java.lang.NoClassDefFoundError: sun/awt/image/ImageWatched
	at java.desktop/sun.awt.image.ToolkitImage.makeImageRep(ToolkitImage.java:295)
	at java.desktop/sun.awt.image.ToolkitImage.getImageRep(ToolkitImage.java:304)
	at java.desktop/sun.awt.image.ToolkitImage.addWatcher(ToolkitImage.java:218)
	at java.desktop/sun.awt.image.ToolkitImage.getProperty(ToolkitImage.java:169)
	at java.desktop/javax.swing.ImageIcon.&lt;init&gt;(ImageIcon.java:290)
	at java.desktop/sun.swing.ImageIconUIResource.&lt;init&gt;(ImageIconUIResource.java:48)
	at java.desktop/sun.swing.SwingUtilities2.lambda$makeIcon$1(SwingUtilities2.java:1729)
	at java.desktop/javax.swing.UIDefaults.getFromHashtable(UIDefaults.java:224)
	at java.desktop/javax.swing.UIDefaults.get(UIDefaults.java:169)
	at java.desktop/javax.swing.MultiUIDefaults.get(MultiUIDefaults.java:65)
	at java.desktop/javax.swing.UIDefaults.getIcon(UIDefaults.java:480)
	at java.desktop/javax.swing.UIManager.getIcon(UIManager.java:780)
	at net.byteseek.swing.treetable.TreeCellRenderer.&lt;init&gt;(TreeCellRenderer.java:128)
	at net.byteseek.swing.treetable.TreeCellRenderer_ESTest.test22(TreeCellRenderer_ESTest.java:296)
	at java.base/jdk.internal.reflect.NativeMethodAccessorImpl.invoke0(Native Method)
	at java.base/jdk.internal.reflect.NativeMethodAccessorImpl.invoke(NativeMethodAccessorImpl.java:62)
	at java.base/jdk.internal.reflect.DelegatingMethodAccessorImpl.invoke(DelegatingMethodAccessorImpl.java:43)
	at java.base/java.lang.reflect.Method.invoke(Method.java:566)
	at org.junit.runners.model.FrameworkMethod$1.runReflectiveCall(FrameworkMethod.java:59)
	at org.junit.internal.runners.model.ReflectiveCallable.run(ReflectiveCallable.java:12)
	at org.junit.runners.model.FrameworkMethod.invokeExplosively(FrameworkMethod.java:56)
	at org.junit.internal.runners.statements.InvokeMethod.evaluate(InvokeMethod.java:17)
	at org.junit.internal.runners.statements.FailOnTimeout$CallableStatement.call(FailOnTimeout.java:299)
	at org.junit.internal.runners.statements.FailOnTimeout$CallableStatement.call(FailOnTimeout.java:293)
	at java.base/java.util.concurrent.FutureTask.run(FutureTask.java:264)
	at java.base/java.lang.Thread.run(Thread.java:829)
</error>
  </testcase>
  <testcase classname="net.byteseek.swing.treetable.TreeCellRenderer_ESTest" name="test23" time="0.039">
    <error message="sun/awt/image/ImageWatched" type="java.lang.NoClassDefFoundError">java.lang.NoClassDefFoundError: sun/awt/image/ImageWatched
	at java.desktop/sun.awt.image.ToolkitImage.makeImageRep(ToolkitImage.java:295)
	at java.desktop/sun.awt.image.ToolkitImage.getImageRep(ToolkitImage.java:304)
	at java.desktop/sun.awt.image.ToolkitImage.addWatcher(ToolkitImage.java:218)
	at java.desktop/sun.awt.image.ToolkitImage.getProperty(ToolkitImage.java:169)
	at java.desktop/javax.swing.ImageIcon.&lt;init&gt;(ImageIcon.java:290)
	at java.desktop/sun.swing.ImageIconUIResource.&lt;init&gt;(ImageIconUIResource.java:48)
	at java.desktop/sun.swing.SwingUtilities2.lambda$makeIcon$1(SwingUtilities2.java:1729)
	at java.desktop/javax.swing.UIDefaults.getFromHashtable(UIDefaults.java:224)
	at java.desktop/javax.swing.UIDefaults.get(UIDefaults.java:169)
	at java.desktop/javax.swing.MultiUIDefaults.get(MultiUIDefaults.java:65)
	at java.desktop/javax.swing.UIDefaults.getIcon(UIDefaults.java:480)
	at java.desktop/javax.swing.UIManager.getIcon(UIManager.java:780)
	at net.byteseek.swing.treetable.TreeCellRenderer.&lt;init&gt;(TreeCellRenderer.java:128)
	at net.byteseek.swing.treetable.TreeCellRenderer_ESTest.test23(TreeCellRenderer_ESTest.java:315)
	at java.base/jdk.internal.reflect.NativeMethodAccessorImpl.invoke0(Native Method)
	at java.base/jdk.internal.reflect.NativeMethodAccessorImpl.invoke(NativeMethodAccessorImpl.java:62)
	at java.base/jdk.internal.reflect.DelegatingMethodAccessorImpl.invoke(DelegatingMethodAccessorImpl.java:43)
	at java.base/java.lang.reflect.Method.invoke(Method.java:566)
	at org.junit.runners.model.FrameworkMethod$1.runReflectiveCall(FrameworkMethod.java:59)
	at org.junit.internal.runners.model.ReflectiveCallable.run(ReflectiveCallable.java:12)
	at org.junit.runners.model.FrameworkMethod.invokeExplosively(FrameworkMethod.java:56)
	at org.junit.internal.runners.statements.InvokeMethod.evaluate(InvokeMethod.java:17)
	at org.junit.internal.runners.statements.FailOnTimeout$CallableStatement.call(FailOnTimeout.java:299)
	at org.junit.internal.runners.statements.FailOnTimeout$CallableStatement.call(FailOnTimeout.java:293)
	at java.base/java.util.concurrent.FutureTask.run(FutureTask.java:264)
	at java.base/java.lang.Thread.run(Thread.java:829)
</error>
  </testcase>
  <testcase classname="net.byteseek.swing.treetable.TreeCellRenderer_ESTest" name="test20" time="0.002">
    <error message="sun/awt/image/ImageWatched" type="java.lang.NoClassDefFoundError">java.lang.NoClassDefFoundError: sun/awt/image/ImageWatched
	at java.desktop/sun.awt.image.ToolkitImage.makeImageRep(ToolkitImage.java:295)
	at java.desktop/sun.awt.image.ToolkitImage.getImageRep(ToolkitImage.java:304)
	at java.desktop/sun.awt.image.ToolkitImage.addWatcher(ToolkitImage.java:218)
	at java.desktop/sun.awt.image.ToolkitImage.getProperty(ToolkitImage.java:169)
	at java.desktop/javax.swing.ImageIcon.&lt;init&gt;(ImageIcon.java:290)
	at java.desktop/sun.swing.ImageIconUIResource.&lt;init&gt;(ImageIconUIResource.java:48)
	at java.desktop/sun.swing.SwingUtilities2.lambda$makeIcon$1(SwingUtilities2.java:1729)
	at java.desktop/javax.swing.UIDefaults.getFromHashtable(UIDefaults.java:224)
	at java.desktop/javax.swing.UIDefaults.get(UIDefaults.java:169)
	at java.desktop/javax.swing.MultiUIDefaults.get(MultiUIDefaults.java:65)
	at java.desktop/javax.swing.UIDefaults.getIcon(UIDefaults.java:480)
	at java.desktop/javax.swing.UIManager.getIcon(UIManager.java:780)
	at net.byteseek.swing.treetable.TreeCellRenderer.&lt;init&gt;(TreeCellRenderer.java:128)
	at net.byteseek.swing.treetable.TreeCellRenderer_ESTest.test20(TreeCellRenderer_ESTest.java:267)
	at java.base/jdk.internal.reflect.NativeMethodAccessorImpl.invoke0(Native Method)
	at java.base/jdk.internal.reflect.NativeMethodAccessorImpl.invoke(NativeMethodAccessorImpl.java:62)
	at java.base/jdk.internal.reflect.DelegatingMethodAccessorImpl.invoke(DelegatingMethodAccessorImpl.java:43)
	at java.base/java.lang.reflect.Method.invoke(Method.java:566)
	at org.junit.runners.model.FrameworkMethod$1.runReflectiveCall(FrameworkMethod.java:59)
	at org.junit.internal.runners.model.ReflectiveCallable.run(ReflectiveCallable.java:12)
	at org.junit.runners.model.FrameworkMethod.invokeExplosively(FrameworkMethod.java:56)
	at org.junit.internal.runners.statements.InvokeMethod.evaluate(InvokeMethod.java:17)
	at org.junit.internal.runners.statements.FailOnTimeout$CallableStatement.call(FailOnTimeout.java:299)
	at org.junit.internal.runners.statements.FailOnTimeout$CallableStatement.call(FailOnTimeout.java:293)
	at java.base/java.util.concurrent.FutureTask.run(FutureTask.java:264)
	at java.base/java.lang.Thread.run(Thread.java:829)
</error>
  </testcase>
  <testcase classname="net.byteseek.swing.treetable.TreeCellRenderer_ESTest" name="test21" time="0.005">
    <error message="sun/awt/image/ImageWatched" type="java.lang.NoClassDefFoundError">java.lang.NoClassDefFoundError: sun/awt/image/ImageWatched
	at java.desktop/sun.awt.image.ToolkitImage.makeImageRep(ToolkitImage.java:295)
	at java.desktop/sun.awt.image.ToolkitImage.getImageRep(ToolkitImage.java:304)
	at java.desktop/sun.awt.image.ToolkitImage.addWatcher(ToolkitImage.java:218)
	at java.desktop/sun.awt.image.ToolkitImage.getProperty(ToolkitImage.java:169)
	at java.desktop/javax.swing.ImageIcon.&lt;init&gt;(ImageIcon.java:290)
	at java.desktop/sun.swing.ImageIconUIResource.&lt;init&gt;(ImageIconUIResource.java:48)
	at java.desktop/sun.swing.SwingUtilities2.lambda$makeIcon$1(SwingUtilities2.java:1729)
	at java.desktop/javax.swing.UIDefaults.getFromHashtable(UIDefaults.java:224)
	at java.desktop/javax.swing.UIDefaults.get(UIDefaults.java:169)
	at java.desktop/javax.swing.MultiUIDefaults.get(MultiUIDefaults.java:65)
	at java.desktop/javax.swing.UIDefaults.getIcon(UIDefaults.java:480)
	at java.desktop/javax.swing.UIManager.getIcon(UIManager.java:780)
	at net.byteseek.swing.treetable.TreeCellRenderer.&lt;init&gt;(TreeCellRenderer.java:128)
	at net.byteseek.swing.treetable.TreeCellRenderer_ESTest.test21(TreeCellRenderer_ESTest.java:280)
	at java.base/jdk.internal.reflect.NativeMethodAccessorImpl.invoke0(Native Method)
	at java.base/jdk.internal.reflect.NativeMethodAccessorImpl.invoke(NativeMethodAccessorImpl.java:62)
	at java.base/jdk.internal.reflect.DelegatingMethodAccessorImpl.invoke(DelegatingMethodAccessorImpl.java:43)
	at java.base/java.lang.reflect.Method.invoke(Method.java:566)
	at org.junit.runners.model.FrameworkMethod$1.runReflectiveCall(FrameworkMethod.java:59)
	at org.junit.internal.runners.model.ReflectiveCallable.run(ReflectiveCallable.java:12)
	at org.junit.runners.model.FrameworkMethod.invokeExplosively(FrameworkMethod.java:56)
	at org.junit.internal.runners.statements.InvokeMethod.evaluate(InvokeMethod.java:17)
	at org.junit.internal.runners.statements.FailOnTimeout$CallableStatement.call(FailOnTimeout.java:299)
	at org.junit.internal.runners.statements.FailOnTimeout$CallableStatement.call(FailOnTimeout.java:293)
	at java.base/java.util.concurrent.FutureTask.run(FutureTask.java:264)
	at java.base/java.lang.Thread.run(Thread.java:829)
</error>
  </testcase>
  <testcase classname="net.byteseek.swing.treetable.TreeCellRenderer_ESTest" name="test19" time="0.011">
    <error message="sun/awt/image/ImageWatched" type="java.lang.NoClassDefFoundError">java.lang.NoClassDefFoundError: sun/awt/image/ImageWatched
	at java.desktop/sun.awt.image.ToolkitImage.makeImageRep(ToolkitImage.java:295)
	at java.desktop/sun.awt.image.ToolkitImage.getImageRep(ToolkitImage.java:304)
	at java.desktop/sun.awt.image.ToolkitImage.addWatcher(ToolkitImage.java:218)
	at java.desktop/sun.awt.image.ToolkitImage.getProperty(ToolkitImage.java:169)
	at java.desktop/javax.swing.ImageIcon.&lt;init&gt;(ImageIcon.java:290)
	at java.desktop/sun.swing.ImageIconUIResource.&lt;init&gt;(ImageIconUIResource.java:48)
	at java.desktop/sun.swing.SwingUtilities2.lambda$makeIcon$1(SwingUtilities2.java:1729)
	at java.desktop/javax.swing.UIDefaults.getFromHashtable(UIDefaults.java:224)
	at java.desktop/javax.swing.UIDefaults.get(UIDefaults.java:169)
	at java.desktop/javax.swing.MultiUIDefaults.get(MultiUIDefaults.java:65)
	at java.desktop/javax.swing.UIDefaults.getIcon(UIDefaults.java:480)
	at java.desktop/javax.swing.UIManager.getIcon(UIManager.java:780)
	at net.byteseek.swing.treetable.TreeCellRenderer.&lt;init&gt;(TreeCellRenderer.java:128)
	at net.byteseek.swing.treetable.TreeCellRenderer_ESTest.test19(TreeCellRenderer_ESTest.java:257)
	at java.base/jdk.internal.reflect.NativeMethodAccessorImpl.invoke0(Native Method)
	at java.base/jdk.internal.reflect.NativeMethodAccessorImpl.invoke(NativeMethodAccessorImpl.java:62)
	at java.base/jdk.internal.reflect.DelegatingMethodAccessorImpl.invoke(DelegatingMethodAccessorImpl.java:43)
	at java.base/java.lang.reflect.Method.invoke(Method.java:566)
	at org.junit.runners.model.FrameworkMethod$1.runReflectiveCall(FrameworkMethod.java:59)
	at org.junit.internal.runners.model.ReflectiveCallable.run(ReflectiveCallable.java:12)
	at org.junit.runners.model.FrameworkMethod.invokeExplosively(FrameworkMethod.java:56)
	at org.junit.internal.runners.statements.InvokeMethod.evaluate(InvokeMethod.java:17)
	at org.junit.internal.runners.statements.FailOnTimeout$CallableStatement.call(FailOnTimeout.java:299)
	at org.junit.internal.runners.statements.FailOnTimeout$CallableStatement.call(FailOnTimeout.java:293)
	at java.base/java.util.concurrent.FutureTask.run(FutureTask.java:264)
	at java.base/java.lang.Thread.run(Thread.java:829)
</error>
  </testcase>
  <testcase classname="net.byteseek.swing.treetable.TreeCellRenderer_ESTest" name="test17" time="0.103">
    <error message="sun/awt/image/ImageWatched" type="java.lang.NoClassDefFoundError">java.lang.NoClassDefFoundError: sun/awt/image/ImageWatched
	at java.desktop/sun.awt.image.ToolkitImage.makeImageRep(ToolkitImage.java:295)
	at java.desktop/sun.awt.image.ToolkitImage.getImageRep(ToolkitImage.java:304)
	at java.desktop/sun.awt.image.ToolkitImage.addWatcher(ToolkitImage.java:218)
	at java.desktop/sun.awt.image.ToolkitImage.getProperty(ToolkitImage.java:169)
	at java.desktop/javax.swing.ImageIcon.&lt;init&gt;(ImageIcon.java:290)
	at java.desktop/sun.swing.ImageIconUIResource.&lt;init&gt;(ImageIconUIResource.java:48)
	at java.desktop/sun.swing.SwingUtilities2.lambda$makeIcon$1(SwingUtilities2.java:1729)
	at java.desktop/javax.swing.UIDefaults.getFromHashtable(UIDefaults.java:224)
	at java.desktop/javax.swing.UIDefaults.get(UIDefaults.java:169)
	at java.desktop/javax.swing.MultiUIDefaults.get(MultiUIDefaults.java:65)
	at java.desktop/javax.swing.UIDefaults.getIcon(UIDefaults.java:480)
	at java.desktop/javax.swing.UIManager.getIcon(UIManager.java:780)
	at net.byteseek.swing.treetable.TreeCellRenderer.&lt;init&gt;(TreeCellRenderer.java:128)
	at net.byteseek.swing.treetable.TreeCellRenderer_ESTest.test17(TreeCellRenderer_ESTest.java:233)
	at java.base/jdk.internal.reflect.NativeMethodAccessorImpl.invoke0(Native Method)
	at java.base/jdk.internal.reflect.NativeMethodAccessorImpl.invoke(NativeMethodAccessorImpl.java:62)
	at java.base/jdk.internal.reflect.DelegatingMethodAccessorImpl.invoke(DelegatingMethodAccessorImpl.java:43)
	at java.base/java.lang.reflect.Method.invoke(Method.java:566)
	at org.junit.runners.model.FrameworkMethod$1.runReflectiveCall(FrameworkMethod.java:59)
	at org.junit.internal.runners.model.ReflectiveCallable.run(ReflectiveCallable.java:12)
	at org.junit.runners.model.FrameworkMethod.invokeExplosively(FrameworkMethod.java:56)
	at org.junit.internal.runners.statements.InvokeMethod.evaluate(InvokeMethod.java:17)
	at org.junit.internal.runners.statements.FailOnTimeout$CallableStatement.call(FailOnTimeout.java:299)
	at org.junit.internal.runners.statements.FailOnTimeout$CallableStatement.call(FailOnTimeout.java:293)
	at java.base/java.util.concurrent.FutureTask.run(FutureTask.java:264)
	at java.base/java.lang.Thread.run(Thread.java:829)
</error>
  </testcase>
  <testcase classname="net.byteseek.swing.treetable.TreeCellRenderer_ESTest" name="test18" time="0.052">
    <error message="sun/awt/image/ImageWatched" type="java.lang.NoClassDefFoundError">java.lang.NoClassDefFoundError: sun/awt/image/ImageWatched
	at java.desktop/sun.awt.image.ToolkitImage.makeImageRep(ToolkitImage.java:295)
	at java.desktop/sun.awt.image.ToolkitImage.getImageRep(ToolkitImage.java:304)
	at java.desktop/sun.awt.image.ToolkitImage.addWatcher(ToolkitImage.java:218)
	at java.desktop/sun.awt.image.ToolkitImage.getProperty(ToolkitImage.java:169)
	at java.desktop/javax.swing.ImageIcon.&lt;init&gt;(ImageIcon.java:290)
	at java.desktop/sun.swing.ImageIconUIResource.&lt;init&gt;(ImageIconUIResource.java:48)
	at java.desktop/sun.swing.SwingUtilities2.lambda$makeIcon$1(SwingUtilities2.java:1729)
	at java.desktop/javax.swing.UIDefaults.getFromHashtable(UIDefaults.java:224)
	at java.desktop/javax.swing.UIDefaults.get(UIDefaults.java:169)
	at java.desktop/javax.swing.MultiUIDefaults.get(MultiUIDefaults.java:65)
	at java.desktop/javax.swing.UIDefaults.getIcon(UIDefaults.java:480)
	at java.desktop/javax.swing.UIManager.getIcon(UIManager.java:780)
	at net.byteseek.swing.treetable.TreeCellRenderer.&lt;init&gt;(TreeCellRenderer.java:128)
	at net.byteseek.swing.treetable.TreeCellRenderer_ESTest.test18(TreeCellRenderer_ESTest.java:242)
	at java.base/jdk.internal.reflect.NativeMethodAccessorImpl.invoke0(Native Method)
	at java.base/jdk.internal.reflect.NativeMethodAccessorImpl.invoke(NativeMethodAccessorImpl.java:62)
	at java.base/jdk.internal.reflect.DelegatingMethodAccessorImpl.invoke(DelegatingMethodAccessorImpl.java:43)
	at java.base/java.lang.reflect.Method.invoke(Method.java:566)
	at org.junit.runners.model.FrameworkMethod$1.runReflectiveCall(FrameworkMethod.java:59)
	at org.junit.internal.runners.model.ReflectiveCallable.run(ReflectiveCallable.java:12)
	at org.junit.runners.model.FrameworkMethod.invokeExplosively(FrameworkMethod.java:56)
	at org.junit.internal.runners.statements.InvokeMethod.evaluate(InvokeMethod.java:17)
	at org.junit.internal.runners.statements.FailOnTimeout$CallableStatement.call(FailOnTimeout.java:299)
	at org.junit.internal.runners.statements.FailOnTimeout$CallableStatement.call(FailOnTimeout.java:293)
	at java.base/java.util.concurrent.FutureTask.run(FutureTask.java:264)
	at java.base/java.lang.Thread.run(Thread.java:829)
</error>
  </testcase>
  <testcase classname="net.byteseek.swing.treetable.TreeCellRenderer_ESTest" name="test15" time="0.004">
    <error message="sun/awt/image/ImageWatched" type="java.lang.NoClassDefFoundError">java.lang.NoClassDefFoundError: sun/awt/image/ImageWatched
	at java.desktop/sun.awt.image.ToolkitImage.makeImageRep(ToolkitImage.java:295)
	at java.desktop/sun.awt.image.ToolkitImage.getImageRep(ToolkitImage.java:304)
	at java.desktop/sun.awt.image.ToolkitImage.addWatcher(ToolkitImage.java:218)
	at java.desktop/sun.awt.image.ToolkitImage.getProperty(ToolkitImage.java:169)
	at java.desktop/javax.swing.ImageIcon.&lt;init&gt;(ImageIcon.java:290)
	at java.desktop/sun.swing.ImageIconUIResource.&lt;init&gt;(ImageIconUIResource.java:48)
	at java.desktop/sun.swing.SwingUtilities2.lambda$makeIcon$1(SwingUtilities2.java:1729)
	at java.desktop/javax.swing.UIDefaults.getFromHashtable(UIDefaults.java:224)
	at java.desktop/javax.swing.UIDefaults.get(UIDefaults.java:169)
	at java.desktop/javax.swing.MultiUIDefaults.get(MultiUIDefaults.java:65)
	at java.desktop/javax.swing.UIDefaults.getIcon(UIDefaults.java:480)
	at java.desktop/javax.swing.UIManager.getIcon(UIManager.java:780)
	at net.byteseek.swing.treetable.TreeCellRenderer.&lt;init&gt;(TreeCellRenderer.java:128)
	at net.byteseek.swing.treetable.TreeCellRenderer_ESTest.test15(TreeCellRenderer_ESTest.java:213)
	at java.base/jdk.internal.reflect.NativeMethodAccessorImpl.invoke0(Native Method)
	at java.base/jdk.internal.reflect.NativeMethodAccessorImpl.invoke(NativeMethodAccessorImpl.java:62)
	at java.base/jdk.internal.reflect.DelegatingMethodAccessorImpl.invoke(DelegatingMethodAccessorImpl.java:43)
	at java.base/java.lang.reflect.Method.invoke(Method.java:566)
	at org.junit.runners.model.FrameworkMethod$1.runReflectiveCall(FrameworkMethod.java:59)
	at org.junit.internal.runners.model.ReflectiveCallable.run(ReflectiveCallable.java:12)
	at org.junit.runners.model.FrameworkMethod.invokeExplosively(FrameworkMethod.java:56)
	at org.junit.internal.runners.statements.InvokeMethod.evaluate(InvokeMethod.java:17)
	at org.junit.internal.runners.statements.FailOnTimeout$CallableStatement.call(FailOnTimeout.java:299)
	at org.junit.internal.runners.statements.FailOnTimeout$CallableStatement.call(FailOnTimeout.java:293)
	at java.base/java.util.concurrent.FutureTask.run(FutureTask.java:264)
	at java.base/java.lang.Thread.run(Thread.java:829)
</error>
  </testcase>
  <testcase classname="net.byteseek.swing.treetable.TreeCellRenderer_ESTest" name="test16" time="0.104">
    <error message="sun/awt/image/ImageWatched" type="java.lang.NoClassDefFoundError">java.lang.NoClassDefFoundError: sun/awt/image/ImageWatched
	at java.desktop/sun.awt.image.ToolkitImage.makeImageRep(ToolkitImage.java:295)
	at java.desktop/sun.awt.image.ToolkitImage.getImageRep(ToolkitImage.java:304)
	at java.desktop/sun.awt.image.ToolkitImage.addWatcher(ToolkitImage.java:218)
	at java.desktop/sun.awt.image.ToolkitImage.getProperty(ToolkitImage.java:169)
	at java.desktop/javax.swing.ImageIcon.&lt;init&gt;(ImageIcon.java:290)
	at java.desktop/sun.swing.ImageIconUIResource.&lt;init&gt;(ImageIconUIResource.java:48)
	at java.desktop/sun.swing.SwingUtilities2.lambda$makeIcon$1(SwingUtilities2.java:1729)
	at java.desktop/javax.swing.UIDefaults.getFromHashtable(UIDefaults.java:224)
	at java.desktop/javax.swing.UIDefaults.get(UIDefaults.java:169)
	at java.desktop/javax.swing.MultiUIDefaults.get(MultiUIDefaults.java:65)
	at java.desktop/javax.swing.UIDefaults.getIcon(UIDefaults.java:480)
	at java.desktop/javax.swing.UIManager.getIcon(UIManager.java:780)
	at net.byteseek.swing.treetable.TreeCellRenderer.&lt;init&gt;(TreeCellRenderer.java:128)
	at net.byteseek.swing.treetable.TreeCellRenderer_ESTest.test16(TreeCellRenderer_ESTest.java:223)
	at java.base/jdk.internal.reflect.NativeMethodAccessorImpl.invoke0(Native Method)
	at java.base/jdk.internal.reflect.NativeMethodAccessorImpl.invoke(NativeMethodAccessorImpl.java:62)
	at java.base/jdk.internal.reflect.DelegatingMethodAccessorImpl.invoke(DelegatingMethodAccessorImpl.java:43)
	at java.base/java.lang.reflect.Method.invoke(Method.java:566)
	at org.junit.runners.model.FrameworkMethod$1.runReflectiveCall(FrameworkMethod.java:59)
	at org.junit.internal.runners.model.ReflectiveCallable.run(ReflectiveCallable.java:12)
	at org.junit.runners.model.FrameworkMethod.invokeExplosively(FrameworkMethod.java:56)
	at org.junit.internal.runners.statements.InvokeMethod.evaluate(InvokeMethod.java:17)
	at org.junit.internal.runners.statements.FailOnTimeout$CallableStatement.call(FailOnTimeout.java:299)
	at org.junit.internal.runners.statements.FailOnTimeout$CallableStatement.call(FailOnTimeout.java:293)
	at java.base/java.util.concurrent.FutureTask.run(FutureTask.java:264)
	at java.base/java.lang.Thread.run(Thread.java:829)
</error>
  </testcase>
  <testcase classname="net.byteseek.swing.treetable.TreeCellRenderer_ESTest" name="test13" time="0.04">
    <error message="sun/awt/image/ImageWatched" type="java.lang.NoClassDefFoundError">java.lang.NoClassDefFoundError: sun/awt/image/ImageWatched
	at java.desktop/sun.awt.image.ToolkitImage.makeImageRep(ToolkitImage.java:295)
	at java.desktop/sun.awt.image.ToolkitImage.getImageRep(ToolkitImage.java:304)
	at java.desktop/sun.awt.image.ToolkitImage.addWatcher(ToolkitImage.java:218)
	at java.desktop/sun.awt.image.ToolkitImage.getProperty(ToolkitImage.java:169)
	at java.desktop/javax.swing.ImageIcon.&lt;init&gt;(ImageIcon.java:290)
	at java.desktop/sun.swing.ImageIconUIResource.&lt;init&gt;(ImageIconUIResource.java:48)
	at java.desktop/sun.swing.SwingUtilities2.lambda$makeIcon$1(SwingUtilities2.java:1729)
	at java.desktop/javax.swing.UIDefaults.getFromHashtable(UIDefaults.java:224)
	at java.desktop/javax.swing.UIDefaults.get(UIDefaults.java:169)
	at java.desktop/javax.swing.MultiUIDefaults.get(MultiUIDefaults.java:65)
	at java.desktop/javax.swing.UIDefaults.getIcon(UIDefaults.java:480)
	at java.desktop/javax.swing.UIManager.getIcon(UIManager.java:780)
	at net.byteseek.swing.treetable.TreeCellRenderer.&lt;init&gt;(TreeCellRenderer.java:128)
	at net.byteseek.swing.treetable.TreeCellRenderer_ESTest.test13(TreeCellRenderer_ESTest.java:192)
	at java.base/jdk.internal.reflect.NativeMethodAccessorImpl.invoke0(Native Method)
	at java.base/jdk.internal.reflect.NativeMethodAccessorImpl.invoke(NativeMethodAccessorImpl.java:62)
	at java.base/jdk.internal.reflect.DelegatingMethodAccessorImpl.invoke(DelegatingMethodAccessorImpl.java:43)
	at java.base/java.lang.reflect.Method.invoke(Method.java:566)
	at org.junit.runners.model.FrameworkMethod$1.runReflectiveCall(FrameworkMethod.java:59)
	at org.junit.internal.runners.model.ReflectiveCallable.run(ReflectiveCallable.java:12)
	at org.junit.runners.model.FrameworkMethod.invokeExplosively(FrameworkMethod.java:56)
	at org.junit.internal.runners.statements.InvokeMethod.evaluate(InvokeMethod.java:17)
	at org.junit.internal.runners.statements.FailOnTimeout$CallableStatement.call(FailOnTimeout.java:299)
	at org.junit.internal.runners.statements.FailOnTimeout$CallableStatement.call(FailOnTimeout.java:293)
	at java.base/java.util.concurrent.FutureTask.run(FutureTask.java:264)
	at java.base/java.lang.Thread.run(Thread.java:829)
</error>
  </testcase>
  <testcase classname="net.byteseek.swing.treetable.TreeCellRenderer_ESTest" name="test57" time="0.003">
    <error message="sun/awt/image/ImageWatched" type="java.lang.NoClassDefFoundError">java.lang.NoClassDefFoundError: sun/awt/image/ImageWatched
	at java.desktop/sun.awt.image.ToolkitImage.makeImageRep(ToolkitImage.java:295)
	at java.desktop/sun.awt.image.ToolkitImage.getImageRep(ToolkitImage.java:304)
	at java.desktop/sun.awt.image.ToolkitImage.addWatcher(ToolkitImage.java:218)
	at java.desktop/sun.awt.image.ToolkitImage.getProperty(ToolkitImage.java:169)
	at java.desktop/javax.swing.ImageIcon.&lt;init&gt;(ImageIcon.java:290)
	at java.desktop/sun.swing.ImageIconUIResource.&lt;init&gt;(ImageIconUIResource.java:48)
	at java.desktop/sun.swing.SwingUtilities2.lambda$makeIcon$1(SwingUtilities2.java:1729)
	at java.desktop/javax.swing.UIDefaults.getFromHashtable(UIDefaults.java:224)
	at java.desktop/javax.swing.UIDefaults.get(UIDefaults.java:169)
	at java.desktop/javax.swing.MultiUIDefaults.get(MultiUIDefaults.java:65)
	at java.desktop/javax.swing.UIDefaults.getIcon(UIDefaults.java:480)
	at java.desktop/javax.swing.UIManager.getIcon(UIManager.java:780)
	at net.byteseek.swing.treetable.TreeCellRenderer.&lt;init&gt;(TreeCellRenderer.java:128)
	at net.byteseek.swing.treetable.TreeCellRenderer_ESTest.test57(TreeCellRenderer_ESTest.java:775)
	at java.base/jdk.internal.reflect.NativeMethodAccessorImpl.invoke0(Native Method)
	at java.base/jdk.internal.reflect.NativeMethodAccessorImpl.invoke(NativeMethodAccessorImpl.java:62)
	at java.base/jdk.internal.reflect.DelegatingMethodAccessorImpl.invoke(DelegatingMethodAccessorImpl.java:43)
	at java.base/java.lang.reflect.Method.invoke(Method.java:566)
	at org.junit.runners.model.FrameworkMethod$1.runReflectiveCall(FrameworkMethod.java:59)
	at org.junit.internal.runners.model.ReflectiveCallable.run(ReflectiveCallable.java:12)
	at org.junit.runners.model.FrameworkMethod.invokeExplosively(FrameworkMethod.java:56)
	at org.junit.internal.runners.statements.InvokeMethod.evaluate(InvokeMethod.java:17)
	at org.junit.internal.runners.statements.FailOnTimeout$CallableStatement.call(FailOnTimeout.java:299)
	at org.junit.internal.runners.statements.FailOnTimeout$CallableStatement.call(FailOnTimeout.java:293)
	at java.base/java.util.concurrent.FutureTask.run(FutureTask.java:264)
	at java.base/java.lang.Thread.run(Thread.java:829)
</error>
  </testcase>
  <testcase classname="net.byteseek.swing.treetable.TreeCellRenderer_ESTest" name="test14" time="0.004">
    <error message="sun/awt/image/ImageWatched" type="java.lang.NoClassDefFoundError">java.lang.NoClassDefFoundError: sun/awt/image/ImageWatched
	at java.desktop/sun.awt.image.ToolkitImage.makeImageRep(ToolkitImage.java:295)
	at java.desktop/sun.awt.image.ToolkitImage.getImageRep(ToolkitImage.java:304)
	at java.desktop/sun.awt.image.ToolkitImage.addWatcher(ToolkitImage.java:218)
	at java.desktop/sun.awt.image.ToolkitImage.getProperty(ToolkitImage.java:169)
	at java.desktop/javax.swing.ImageIcon.&lt;init&gt;(ImageIcon.java:290)
	at java.desktop/sun.swing.ImageIconUIResource.&lt;init&gt;(ImageIconUIResource.java:48)
	at java.desktop/sun.swing.SwingUtilities2.lambda$makeIcon$1(SwingUtilities2.java:1729)
	at java.desktop/javax.swing.UIDefaults.getFromHashtable(UIDefaults.java:224)
	at java.desktop/javax.swing.UIDefaults.get(UIDefaults.java:169)
	at java.desktop/javax.swing.MultiUIDefaults.get(MultiUIDefaults.java:65)
	at java.desktop/javax.swing.UIDefaults.getIcon(UIDefaults.java:480)
	at java.desktop/javax.swing.UIManager.getIcon(UIManager.java:780)
	at net.byteseek.swing.treetable.TreeCellRenderer.&lt;init&gt;(TreeCellRenderer.java:128)
	at net.byteseek.swing.treetable.TreeCellRenderer_ESTest.test14(TreeCellRenderer_ESTest.java:203)
	at java.base/jdk.internal.reflect.NativeMethodAccessorImpl.invoke0(Native Method)
	at java.base/jdk.internal.reflect.NativeMethodAccessorImpl.invoke(NativeMethodAccessorImpl.java:62)
	at java.base/jdk.internal.reflect.DelegatingMethodAccessorImpl.invoke(DelegatingMethodAccessorImpl.java:43)
	at java.base/java.lang.reflect.Method.invoke(Method.java:566)
	at org.junit.runners.model.FrameworkMethod$1.runReflectiveCall(FrameworkMethod.java:59)
	at org.junit.internal.runners.model.ReflectiveCallable.run(ReflectiveCallable.java:12)
	at org.junit.runners.model.FrameworkMethod.invokeExplosively(FrameworkMethod.java:56)
	at org.junit.internal.runners.statements.InvokeMethod.evaluate(InvokeMethod.java:17)
	at org.junit.internal.runners.statements.FailOnTimeout$CallableStatement.call(FailOnTimeout.java:299)
	at org.junit.internal.runners.statements.FailOnTimeout$CallableStatement.call(FailOnTimeout.java:293)
	at java.base/java.util.concurrent.FutureTask.run(FutureTask.java:264)
	at java.base/java.lang.Thread.run(Thread.java:829)
</error>
  </testcase>
  <testcase classname="net.byteseek.swing.treetable.TreeCellRenderer_ESTest" name="test58" time="0.004">
    <error message="sun/awt/image/ImageWatched" type="java.lang.NoClassDefFoundError">java.lang.NoClassDefFoundError: sun/awt/image/ImageWatched
	at java.desktop/sun.awt.image.ToolkitImage.makeImageRep(ToolkitImage.java:295)
	at java.desktop/sun.awt.image.ToolkitImage.getImageRep(ToolkitImage.java:304)
	at java.desktop/sun.awt.image.ToolkitImage.addWatcher(ToolkitImage.java:218)
	at java.desktop/sun.awt.image.ToolkitImage.getProperty(ToolkitImage.java:169)
	at java.desktop/javax.swing.ImageIcon.&lt;init&gt;(ImageIcon.java:290)
	at java.desktop/sun.swing.ImageIconUIResource.&lt;init&gt;(ImageIconUIResource.java:48)
	at java.desktop/sun.swing.SwingUtilities2.lambda$makeIcon$1(SwingUtilities2.java:1729)
	at java.desktop/javax.swing.UIDefaults.getFromHashtable(UIDefaults.java:224)
	at java.desktop/javax.swing.UIDefaults.get(UIDefaults.java:169)
	at java.desktop/javax.swing.MultiUIDefaults.get(MultiUIDefaults.java:65)
	at java.desktop/javax.swing.UIDefaults.getIcon(UIDefaults.java:480)
	at java.desktop/javax.swing.UIManager.getIcon(UIManager.java:780)
	at net.byteseek.swing.treetable.TreeCellRenderer.&lt;init&gt;(TreeCellRenderer.java:128)
	at net.byteseek.swing.treetable.TreeCellRenderer_ESTest.test58(TreeCellRenderer_ESTest.java:784)
	at java.base/jdk.internal.reflect.NativeMethodAccessorImpl.invoke0(Native Method)
	at java.base/jdk.internal.reflect.NativeMethodAccessorImpl.invoke(NativeMethodAccessorImpl.java:62)
	at java.base/jdk.internal.reflect.DelegatingMethodAccessorImpl.invoke(DelegatingMethodAccessorImpl.java:43)
	at java.base/java.lang.reflect.Method.invoke(Method.java:566)
	at org.junit.runners.model.FrameworkMethod$1.runReflectiveCall(FrameworkMethod.java:59)
	at org.junit.internal.runners.model.ReflectiveCallable.run(ReflectiveCallable.java:12)
	at org.junit.runners.model.FrameworkMethod.invokeExplosively(FrameworkMethod.java:56)
	at org.junit.internal.runners.statements.InvokeMethod.evaluate(InvokeMethod.java:17)
	at org.junit.internal.runners.statements.FailOnTimeout$CallableStatement.call(FailOnTimeout.java:299)
	at org.junit.internal.runners.statements.FailOnTimeout$CallableStatement.call(FailOnTimeout.java:293)
	at java.base/java.util.concurrent.FutureTask.run(FutureTask.java:264)
	at java.base/java.lang.Thread.run(Thread.java:829)
</error>
  </testcase>
  <testcase classname="net.byteseek.swing.treetable.TreeCellRenderer_ESTest" name="test11" time="0.002">
    <error message="sun/awt/image/ImageWatched" type="java.lang.NoClassDefFoundError">java.lang.NoClassDefFoundError: sun/awt/image/ImageWatched
	at java.desktop/sun.awt.image.ToolkitImage.makeImageRep(ToolkitImage.java:295)
	at java.desktop/sun.awt.image.ToolkitImage.getImageRep(ToolkitImage.java:304)
	at java.desktop/sun.awt.image.ToolkitImage.addWatcher(ToolkitImage.java:218)
	at java.desktop/sun.awt.image.ToolkitImage.getProperty(ToolkitImage.java:169)
	at java.desktop/javax.swing.ImageIcon.&lt;init&gt;(ImageIcon.java:290)
	at java.desktop/sun.swing.ImageIconUIResource.&lt;init&gt;(ImageIconUIResource.java:48)
	at java.desktop/sun.swing.SwingUtilities2.lambda$makeIcon$1(SwingUtilities2.java:1729)
	at java.desktop/javax.swing.UIDefaults.getFromHashtable(UIDefaults.java:224)
	at java.desktop/javax.swing.UIDefaults.get(UIDefaults.java:169)
	at java.desktop/javax.swing.MultiUIDefaults.get(MultiUIDefaults.java:65)
	at java.desktop/javax.swing.UIDefaults.getIcon(UIDefaults.java:480)
	at java.desktop/javax.swing.UIManager.getIcon(UIManager.java:780)
	at net.byteseek.swing.treetable.TreeCellRenderer.&lt;init&gt;(TreeCellRenderer.java:128)
	at net.byteseek.swing.treetable.TreeCellRenderer_ESTest.test11(TreeCellRenderer_ESTest.java:170)
	at java.base/jdk.internal.reflect.NativeMethodAccessorImpl.invoke0(Native Method)
	at java.base/jdk.internal.reflect.NativeMethodAccessorImpl.invoke(NativeMethodAccessorImpl.java:62)
	at java.base/jdk.internal.reflect.DelegatingMethodAccessorImpl.invoke(DelegatingMethodAccessorImpl.java:43)
	at java.base/java.lang.reflect.Method.invoke(Method.java:566)
	at org.junit.runners.model.FrameworkMethod$1.runReflectiveCall(FrameworkMethod.java:59)
	at org.junit.internal.runners.model.ReflectiveCallable.run(ReflectiveCallable.java:12)
	at org.junit.runners.model.FrameworkMethod.invokeExplosively(FrameworkMethod.java:56)
	at org.junit.internal.runners.statements.InvokeMethod.evaluate(InvokeMethod.java:17)
	at org.junit.internal.runners.statements.FailOnTimeout$CallableStatement.call(FailOnTimeout.java:299)
	at org.junit.internal.runners.statements.FailOnTimeout$CallableStatement.call(FailOnTimeout.java:293)
	at java.base/java.util.concurrent.FutureTask.run(FutureTask.java:264)
	at java.base/java.lang.Thread.run(Thread.java:829)
</error>
  </testcase>
  <testcase classname="net.byteseek.swing.treetable.TreeCellRenderer_ESTest" name="test55" time="0.005">
    <error message="sun/awt/image/ImageWatched" type="java.lang.NoClassDefFoundError">java.lang.NoClassDefFoundError: sun/awt/image/ImageWatched
	at java.desktop/sun.awt.image.ToolkitImage.makeImageRep(ToolkitImage.java:295)
	at java.desktop/sun.awt.image.ToolkitImage.getImageRep(ToolkitImage.java:304)
	at java.desktop/sun.awt.image.ToolkitImage.addWatcher(ToolkitImage.java:218)
	at java.desktop/sun.awt.image.ToolkitImage.getProperty(ToolkitImage.java:169)
	at java.desktop/javax.swing.ImageIcon.&lt;init&gt;(ImageIcon.java:290)
	at java.desktop/sun.swing.ImageIconUIResource.&lt;init&gt;(ImageIconUIResource.java:48)
	at java.desktop/sun.swing.SwingUtilities2.lambda$makeIcon$1(SwingUtilities2.java:1729)
	at java.desktop/javax.swing.UIDefaults.getFromHashtable(UIDefaults.java:224)
	at java.desktop/javax.swing.UIDefaults.get(UIDefaults.java:169)
	at java.desktop/javax.swing.MultiUIDefaults.get(MultiUIDefaults.java:65)
	at java.desktop/javax.swing.UIDefaults.getIcon(UIDefaults.java:480)
	at java.desktop/javax.swing.UIManager.getIcon(UIManager.java:780)
	at net.byteseek.swing.treetable.TreeCellRenderer.&lt;init&gt;(TreeCellRenderer.java:128)
	at net.byteseek.swing.treetable.TreeCellRenderer_ESTest.test55(TreeCellRenderer_ESTest.java:748)
	at java.base/jdk.internal.reflect.NativeMethodAccessorImpl.invoke0(Native Method)
	at java.base/jdk.internal.reflect.NativeMethodAccessorImpl.invoke(NativeMethodAccessorImpl.java:62)
	at java.base/jdk.internal.reflect.DelegatingMethodAccessorImpl.invoke(DelegatingMethodAccessorImpl.java:43)
	at java.base/java.lang.reflect.Method.invoke(Method.java:566)
	at org.junit.runners.model.FrameworkMethod$1.runReflectiveCall(FrameworkMethod.java:59)
	at org.junit.internal.runners.model.ReflectiveCallable.run(ReflectiveCallable.java:12)
	at org.junit.runners.model.FrameworkMethod.invokeExplosively(FrameworkMethod.java:56)
	at org.junit.internal.runners.statements.InvokeMethod.evaluate(InvokeMethod.java:17)
	at org.junit.internal.runners.statements.FailOnTimeout$CallableStatement.call(FailOnTimeout.java:299)
	at org.junit.internal.runners.statements.FailOnTimeout$CallableStatement.call(FailOnTimeout.java:293)
	at java.base/java.util.concurrent.FutureTask.run(FutureTask.java:264)
	at java.base/java.lang.Thread.run(Thread.java:829)
</error>
  </testcase>
  <testcase classname="net.byteseek.swing.treetable.TreeCellRenderer_ESTest" name="test12" time="0.002">
    <error message="sun/awt/image/ImageWatched" type="java.lang.NoClassDefFoundError">java.lang.NoClassDefFoundError: sun/awt/image/ImageWatched
	at java.desktop/sun.awt.image.ToolkitImage.makeImageRep(ToolkitImage.java:295)
	at java.desktop/sun.awt.image.ToolkitImage.getImageRep(ToolkitImage.java:304)
	at java.desktop/sun.awt.image.ToolkitImage.addWatcher(ToolkitImage.java:218)
	at java.desktop/sun.awt.image.ToolkitImage.getProperty(ToolkitImage.java:169)
	at java.desktop/javax.swing.ImageIcon.&lt;init&gt;(ImageIcon.java:290)
	at java.desktop/sun.swing.ImageIconUIResource.&lt;init&gt;(ImageIconUIResource.java:48)
	at java.desktop/sun.swing.SwingUtilities2.lambda$makeIcon$1(SwingUtilities2.java:1729)
	at java.desktop/javax.swing.UIDefaults.getFromHashtable(UIDefaults.java:224)
	at java.desktop/javax.swing.UIDefaults.get(UIDefaults.java:169)
	at java.desktop/javax.swing.MultiUIDefaults.get(MultiUIDefaults.java:65)
	at java.desktop/javax.swing.UIDefaults.getIcon(UIDefaults.java:480)
	at java.desktop/javax.swing.UIManager.getIcon(UIManager.java:780)
	at net.byteseek.swing.treetable.TreeCellRenderer.&lt;init&gt;(TreeCellRenderer.java:128)
	at net.byteseek.swing.treetable.TreeCellRenderer_ESTest.test12(TreeCellRenderer_ESTest.java:182)
	at java.base/jdk.internal.reflect.NativeMethodAccessorImpl.invoke0(Native Method)
	at java.base/jdk.internal.reflect.NativeMethodAccessorImpl.invoke(NativeMethodAccessorImpl.java:62)
	at java.base/jdk.internal.reflect.DelegatingMethodAccessorImpl.invoke(DelegatingMethodAccessorImpl.java:43)
	at java.base/java.lang.reflect.Method.invoke(Method.java:566)
	at org.junit.runners.model.FrameworkMethod$1.runReflectiveCall(FrameworkMethod.java:59)
	at org.junit.internal.runners.model.ReflectiveCallable.run(ReflectiveCallable.java:12)
	at org.junit.runners.model.FrameworkMethod.invokeExplosively(FrameworkMethod.java:56)
	at org.junit.internal.runners.statements.InvokeMethod.evaluate(InvokeMethod.java:17)
	at org.junit.internal.runners.statements.FailOnTimeout$CallableStatement.call(FailOnTimeout.java:299)
	at org.junit.internal.runners.statements.FailOnTimeout$CallableStatement.call(FailOnTimeout.java:293)
	at java.base/java.util.concurrent.FutureTask.run(FutureTask.java:264)
	at java.base/java.lang.Thread.run(Thread.java:829)
</error>
  </testcase>
  <testcase classname="net.byteseek.swing.treetable.TreeCellRenderer_ESTest" name="test56" time="0.109">
    <error message="sun/awt/image/ImageWatched" type="java.lang.NoClassDefFoundError">java.lang.NoClassDefFoundError: sun/awt/image/ImageWatched
	at java.desktop/sun.awt.image.ToolkitImage.makeImageRep(ToolkitImage.java:295)
	at java.desktop/sun.awt.image.ToolkitImage.getImageRep(ToolkitImage.java:304)
	at java.desktop/sun.awt.image.ToolkitImage.addWatcher(ToolkitImage.java:218)
	at java.desktop/sun.awt.image.ToolkitImage.getProperty(ToolkitImage.java:169)
	at java.desktop/javax.swing.ImageIcon.&lt;init&gt;(ImageIcon.java:290)
	at java.desktop/sun.swing.ImageIconUIResource.&lt;init&gt;(ImageIconUIResource.java:48)
	at java.desktop/sun.swing.SwingUtilities2.lambda$makeIcon$1(SwingUtilities2.java:1729)
	at java.desktop/javax.swing.UIDefaults.getFromHashtable(UIDefaults.java:224)
	at java.desktop/javax.swing.UIDefaults.get(UIDefaults.java:169)
	at java.desktop/javax.swing.MultiUIDefaults.get(MultiUIDefaults.java:65)
	at java.desktop/javax.swing.UIDefaults.getIcon(UIDefaults.java:480)
	at java.desktop/javax.swing.UIManager.getIcon(UIManager.java:780)
	at net.byteseek.swing.treetable.TreeCellRenderer.&lt;init&gt;(TreeCellRenderer.java:128)
	at net.byteseek.swing.treetable.TreeCellRenderer_ESTest.test56(TreeCellRenderer_ESTest.java:757)
	at java.base/jdk.internal.reflect.NativeMethodAccessorImpl.invoke0(Native Method)
	at java.base/jdk.internal.reflect.NativeMethodAccessorImpl.invoke(NativeMethodAccessorImpl.java:62)
	at java.base/jdk.internal.reflect.DelegatingMethodAccessorImpl.invoke(DelegatingMethodAccessorImpl.java:43)
	at java.base/java.lang.reflect.Method.invoke(Method.java:566)
	at org.junit.runners.model.FrameworkMethod$1.runReflectiveCall(FrameworkMethod.java:59)
	at org.junit.internal.runners.model.ReflectiveCallable.run(ReflectiveCallable.java:12)
	at org.junit.runners.model.FrameworkMethod.invokeExplosively(FrameworkMethod.java:56)
	at org.junit.internal.runners.statements.InvokeMethod.evaluate(InvokeMethod.java:17)
	at org.junit.internal.runners.statements.FailOnTimeout$CallableStatement.call(FailOnTimeout.java:299)
	at org.junit.internal.runners.statements.FailOnTimeout$CallableStatement.call(FailOnTimeout.java:293)
	at java.base/java.util.concurrent.FutureTask.run(FutureTask.java:264)
	at java.base/java.lang.Thread.run(Thread.java:829)
</error>
  </testcase>
  <testcase classname="net.byteseek.swing.treetable.TreeCellRenderer_ESTest" name="test53" time="0.037">
[...]
	at org.junit.internal.runners.model.ReflectiveCallable.run(ReflectiveCallable.java:12)
	at org.junit.runners.model.FrameworkMethod.invokeExplosively(FrameworkMethod.java:56)
	at org.junit.internal.runners.statements.InvokeMethod.evaluate(InvokeMethod.java:17)
	at org.junit.internal.runners.statements.FailOnTimeout$CallableStatement.call(FailOnTimeout.java:299)
	at org.junit.internal.runners.statements.FailOnTimeout$CallableStatement.call(FailOnTimeout.java:293)
	at java.base/java.util.concurrent.FutureTask.run(FutureTask.java:264)
	at java.base/java.lang.Thread.run(Thread.java:829)
</error>
  </testcase>
  <testcase classname="net.byteseek.swing.treetable.TreeCellRenderer_ESTest" name="test00" time="0.003">
    <error message="sun/awt/image/ImageWatched" type="java.lang.NoClassDefFoundError">java.lang.NoClassDefFoundError: sun/awt/image/ImageWatched
	at java.desktop/sun.awt.image.ToolkitImage.makeImageRep(ToolkitImage.java:295)
	at java.desktop/sun.awt.image.ToolkitImage.getImageRep(ToolkitImage.java:304)
	at java.desktop/sun.awt.image.ToolkitImage.addWatcher(ToolkitImage.java:218)
	at java.desktop/sun.awt.image.ToolkitImage.getProperty(ToolkitImage.java:169)
	at java.desktop/javax.swing.ImageIcon.&lt;init&gt;(ImageIcon.java:290)
	at java.desktop/sun.swing.ImageIconUIResource.&lt;init&gt;(ImageIconUIResource.java:48)
	at java.desktop/sun.swing.SwingUtilities2.lambda$makeIcon$1(SwingUtilities2.java:1729)
	at java.desktop/javax.swing.UIDefaults.getFromHashtable(UIDefaults.java:224)
	at java.desktop/javax.swing.UIDefaults.get(UIDefaults.java:169)
	at java.desktop/javax.swing.MultiUIDefaults.get(MultiUIDefaults.java:65)
	at java.desktop/javax.swing.UIDefaults.getIcon(UIDefaults.java:480)
	at java.desktop/javax.swing.UIManager.getIcon(UIManager.java:780)
	at net.byteseek.swing.treetable.TreeCellRenderer.&lt;init&gt;(TreeCellRenderer.java:128)
	at net.byteseek.swing.treetable.TreeCellRenderer_ESTest.test00(TreeCellRenderer_ESTest.java:54)
	at java.base/jdk.internal.reflect.NativeMethodAccessorImpl.invoke0(Native Method)
	at java.base/jdk.internal.reflect.NativeMethodAccessorImpl.invoke(NativeMethodAccessorImpl.java:62)
	at java.base/jdk.internal.reflect.DelegatingMethodAccessorImpl.invoke(DelegatingMethodAccessorImpl.java:43)
	at java.base/java.lang.reflect.Method.invoke(Method.java:566)
	at org.junit.runners.model.FrameworkMethod$1.runReflectiveCall(FrameworkMethod.java:59)
	at org.junit.internal.runners.model.ReflectiveCallable.run(ReflectiveCallable.java:12)
	at org.junit.runners.model.FrameworkMethod.invokeExplosively(FrameworkMethod.java:56)
	at org.junit.internal.runners.statements.InvokeMethod.evaluate(InvokeMethod.java:17)
	at org.junit.internal.runners.statements.FailOnTimeout$CallableStatement.call(FailOnTimeout.java:299)
	at org.junit.internal.runners.statements.FailOnTimeout$CallableStatement.call(FailOnTimeout.java:293)
	at java.base/java.util.concurrent.FutureTask.run(FutureTask.java:264)
	at java.base/java.lang.Thread.run(Thread.java:829)
</error>
  </testcase>
  <testcase classname="net.byteseek.swing.treetable.TreeCellRenderer_ESTest" name="test44" time="0.004">
    <error message="sun/awt/image/ImageWatched" type="java.lang.NoClassDefFoundError">java.lang.NoClassDefFoundError: sun/awt/image/ImageWatched
	at java.desktop/sun.awt.image.ToolkitImage.makeImageRep(ToolkitImage.java:295)
	at java.desktop/sun.awt.image.ToolkitImage.getImageRep(ToolkitImage.java:304)
	at java.desktop/sun.awt.image.ToolkitImage.addWatcher(ToolkitImage.java:218)
	at java.desktop/sun.awt.image.ToolkitImage.getProperty(ToolkitImage.java:169)
	at java.desktop/javax.swing.ImageIcon.&lt;init&gt;(ImageIcon.java:290)
	at java.desktop/sun.swing.ImageIconUIResource.&lt;init&gt;(ImageIconUIResource.java:48)
	at java.desktop/sun.swing.SwingUtilities2.lambda$makeIcon$1(SwingUtilities2.java:1729)
	at java.desktop/javax.swing.UIDefaults.getFromHashtable(UIDefaults.java:224)
	at java.desktop/javax.swing.UIDefaults.get(UIDefaults.java:169)
	at java.desktop/javax.swing.MultiUIDefaults.get(MultiUIDefaults.java:65)
	at java.desktop/javax.swing.UIDefaults.getIcon(UIDefaults.java:480)
	at java.desktop/javax.swing.UIManager.getIcon(UIManager.java:780)
	at net.byteseek.swing.treetable.TreeCellRenderer.&lt;init&gt;(TreeCellRenderer.java:128)
	at net.byteseek.swing.treetable.TreeCellRenderer_ESTest.test44(TreeCellRenderer_ESTest.java:629)
	at java.base/jdk.internal.reflect.NativeMethodAccessorImpl.invoke0(Native Method)
	at java.base/jdk.internal.reflect.NativeMethodAccessorImpl.invoke(NativeMethodAccessorImpl.java:62)
	at java.base/jdk.internal.reflect.DelegatingMethodAccessorImpl.invoke(DelegatingMethodAccessorImpl.java:43)
	at java.base/java.lang.reflect.Method.invoke(Method.java:566)
	at org.junit.runners.model.FrameworkMethod$1.runReflectiveCall(FrameworkMethod.java:59)
	at org.junit.internal.runners.model.ReflectiveCallable.run(ReflectiveCallable.java:12)
	at org.junit.runners.model.FrameworkMethod.invokeExplosively(FrameworkMethod.java:56)
	at org.junit.internal.runners.statements.InvokeMethod.evaluate(InvokeMethod.java:17)
	at org.junit.internal.runners.statements.FailOnTimeout$CallableStatement.call(FailOnTimeout.java:299)
	at org.junit.internal.runners.statements.FailOnTimeout$CallableStatement.call(FailOnTimeout.java:293)
	at java.base/java.util.concurrent.FutureTask.run(FutureTask.java:264)
	at java.base/java.lang.Thread.run(Thread.java:829)
</error>
  </testcase>
  <testcase classname="net.byteseek.swing.treetable.TreeCellRenderer_ESTest" name="test01" time="0.001">
    <error message="sun/awt/image/ImageWatched" type="java.lang.NoClassDefFoundError">java.lang.NoClassDefFoundError: sun/awt/image/ImageWatched
	at java.desktop/sun.awt.image.ToolkitImage.makeImageRep(ToolkitImage.java:295)
	at java.desktop/sun.awt.image.ToolkitImage.getImageRep(ToolkitImage.java:304)
	at java.desktop/sun.awt.image.ToolkitImage.addWatcher(ToolkitImage.java:218)
	at java.desktop/sun.awt.image.ToolkitImage.getProperty(ToolkitImage.java:169)
	at java.desktop/javax.swing.ImageIcon.&lt;init&gt;(ImageIcon.java:290)
	at java.desktop/sun.swing.ImageIconUIResource.&lt;init&gt;(ImageIconUIResource.java:48)
	at java.desktop/sun.swing.SwingUtilities2.lambda$makeIcon$1(SwingUtilities2.java:1729)
	at java.desktop/javax.swing.UIDefaults.getFromHashtable(UIDefaults.java:224)
	at java.desktop/javax.swing.UIDefaults.get(UIDefaults.java:169)
	at java.desktop/javax.swing.MultiUIDefaults.get(MultiUIDefaults.java:65)
	at java.desktop/javax.swing.UIDefaults.getIcon(UIDefaults.java:480)
	at java.desktop/javax.swing.UIManager.getIcon(UIManager.java:780)
	at net.byteseek.swing.treetable.TreeCellRenderer.&lt;init&gt;(TreeCellRenderer.java:128)
	at net.byteseek.swing.treetable.TreeCellRenderer_ESTest.test01(TreeCellRenderer_ESTest.java:66)
	at java.base/jdk.internal.reflect.NativeMethodAccessorImpl.invoke0(Native Method)
	at java.base/jdk.internal.reflect.NativeMethodAccessorImpl.invoke(NativeMethodAccessorImpl.java:62)
	at java.base/jdk.internal.reflect.DelegatingMethodAccessorImpl.invoke(DelegatingMethodAccessorImpl.java:43)
	at java.base/java.lang.reflect.Method.invoke(Method.java:566)
	at org.junit.runners.model.FrameworkMethod$1.runReflectiveCall(FrameworkMethod.java:59)
	at org.junit.internal.runners.model.ReflectiveCallable.run(ReflectiveCallable.java:12)
	at org.junit.runners.model.FrameworkMethod.invokeExplosively(FrameworkMethod.java:56)
	at org.junit.internal.runners.statements.InvokeMethod.evaluate(InvokeMethod.java:17)
	at org.junit.internal.runners.statements.FailOnTimeout$CallableStatement.call(FailOnTimeout.java:299)
	at org.junit.internal.runners.statements.FailOnTimeout$CallableStatement.call(FailOnTimeout.java:293)
	at java.base/java.util.concurrent.FutureTask.run(FutureTask.java:264)
	at java.base/java.lang.Thread.run(Thread.java:829)
</error>
  </testcase>
  <testcase classname="net.byteseek.swing.treetable.TreeCellRenderer_ESTest" name="test45" time="0.003">
    <error message="sun/awt/image/ImageWatched" type="java.lang.NoClassDefFoundError">java.lang.NoClassDefFoundError: sun/awt/image/ImageWatched
	at java.desktop/sun.awt.image.ToolkitImage.makeImageRep(ToolkitImage.java:295)
	at java.desktop/sun.awt.image.ToolkitImage.getImageRep(ToolkitImage.java:304)
	at java.desktop/sun.awt.image.ToolkitImage.addWatcher(ToolkitImage.java:218)
	at java.desktop/sun.awt.image.ToolkitImage.getProperty(ToolkitImage.java:169)
	at java.desktop/javax.swing.ImageIcon.&lt;init&gt;(ImageIcon.java:290)
	at java.desktop/sun.swing.ImageIconUIResource.&lt;init&gt;(ImageIconUIResource.java:48)
	at java.desktop/sun.swing.SwingUtilities2.lambda$makeIcon$1(SwingUtilities2.java:1729)
	at java.desktop/javax.swing.UIDefaults.getFromHashtable(UIDefaults.java:224)
	at java.desktop/javax.swing.UIDefaults.get(UIDefaults.java:169)
	at java.desktop/javax.swing.MultiUIDefaults.get(MultiUIDefaults.java:65)
	at java.desktop/javax.swing.UIDefaults.getIcon(UIDefaults.java:480)
	at java.desktop/javax.swing.UIManager.getIcon(UIManager.java:780)
	at net.byteseek.swing.treetable.TreeCellRenderer.&lt;init&gt;(TreeCellRenderer.java:128)
	at net.byteseek.swing.treetable.TreeCellRenderer_ESTest.test45(TreeCellRenderer_ESTest.java:641)
	at java.base/jdk.internal.reflect.NativeMethodAccessorImpl.invoke0(Native Method)
	at java.base/jdk.internal.reflect.NativeMethodAccessorImpl.invoke(NativeMethodAccessorImpl.java:62)
	at java.base/jdk.internal.reflect.DelegatingMethodAccessorImpl.invoke(DelegatingMethodAccessorImpl.java:43)
	at java.base/java.lang.reflect.Method.invoke(Method.java:566)
	at org.junit.runners.model.FrameworkMethod$1.runReflectiveCall(FrameworkMethod.java:59)
	at org.junit.internal.runners.model.ReflectiveCallable.run(ReflectiveCallable.java:12)
	at org.junit.runners.model.FrameworkMethod.invokeExplosively(FrameworkMethod.java:56)
	at org.junit.internal.runners.statements.InvokeMethod.evaluate(InvokeMethod.java:17)
	at org.junit.internal.runners.statements.FailOnTimeout$CallableStatement.call(FailOnTimeout.java:299)
	at org.junit.internal.runners.statements.FailOnTimeout$CallableStatement.call(FailOnTimeout.java:293)
	at java.base/java.util.concurrent.FutureTask.run(FutureTask.java:264)
	at java.base/java.lang.Thread.run(Thread.java:829)
</error>
  </testcase>
  <testcase classname="net.byteseek.swing.treetable.TreeCellRenderer_ESTest" name="test42" time="0.001">
    <error message="sun/awt/image/ImageWatched" type="java.lang.NoClassDefFoundError">java.lang.NoClassDefFoundError: sun/awt/image/ImageWatched
	at java.desktop/sun.awt.image.ToolkitImage.makeImageRep(ToolkitImage.java:295)
	at java.desktop/sun.awt.image.ToolkitImage.getImageRep(ToolkitImage.java:304)
	at java.desktop/sun.awt.image.ToolkitImage.addWatcher(ToolkitImage.java:218)
	at java.desktop/sun.awt.image.ToolkitImage.getProperty(ToolkitImage.java:169)
	at java.desktop/javax.swing.ImageIcon.&lt;init&gt;(ImageIcon.java:290)
	at java.desktop/sun.swing.ImageIconUIResource.&lt;init&gt;(ImageIconUIResource.java:48)
	at java.desktop/sun.swing.SwingUtilities2.lambda$makeIcon$1(SwingUtilities2.java:1729)
	at java.desktop/javax.swing.UIDefaults.getFromHashtable(UIDefaults.java:224)
	at java.desktop/javax.swing.UIDefaults.get(UIDefaults.java:169)
	at java.desktop/javax.swing.MultiUIDefaults.get(MultiUIDefaults.java:65)
	at java.desktop/javax.swing.UIDefaults.getIcon(UIDefaults.java:480)
	at java.desktop/javax.swing.UIManager.getIcon(UIManager.java:780)
	at net.byteseek.swing.treetable.TreeCellRenderer.&lt;init&gt;(TreeCellRenderer.java:128)
	at net.byteseek.swing.treetable.TreeCellRenderer_ESTest.test42(TreeCellRenderer_ESTest.java:603)
	at java.base/jdk.internal.reflect.NativeMethodAccessorImpl.invoke0(Native Method)
	at java.base/jdk.internal.reflect.NativeMethodAccessorImpl.invoke(NativeMethodAccessorImpl.java:62)
	at java.base/jdk.internal.reflect.DelegatingMethodAccessorImpl.invoke(DelegatingMethodAccessorImpl.java:43)
	at java.base/java.lang.reflect.Method.invoke(Method.java:566)
	at org.junit.runners.model.FrameworkMethod$1.runReflectiveCall(FrameworkMethod.java:59)
	at org.junit.internal.runners.model.ReflectiveCallable.run(ReflectiveCallable.java:12)
	at org.junit.runners.model.FrameworkMethod.invokeExplosively(FrameworkMethod.java:56)
	at org.junit.internal.runners.statements.InvokeMethod.evaluate(InvokeMethod.java:17)
	at org.junit.internal.runners.statements.FailOnTimeout$CallableStatement.call(FailOnTimeout.java:299)
	at org.junit.internal.runners.statements.FailOnTimeout$CallableStatement.call(FailOnTimeout.java:293)
	at java.base/java.util.concurrent.FutureTask.run(FutureTask.java:264)
	at java.base/java.lang.Thread.run(Thread.java:829)
</error>
  </testcase>
  <testcase classname="net.byteseek.swing.treetable.TreeCellRenderer_ESTest" name="test43" time="0.004">
    <error message="sun/awt/image/ImageWatched" type="java.lang.NoClassDefFoundError">java.lang.NoClassDefFoundError: sun/awt/image/ImageWatched
	at java.desktop/sun.awt.image.ToolkitImage.makeImageRep(ToolkitImage.java:295)
	at java.desktop/sun.awt.image.ToolkitImage.getImageRep(ToolkitImage.java:304)
	at java.desktop/sun.awt.image.ToolkitImage.addWatcher(ToolkitImage.java:218)
	at java.desktop/sun.awt.image.ToolkitImage.getProperty(ToolkitImage.java:169)
	at java.desktop/javax.swing.ImageIcon.&lt;init&gt;(ImageIcon.java:290)
	at java.desktop/sun.swing.ImageIconUIResource.&lt;init&gt;(ImageIconUIResource.java:48)
	at java.desktop/sun.swing.SwingUtilities2.lambda$makeIcon$1(SwingUtilities2.java:1729)
	at java.desktop/javax.swing.UIDefaults.getFromHashtable(UIDefaults.java:224)
	at java.desktop/javax.swing.UIDefaults.get(UIDefaults.java:169)
	at java.desktop/javax.swing.MultiUIDefaults.get(MultiUIDefaults.java:65)
	at java.desktop/javax.swing.UIDefaults.getIcon(UIDefaults.java:480)
	at java.desktop/javax.swing.UIManager.getIcon(UIManager.java:780)
	at net.byteseek.swing.treetable.TreeCellRenderer.&lt;init&gt;(TreeCellRenderer.java:128)
	at net.byteseek.swing.treetable.TreeCellRenderer_ESTest.test43(TreeCellRenderer_ESTest.java:617)
	at java.base/jdk.internal.reflect.NativeMethodAccessorImpl.invoke0(Native Method)
	at java.base/jdk.internal.reflect.NativeMethodAccessorImpl.invoke(NativeMethodAccessorImpl.java:62)
	at java.base/jdk.internal.reflect.DelegatingMethodAccessorImpl.invoke(DelegatingMethodAccessorImpl.java:43)
	at java.base/java.lang.reflect.Method.invoke(Method.java:566)
	at org.junit.runners.model.FrameworkMethod$1.runReflectiveCall(FrameworkMethod.java:59)
	at org.junit.internal.runners.model.ReflectiveCallable.run(ReflectiveCallable.java:12)
	at org.junit.runners.model.FrameworkMethod.invokeExplosively(FrameworkMethod.java:56)
	at org.junit.internal.runners.statements.InvokeMethod.evaluate(InvokeMethod.java:17)
	at org.junit.internal.runners.statements.FailOnTimeout$CallableStatement.call(FailOnTimeout.java:299)
	at org.junit.internal.runners.statements.FailOnTimeout$CallableStatement.call(FailOnTimeout.java:293)
	at java.base/java.util.concurrent.FutureTask.run(FutureTask.java:264)
	at java.base/java.lang.Thread.run(Thread.java:829)
</error>
  </testcase>
  <testcase classname="net.byteseek.swing.treetable.TreeCellRenderer_ESTest" name="test40" time="0.118">
    <error message="sun/awt/image/ImageWatched" type="java.lang.NoClassDefFoundError">java.lang.NoClassDefFoundError: sun/awt/image/ImageWatched
	at java.desktop/sun.awt.image.ToolkitImage.makeImageRep(ToolkitImage.java:295)
	at java.desktop/sun.awt.image.ToolkitImage.getImageRep(ToolkitImage.java:304)
	at java.desktop/sun.awt.image.ToolkitImage.addWatcher(ToolkitImage.java:218)
	at java.desktop/sun.awt.image.ToolkitImage.getProperty(ToolkitImage.java:169)
	at java.desktop/javax.swing.ImageIcon.&lt;init&gt;(ImageIcon.java:290)
	at java.desktop/sun.swing.ImageIconUIResource.&lt;init&gt;(ImageIconUIResource.java:48)
	at java.desktop/sun.swing.SwingUtilities2.lambda$makeIcon$1(SwingUtilities2.java:1729)
	at java.desktop/javax.swing.UIDefaults.getFromHashtable(UIDefaults.java:224)
	at java.desktop/javax.swing.UIDefaults.get(UIDefaults.java:169)
	at java.desktop/javax.swing.MultiUIDefaults.get(MultiUIDefaults.java:65)
	at java.desktop/javax.swing.UIDefaults.getIcon(UIDefaults.java:480)
	at java.desktop/javax.swing.UIManager.getIcon(UIManager.java:780)
	at net.byteseek.swing.treetable.TreeCellRenderer.&lt;init&gt;(TreeCellRenderer.java:128)
	at net.byteseek.swing.treetable.TreeCellRenderer_ESTest.test40(TreeCellRenderer_ESTest.java:579)
	at java.base/jdk.internal.reflect.NativeMethodAccessorImpl.invoke0(Native Method)
	at java.base/jdk.internal.reflect.NativeMethodAccessorImpl.invoke(NativeMethodAccessorImpl.java:62)
	at java.base/jdk.internal.reflect.DelegatingMethodAccessorImpl.invoke(DelegatingMethodAccessorImpl.java:43)
	at java.base/java.lang.reflect.Method.invoke(Method.java:566)
	at org.junit.runners.model.FrameworkMethod$1.runReflectiveCall(FrameworkMethod.java:59)
	at org.junit.internal.runners.model.ReflectiveCallable.run(ReflectiveCallable.java:12)
	at org.junit.runners.model.FrameworkMethod.invokeExplosively(FrameworkMethod.java:56)
	at org.junit.internal.runners.statements.InvokeMethod.evaluate(InvokeMethod.java:17)
	at org.junit.internal.runners.statements.FailOnTimeout$CallableStatement.call(FailOnTimeout.java:299)
	at org.junit.internal.runners.statements.FailOnTimeout$CallableStatement.call(FailOnTimeout.java:293)
	at java.base/java.util.concurrent.FutureTask.run(FutureTask.java:264)
	at java.base/java.lang.Thread.run(Thread.java:829)
</error>
  </testcase>
  <testcase classname="net.byteseek.swing.treetable.TreeCellRenderer_ESTest" name="test41" time="0.036">
    <error message="sun/awt/image/ImageWatched" type="java.lang.NoClassDefFoundError">java.lang.NoClassDefFoundError: sun/awt/image/ImageWatched
	at java.desktop/sun.awt.image.ToolkitImage.makeImageRep(ToolkitImage.java:295)
	at java.desktop/sun.awt.image.ToolkitImage.getImageRep(ToolkitImage.java:304)
	at java.desktop/sun.awt.image.ToolkitImage.addWatcher(ToolkitImage.java:218)
	at java.desktop/sun.awt.image.ToolkitImage.getProperty(ToolkitImage.java:169)
	at java.desktop/javax.swing.ImageIcon.&lt;init&gt;(ImageIcon.java:290)
	at java.desktop/sun.swing.ImageIconUIResource.&lt;init&gt;(ImageIconUIResource.java:48)
	at java.desktop/sun.swing.SwingUtilities2.lambda$makeIcon$1(SwingUtilities2.java:1729)
	at java.desktop/javax.swing.UIDefaults.getFromHashtable(UIDefaults.java:224)
	at java.desktop/javax.swing.UIDefaults.get(UIDefaults.java:169)
	at java.desktop/javax.swing.MultiUIDefaults.get(MultiUIDefaults.java:65)
	at java.desktop/javax.swing.UIDefaults.getIcon(UIDefaults.java:480)
	at java.desktop/javax.swing.UIManager.getIcon(UIManager.java:780)
	at net.byteseek.swing.treetable.TreeCellRenderer.&lt;init&gt;(TreeCellRenderer.java:128)
	at net.byteseek.swing.treetable.TreeCellRenderer_ESTest.test41(TreeCellRenderer_ESTest.java:591)
	at java.base/jdk.internal.reflect.NativeMethodAccessorImpl.invoke0(Native Method)
	at java.base/jdk.internal.reflect.NativeMethodAccessorImpl.invoke(NativeMethodAccessorImpl.java:62)
	at java.base/jdk.internal.reflect.DelegatingMethodAccessorImpl.invoke(DelegatingMethodAccessorImpl.java:43)
	at java.base/java.lang.reflect.Method.invoke(Method.java:566)
	at org.junit.runners.model.FrameworkMethod$1.runReflectiveCall(FrameworkMethod.java:59)
	at org.junit.internal.runners.model.ReflectiveCallable.run(ReflectiveCallable.java:12)
	at org.junit.runners.model.FrameworkMethod.invokeExplosively(FrameworkMethod.java:56)
	at org.junit.internal.runners.statements.InvokeMethod.evaluate(InvokeMethod.java:17)
	at org.junit.internal.runners.statements.FailOnTimeout$CallableStatement.call(FailOnTimeout.java:299)
	at org.junit.internal.runners.statements.FailOnTimeout$CallableStatement.call(FailOnTimeout.java:293)
	at java.base/java.util.concurrent.FutureTask.run(FutureTask.java:264)
	at java.base/java.lang.Thread.run(Thread.java:829)
</error>
  </testcase>
</testsuite>