<?xml version="1.0" encoding="UTF-8" ?>
<testsuite tests="64" failures="0" name="net.byteseek.swing.treetable.TableUtils_ESTest" time="0.905" errors="2" skipped="0">
  <properties>
[...]
</properties>
  <testcase classname="net.byteseek.swing.treetable.TableUtils_ESTest" name="test39" time="0.006"/>
  <testcase classname="net.byteseek.swing.treetable.TableUtils_ESTest" name="test32" time="0.016"/>
  <testcase classname="net.byteseek.swing.treetable.TableUtils_ESTest" name="test31" time="0.005"/>
  <testcase classname="net.byteseek.swing.treetable.TableUtils_ESTest" name="test34" time="0.124"/>
  <testcase classname="net.byteseek.swing.treetable.TableUtils_ESTest" name="test33" time="0.015"/>
  <testcase classname="net.byteseek.swing.treetable.TableUtils_ESTest" name="test36" time="0.051"/>
  <testcase classname="net.byteseek.swing.treetable.TableUtils_ESTest" name="test35" time="0.008"/>
  <testcase classname="net.byteseek.swing.treetable.TableUtils_ESTest" name="test38" time="0.002"/>
  <testcase classname="net.byteseek.swing.treetable.TableUtils_ESTest" name="test37" time="0.01"/>
  <testcase classname="net.byteseek.swing.treetable.TableUtils_ESTest" name="test30" time="0.004"/>
  <testcase classname="net.byteseek.swing.treetable.TableUtils_ESTest" name="test29" time="0.006"/>
  <testcase classname="net.byteseek.swing.treetable.TableUtils_ESTest" name="test28" time="0.003"/>
  <testcase classname="net.byteseek.swing.treetable.TableUtils_ESTest" name="test21" time="0.129"/>
  <testcase classname="net.byteseek.swing.treetable.TableUtils_ESTest" name="test20" time="0.006"/>
  <testcase classname="net.byteseek.swing.treetable.TableUtils_ESTest" name="test23" time="0.005"/>
  <testcase classname="net.byteseek.swing.treetable.TableUtils_ESTest" name="test22" time="0.002"/>
  <testcase classname="net.byteseek.swing.treetable.TableUtils_ESTest" name="test25" time="0.001"/>
  <testcase classname="net.byteseek.swing.treetable.TableUtils_ESTest" name="test24" time="0.001"/>
  <testcase classname="net.byteseek.swing.treetable.TableUtils_ESTest" name="test27" time="0.001"/>
  <testcase classname="net.byteseek.swing.treetable.TableUtils_ESTest" name="test26" time="0.007"/>
  <testcase classname="net.byteseek.swing.treetable.TableUtils_ESTest" name="test61" time="0.004">
    <error message="Security manager blocks (&quot;java.awt.AWTPermission&quot; &quot;listenToAllAWTEvents&quot;)
java.base/java.lang.Thread.getStackTrace(Thread.java:1602)
org.evosuite.runtime.sandbox.MSecurityManager.checkPermission(MSecurityManager.java:433)
java.desktop/java.awt.Toolkit.addAWTEventListener(Toolkit.java:1818)
java.desktop/sun.awt.HeadlessToolkit.addAWTEventListener(HeadlessToolkit.java:383)
net.byteseek.swing.treetable.TableUtils$AWTMouseListenerReplacer.activate(TableUtils.java:369)
net.byteseek.swing.treetable.TableUtils_ESTest.test61(TableUtils_ESTest.java:611)
java.base/jdk.internal.reflect.NativeMethodAccessorImpl.invoke0(Native Method)
java.base/jdk.internal.reflect.NativeMethodAccessorImpl.invoke(NativeMethodAccessorImpl.java:62)
java.base/jdk.internal.reflect.DelegatingMethodAccessorImpl.invoke(DelegatingMethodAccessorImpl.java:43)
java.base/java.lang.reflect.Method.invoke(Method.java:566)
org.junit.runners.model.FrameworkMethod$1.runReflectiveCall(FrameworkMethod.java:59)
org.junit.internal.runners.model.ReflectiveCallable.run(ReflectiveCallable.java:12)
org.junit.runners.model.FrameworkMethod.invokeExplosively(FrameworkMethod.java:56)
org.junit.internal.runners.statements.InvokeMethod.evaluate(InvokeMethod.java:17)
org.junit.internal.runners.statements.FailOnTimeout$CallableStatement.call(FailOnTimeout.java:299)
org.junit.internal.runners.statements.FailOnTimeout$CallableStatement.call(FailOnTimeout.java:293)
java.base/java.util.concurrent.FutureTask.run(FutureTask.java:264)
java.base/java.lang.Thread.run(Thread.java:829)
" type="java.lang.SecurityException">java.lang.SecurityException: Security manager blocks (&quot;java.awt.AWTPermission&quot; &quot;listenToAllAWTEvents&quot;)
java.base/java.lang.Thread.getStackTrace(Thread.java:1602)
org.evosuite.runtime.sandbox.MSecurityManager.checkPermission(MSecurityManager.java:433)
java.desktop/java.awt.Toolkit.addAWTEventListener(Toolkit.java:1818)
java.desktop/sun.awt.HeadlessToolkit.addAWTEventListener(HeadlessToolkit.java:383)
net.byteseek.swing.treetable.TableUtils$AWTMouseListenerReplacer.activate(TableUtils.java:369)
net.byteseek.swing.treetable.TableUtils_ESTest.test61(TableUtils_ESTest.java:611)
java.base/jdk.internal.reflect.NativeMethodAccessorImpl.invoke0(Native Method)
java.base/jdk.internal.reflect.NativeMethodAccessorImpl.invoke(NativeMethodAccessorImpl.java:62)
java.base/jdk.internal.reflect.DelegatingMethodAccessorImpl.invoke(DelegatingMethodAccessorImpl.java:43)
java.base/java.lang.reflect.Method.invoke(Method.java:566)
org.junit.runners.model.FrameworkMethod$1.runReflectiveCall(FrameworkMethod.java:59)
org.junit.internal.runners.model.ReflectiveCallable.run(ReflectiveCallable.java:12)
org.junit.runners.model.FrameworkMethod.invokeExplosively(FrameworkMethod.java:56)
org.junit.internal.runners.statements.InvokeMethod.evaluate(InvokeMethod.java:17)
org.junit.internal.runners.statements.FailOnTimeout$CallableStatement.call(FailOnTimeout.java:299)
org.junit.internal.runners.statements.FailOnTimeout$CallableStatement.call(FailOnTimeout.java:293)
java.base/java.util.concurrent.FutureTask.run(FutureTask.java:264)
java.base/java.lang.Thread.run(Thread.java:829)

	at org.evosuite.runtime.sandbox.MSecurityManager.checkPermission(MSecurityManager.java:445)
	at java.desktop/java.awt.Toolkit.addAWTEventListener(Toolkit.java:1818)
	at java.desktop/sun.awt.HeadlessToolkit.addAWTEventListener(HeadlessToolkit.java:383)
	at net.byteseek.swing.treetable.TableUtils$AWTMouseListenerReplacer.activate(TableUtils.java:369)
	at net.byteseek.swing.treetable.TableUtils_ESTest.test61(TableUtils_ESTest.java:611)
	at java.base/jdk.internal.reflect.NativeMethodAccessorImpl.invoke0(Native Method)
	at java.base/jdk.internal.reflect.NativeMethodAccessorImpl.invoke(NativeMethodAccessorImpl.java:62)
	at java.base/jdk.internal.reflect.DelegatingMethodAccessorImpl.invoke(DelegatingMethodAccessorImpl.java:43)
	at java.base/java.lang.reflect.Method.invoke(Method.java:566)
	at org.junit.runners.model.FrameworkMethod$1.runReflectiveCall(FrameworkMethod.java:59)
	at org.junit.internal.runners.model.ReflectiveCallable.run(ReflectiveCallable.java:12)
	at org.junit.runners.model.FrameworkMethod.invokeExplosively(FrameworkMethod.java:56)
	at org.junit.internal.runners.statements.InvokeMethod.evaluate(InvokeMethod.java:17)
	at org.junit.internal.runners.statements.FailOnTimeout$CallableStatement.call(FailOnTimeout.java:299)
	at org.junit.internal.runners.statements.FailOnTimeout$CallableStatement.call(FailOnTimeout.java:293)
	at java.base/java.util.concurrent.FutureTask.run(FutureTask.java:264)
	at java.base/java.lang.Thread.run(Thread.java:829)
</error>
  </testcase>
  <testcase classname="net.byteseek.swing.treetable.TableUtils_ESTest" name="test60" time="0.007"/>
  <testcase classname="net.byteseek.swing.treetable.TableUtils_ESTest" name="test63" time="0.069">
    <error message="Security manager blocks (&quot;java.awt.AWTPermission&quot; &quot;listenToAllAWTEvents&quot;)
java.base/java.lang.Thread.getStackTrace(Thread.java:1602)
org.evosuite.runtime.sandbox.MSecurityManager.checkPermission(MSecurityManager.java:433)
java.desktop/java.awt.Toolkit.removeAWTEventListener(Toolkit.java:1887)
java.desktop/sun.awt.HeadlessToolkit.removeAWTEventListener(HeadlessToolkit.java:388)
net.byteseek.swing.treetable.TableUtils$AWTMouseListenerReplacer.deactivate(TableUtils.java:377)
net.byteseek.swing.treetable.TableUtils_ESTest.test63(TableUtils_ESTest.java:628)
java.base/jdk.internal.reflect.NativeMethodAccessorImpl.invoke0(Native Method)
java.base/jdk.internal.reflect.NativeMethodAccessorImpl.invoke(NativeMethodAccessorImpl.java:62)
java.base/jdk.internal.reflect.DelegatingMethodAccessorImpl.invoke(DelegatingMethodAccessorImpl.java:43)
java.base/java.lang.reflect.Method.invoke(Method.java:566)
org.junit.runners.model.FrameworkMethod$1.runReflectiveCall(FrameworkMethod.java:59)
org.junit.internal.runners.model.ReflectiveCallable.run(ReflectiveCallable.java:12)
org.junit.runners.model.FrameworkMethod.invokeExplosively(FrameworkMethod.java:56)
org.junit.internal.runners.statements.InvokeMethod.evaluate(InvokeMethod.java:17)
org.junit.internal.runners.statements.FailOnTimeout$CallableStatement.call(FailOnTimeout.java:299)
org.junit.internal.runners.statements.FailOnTimeout$CallableStatement.call(FailOnTimeout.java:293)
java.base/java.util.concurrent.FutureTask.run(FutureTask.java:264)
java.base/java.lang.Thread.run(Thread.java:829)
" type="java.lang.SecurityException">java.lang.SecurityException: Security manager blocks (&quot;java.awt.AWTPermission&quot; &quot;listenToAllAWTEvents&quot;)
java.base/java.lang.Thread.getStackTrace(Thread.java:1602)
org.evosuite.runtime.sandbox.MSecurityManager.checkPermission(MSecurityManager.java:433)
java.desktop/java.awt.Toolkit.removeAWTEventListener(Toolkit.java:1887)
java.desktop/sun.awt.HeadlessToolkit.removeAWTEventListener(HeadlessToolkit.java:388)
net.byteseek.swing.treetable.TableUtils$AWTMouseListenerReplacer.deactivate(TableUtils.java:377)
net.byteseek.swing.treetable.TableUtils_ESTest.test63(TableUtils_ESTest.java:628)
java.base/jdk.internal.reflect.NativeMethodAccessorImpl.invoke0(Native Method)
java.base/jdk.internal.reflect.NativeMethodAccessorImpl.invoke(NativeMethodAccessorImpl.java:62)
java.base/jdk.internal.reflect.DelegatingMethodAccessorImpl.invoke(DelegatingMethodAccessorImpl.java:43)
java.base/java.lang.reflect.Method.invoke(Method.java:566)
org.junit.runners.model.FrameworkMethod$1.runReflectiveCall(FrameworkMethod.java:59)
org.junit.internal.runners.model.ReflectiveCallable.run(ReflectiveCallable.java:12)
org.junit.runners.model.FrameworkMethod.invokeExplosively(FrameworkMethod.java:56)
org.junit.internal.runners.statements.InvokeMethod.evaluate(InvokeMethod.java:17)
org.junit.internal.runners.statements.FailOnTimeout$CallableStatement.call(FailOnTimeout.java:299)
org.junit.internal.runners.statements.FailOnTimeout$CallableStatement.call(FailOnTimeout.java:293)
java.base/java.util.concurrent.FutureTask.run(FutureTask.java:264)
java.base/java.lang.Thread.run(Thread.java:829)

	at org.evosuite.runtime.sandbox.MSecurityManager.checkPermission(MSecurityManager.java:445)
	at java.desktop/java.awt.Toolkit.removeAWTEventListener(Toolkit.java:1887)
	at java.desktop/sun.awt.HeadlessToolkit.removeAWTEventListener(HeadlessToolkit.java:388)
	at net.byteseek.swing.treetable.TableUtils$AWTMouseListenerReplacer.deactivate(TableUtils.java:377)
	at net.byteseek.swing.treetable.TableUtils_ESTest.test63(TableUtils_ESTest.java:628)
	at java.base/jdk.internal.reflect.NativeMethodAccessorImpl.invoke0(Native Method)
	at java.base/jdk.internal.reflect.NativeMethodAccessorImpl.invoke(NativeMethodAccessorImpl.java:62)
	at java.base/jdk.internal.reflect.DelegatingMethodAccessorImpl.invoke(DelegatingMethodAccessorImpl.java:43)
	at java.base/java.lang.reflect.Method.invoke(Method.java:566)
	at org.junit.runners.model.FrameworkMethod$1.runReflectiveCall(FrameworkMethod.java:59)
	at org.junit.internal.runners.model.ReflectiveCallable.run(ReflectiveCallable.java:12)
	at org.junit.runners.model.FrameworkMethod.invokeExplosively(FrameworkMethod.java:56)
	at org.junit.internal.runners.statements.InvokeMethod.evaluate(InvokeMethod.java:17)
	at org.junit.internal.runners.statements.FailOnTimeout$CallableStatement.call(FailOnTimeout.java:299)
	at org.junit.internal.runners.statements.FailOnTimeout$CallableStatement.call(FailOnTimeout.java:293)
	at java.base/java.util.concurrent.FutureTask.run(FutureTask.java:264)
	at java.base/java.lang.Thread.run(Thread.java:829)
</error>
  </testcase>
  <testcase classname="net.byteseek.swing.treetable.TableUtils_ESTest" name="test62" time="0.002"/>
  <testcase classname="net.byteseek.swing.treetable.TableUtils_ESTest" name="test18" time="0.014"/>
  <testcase classname="net.byteseek.swing.treetable.TableUtils_ESTest" name="test17" time="0.006"/>
  <testcase classname="net.byteseek.swing.treetable.TableUtils_ESTest" name="test19" time="0.004"/>
  <testcase classname="net.byteseek.swing.treetable.TableUtils_ESTest" name="test10" time="0.023"/>
  <testcase classname="net.byteseek.swing.treetable.TableUtils_ESTest" name="test54" time="0.001"/>
  <testcase classname="net.byteseek.swing.treetable.TableUtils_ESTest" name="test53" time="0.001"/>
  <testcase classname="net.byteseek.swing.treetable.TableUtils_ESTest" name="test12" time="0.003"/>
  <testcase classname="net.byteseek.swing.treetable.TableUtils_ESTest" name="test56" time="0.002"/>
  <testcase classname="net.byteseek.swing.treetable.TableUtils_ESTest" name="test11" time="0.003"/>
  <testcase classname="net.byteseek.swing.treetable.TableUtils_ESTest" name="test55" time="0.01"/>
  <testcase classname="net.byteseek.swing.treetable.TableUtils_ESTest" name="test14" time="0.015"/>
  <testcase classname="net.byteseek.swing.treetable.TableUtils_ESTest" name="test58" time="0.054"/>
  <testcase classname="net.byteseek.swing.treetable.TableUtils_ESTest" name="test13" time="0.007"/>
  <testcase classname="net.byteseek.swing.treetable.TableUtils_ESTest" name="test57" time="0.003"/>
  <testcase classname="net.byteseek.swing.treetable.TableUtils_ESTest" name="test16" time="0.008"/>
  <testcase classname="net.byteseek.swing.treetable.TableUtils_ESTest" name="test15" time="0.004"/>
  <testcase classname="net.byteseek.swing.treetable.TableUtils_ESTest" name="test59" time="0.004"/>
  <testcase classname="net.byteseek.swing.treetable.TableUtils_ESTest" name="test50" time="0.009"/>
  <testcase classname="net.byteseek.swing.treetable.TableUtils_ESTest" name="test52" time="0.004"/>
  <testcase classname="net.byteseek.swing.treetable.TableUtils_ESTest" name="test51" time="0"/>
  <testcase classname="net.byteseek.swing.treetable.TableUtils_ESTest" name="test07" time="0.001"/>
  <testcase classname="net.byteseek.swing.treetable.TableUtils_ESTest" name="test06" time="0"/>
  <testcase classname="net.byteseek.swing.treetable.TableUtils_ESTest" name="test09" time="0.001"/>
  <testcase classname="net.byteseek.swing.treetable.TableUtils_ESTest" name="test08" time="0.004"/>
  <testcase classname="net.byteseek.swing.treetable.TableUtils_ESTest" name="test43" time="0.004"/>
  <testcase classname="net.byteseek.swing.treetable.TableUtils_ESTest" name="test42" time="0.004"/>
  <testcase classname="net.byteseek.swing.treetable.TableUtils_ESTest" name="test01" time="0.009"/>
  <testcase classname="net.byteseek.swing.treetable.TableUtils_ESTest" name="test45" time="0.018"/>
  <testcase classname="net.byteseek.swing.treetable.TableUtils_ESTest" name="test00" time="0.057"/>
  <testcase classname="net.byteseek.swing.treetable.TableUtils_ESTest" name="test44" time="0.001"/>
  <testcase classname="net.byteseek.swing.treetable.TableUtils_ESTest" name="test03" time="0.001"/>
  <testcase classname="net.byteseek.swing.treetable.TableUtils_ESTest" name="test47" time="0.007"/>
  <testcase classname="net.byteseek.swing.treetable.TableUtils_ESTest" name="test02" time="0.001"/>
  <testcase classname="net.byteseek.swing.treetable.TableUtils_ESTest" name="test46" time="0.011"/>
  <testcase classname="net.byteseek.swing.treetable.TableUtils_ESTest" name="test05" time="0.008"/>
  <testcase classname="net.byteseek.swing.treetable.TableUtils_ESTest" name="test49" time="0.009"/>
  <testcase classname="net.byteseek.swing.treetable.TableUtils_ESTest" name="test04" time="0.008"/>
  <testcase classname="net.byteseek.swing.treetable.TableUtils_ESTest" name="test48" time="0.022"/>
  <testcase classname="net.byteseek.swing.treetable.TableUtils_ESTest" name="test41" time="0.013"/>
  <testcase classname="net.byteseek.swing.treetable.TableUtils_ESTest" name="test40" time="0.067"/>
</testsuite>