<?xml version="1.0" encoding="UTF-8" ?>
<testsuite tests="52" failures="0" name="net.byteseek.utils.collections.BlockModifyArrayList_ESTest" time="4.82" errors="1" skipped="0">
  <properties>
[...]
</properties>
  <testcase classname="net.byteseek.utils.collections.BlockModifyArrayList_ESTest" name="test15" time="0.001"/>
  <testcase classname="net.byteseek.utils.collections.BlockModifyArrayList_ESTest" name="test16" time="0.001"/>
  <testcase classname="net.byteseek.utils.collections.BlockModifyArrayList_ESTest" name="test13" time="0"/>
  <testcase classname="net.byteseek.utils.collections.BlockModifyArrayList_ESTest" name="test14" time="0.001"/>
  <testcase classname="net.byteseek.utils.collections.BlockModifyArrayList_ESTest" name="test11" time="0.001"/>
  <testcase classname="net.byteseek.utils.collections.BlockModifyArrayList_ESTest" name="test12" time="0"/>
  <testcase classname="net.byteseek.utils.collections.BlockModifyArrayList_ESTest" name="test10" time="0.001"/>
  <testcase classname="net.byteseek.utils.collections.BlockModifyArrayList_ESTest" name="test19" time="0.001"/>
  <testcase classname="net.byteseek.utils.collections.BlockModifyArrayList_ESTest" name="test17" time="0.001"/>
  <testcase classname="net.byteseek.utils.collections.BlockModifyArrayList_ESTest" name="test18" time="0"/>
  <testcase classname="net.byteseek.utils.collections.BlockModifyArrayList_ESTest" name="test51" time="0.001"/>
  <testcase classname="net.byteseek.utils.collections.BlockModifyArrayList_ESTest" name="test50" time="0.001"/>
  <testcase classname="net.byteseek.utils.collections.BlockModifyArrayList_ESTest" name="test04" time="0"/>
  <testcase classname="net.byteseek.utils.collections.BlockModifyArrayList_ESTest" name="test48" time="0"/>
  <testcase classname="net.byteseek.utils.collections.BlockModifyArrayList_ESTest" name="test05" time="0.001"/>
  <testcase classname="net.byteseek.utils.collections.BlockModifyArrayList_ESTest" name="test49" time="0.002"/>
  <testcase classname="net.byteseek.utils.collections.BlockModifyArrayList_ESTest" name="test02" time="0.002"/>
  <testcase classname="net.byteseek.utils.collections.BlockModifyArrayList_ESTest" name="test46" time="0.001"/>
  <testcase classname="net.byteseek.utils.collections.BlockModifyArrayList_ESTest" name="test03" time="0.001"/>
  <testcase classname="net.byteseek.utils.collections.BlockModifyArrayList_ESTest" name="test47" time="0.001"/>
  <testcase classname="net.byteseek.utils.collections.BlockModifyArrayList_ESTest" name="test00" time="0"/>
  <testcase classname="net.byteseek.utils.collections.BlockModifyArrayList_ESTest" name="test44" time="0.001"/>
  <testcase classname="net.byteseek.utils.collections.BlockModifyArrayList_ESTest" name="test01" time="0"/>
  <testcase classname="net.byteseek.utils.collections.BlockModifyArrayList_ESTest" name="test45" time="0.001"/>
  <testcase classname="net.byteseek.utils.collections.BlockModifyArrayList_ESTest" name="test42" time="0"/>
  <testcase classname="net.byteseek.utils.collections.BlockModifyArrayList_ESTest" name="test43" time="0.022"/>
  <testcase classname="net.byteseek.utils.collections.BlockModifyArrayList_ESTest" name="test08" time="0.001"/>
  <testcase classname="net.byteseek.utils.collections.BlockModifyArrayList_ESTest" name="test09" time="0.001"/>
  <testcase classname="net.byteseek.utils.collections.BlockModifyArrayList_ESTest" name="test06" time="0"/>
  <testcase classname="net.byteseek.utils.collections.BlockModifyArrayList_ESTest" name="test07" time="0.001"/>
  <testcase classname="net.byteseek.utils.collections.BlockModifyArrayList_ESTest" name="test40" time="0"/>
  <testcase classname="net.byteseek.utils.collections.BlockModifyArrayList_ESTest" name="test41" time="0"/>
  <testcase classname="net.byteseek.utils.collections.BlockModifyArrayList_ESTest" name="test37" time="0.001"/>
  <testcase classname="net.byteseek.utils.collections.BlockModifyArrayList_ESTest" name="test38" time="0.001"/>
  <testcase classname="net.byteseek.utils.collections.BlockModifyArrayList_ESTest" name="test35" time="0"/>
  <testcase classname="net.byteseek.utils.collections.BlockModifyArrayList_ESTest" name="test36" time="0.001"/>
  <testcase classname="net.byteseek.utils.collections.BlockModifyArrayList_ESTest" name="test33" time="0.001"/>
  <testcase classname="net.byteseek.utils.collections.BlockModifyArrayList_ESTest" name="test34" time="0"/>
  <testcase classname="net.byteseek.utils.collections.BlockModifyArrayList_ESTest" name="test31" time="0"/>
  <testcase classname="net.byteseek.utils.collections.BlockModifyArrayList_ESTest" name="test32" time="4.632">
    <error message="test timed out after 4000 milliseconds" type="org.junit.runners.model.TestTimedOutException">org.junit.runners.model.TestTimedOutException: test timed out after 4000 milliseconds
	at app//net.byteseek.utils.collections.BlockModifyArrayList.growArray(BlockModifyArrayList.java:337)
	at app//net.byteseek.utils.collections.BlockModifyArrayList.checkResize(BlockModifyArrayList.java:326)
	at app//net.byteseek.utils.collections.BlockModifyArrayList.add(BlockModifyArrayList.java:63)
	at java.base@11.0.16/java.util.AbstractCollection.addAll(AbstractCollection.java:352)
	at app//net.byteseek.utils.collections.BlockModifyArrayList_ESTest.test32(BlockModifyArrayList_ESTest.java:445)
	at java.base@11.0.16/jdk.internal.reflect.NativeMethodAccessorImpl.invoke0(Native Method)
	at java.base@11.0.16/jdk.internal.reflect.NativeMethodAccessorImpl.invoke(NativeMethodAccessorImpl.java:62)
	at java.base@11.0.16/jdk.internal.reflect.DelegatingMethodAccessorImpl.invoke(DelegatingMethodAccessorImpl.java:43)
	at java.base@11.0.16/java.lang.reflect.Method.invoke(Method.java:566)
	at app//org.junit.runners.model.FrameworkMethod$1.runReflectiveCall(FrameworkMethod.java:59)
	at app//org.junit.internal.runners.model.ReflectiveCallable.run(ReflectiveCallable.java:12)
	at app//org.junit.runners.model.FrameworkMethod.invokeExplosively(FrameworkMethod.java:56)
	at app//org.junit.internal.runners.statements.InvokeMethod.evaluate(InvokeMethod.java:17)
	at app//org.junit.internal.runners.statements.FailOnTimeout$CallableStatement.call(FailOnTimeout.java:299)
	at app//org.junit.internal.runners.statements.FailOnTimeout$CallableStatement.call(FailOnTimeout.java:293)
	at java.base@11.0.16/java.util.concurrent.FutureTask.run(FutureTask.java:264)
	at java.base@11.0.16/java.lang.Thread.run(Thread.java:829)
</error>
  </testcase>
  <testcase classname="net.byteseek.utils.collections.BlockModifyArrayList_ESTest" name="test39" time="0.03"/>
  <testcase classname="net.byteseek.utils.collections.BlockModifyArrayList_ESTest" name="test30" time="0.001"/>
  <testcase classname="net.byteseek.utils.collections.BlockModifyArrayList_ESTest" name="test26" time="0.009"/>
  <testcase classname="net.byteseek.utils.collections.BlockModifyArrayList_ESTest" name="test27" time="0.002"/>
  <testcase classname="net.byteseek.utils.collections.BlockModifyArrayList_ESTest" name="test24" time="0.007"/>
  <testcase classname="net.byteseek.utils.collections.BlockModifyArrayList_ESTest" name="test25" time="0.004"/>
  <testcase classname="net.byteseek.utils.collections.BlockModifyArrayList_ESTest" name="test22" time="0.002"/>
  <testcase classname="net.byteseek.utils.collections.BlockModifyArrayList_ESTest" name="test23" time="0.001"/>
  <testcase classname="net.byteseek.utils.collections.BlockModifyArrayList_ESTest" name="test20" time="0.001"/>
  <testcase classname="net.byteseek.utils.collections.BlockModifyArrayList_ESTest" name="test21" time="0.001"/>
  <testcase classname="net.byteseek.utils.collections.BlockModifyArrayList_ESTest" name="test28" time="0.003"/>
  <testcase classname="net.byteseek.utils.collections.BlockModifyArrayList_ESTest" name="test29" time="0.079"/>
</testsuite>