<?xml version="1.0" encoding="UTF-8" ?>
<testsuite tests="47" failures="0" name="net.byteseek.swing.treetable.TreeTableHeaderRenderer_ESTest" time="0.354" errors="47" skipped="0">
  <properties>
[...]
</properties>
  <testcase classname="net.byteseek.swing.treetable.TreeTableHeaderRenderer_ESTest" name="test30" time="0.037">
    <error message="sun/awt/image/ImageWatched" type="java.lang.NoClassDefFoundError">java.lang.NoClassDefFoundError: sun/awt/image/ImageWatched
	at java.desktop/sun.awt.image.ToolkitImage.makeImageRep(ToolkitImage.java:295)
	at java.desktop/sun.awt.image.ToolkitImage.getImageRep(ToolkitImage.java:304)
	at java.desktop/sun.awt.image.ToolkitImage.addWatcher(ToolkitImage.java:218)
	at java.desktop/sun.awt.image.ToolkitImage.getProperty(ToolkitImage.java:169)
	at java.desktop/javax.swing.ImageIcon.&lt;init&gt;(ImageIcon.java:290)
	at java.desktop/sun.swing.ImageIconUIResource.&lt;init&gt;(ImageIconUIResource.java:48)
	at java.desktop/sun.swing.SwingUtilities2.lambda$makeIcon$1(SwingUtilities2.java:1729)
	at java.desktop/javax.swing.UIDefaults.getFromHashtable(UIDefaults.java:224)
	at java.desktop/javax.swing.UIDefaults.get(UIDefaults.java:169)
	at java.desktop/javax.swing.MultiUIDefaults.get(MultiUIDefaults.java:65)
	at java.desktop/javax.swing.UIDefaults.getIcon(UIDefaults.java:480)
	at java.desktop/javax.swing.UIManager.getIcon(UIManager.java:780)
	at net.byteseek.swing.treetable.TreeTableHeaderRenderer.&lt;init&gt;(TreeTableHeaderRenderer.java:190)
	at net.byteseek.swing.treetable.TreeTableHeaderRenderer_ESTest.test30(TreeTableHeaderRenderer_ESTest.java:365)
	at java.base/jdk.internal.reflect.NativeMethodAccessorImpl.invoke0(Native Method)
	at java.base/jdk.internal.reflect.NativeMethodAccessorImpl.invoke(NativeMethodAccessorImpl.java:62)
	at java.base/jdk.internal.reflect.DelegatingMethodAccessorImpl.invoke(DelegatingMethodAccessorImpl.java:43)
	at java.base/java.lang.reflect.Method.invoke(Method.java:566)
	at org.junit.runners.model.FrameworkMethod$1.runReflectiveCall(FrameworkMethod.java:59)
	at org.junit.internal.runners.model.ReflectiveCallable.run(ReflectiveCallable.java:12)
	at org.junit.runners.model.FrameworkMethod.invokeExplosively(FrameworkMethod.java:56)
	at org.junit.internal.runners.statements.InvokeMethod.evaluate(InvokeMethod.java:17)
	at org.junit.internal.runners.statements.FailOnTimeout$CallableStatement.call(FailOnTimeout.java:299)
	at org.junit.internal.runners.statements.FailOnTimeout$CallableStatement.call(FailOnTimeout.java:293)
	at java.base/java.util.concurrent.FutureTask.run(FutureTask.java:264)
	at java.base/java.lang.Thread.run(Thread.java:829)
</error>
  </testcase>
  <testcase classname="net.byteseek.swing.treetable.TreeTableHeaderRenderer_ESTest" name="test12" time="0.01">
    <error message="sun/awt/image/ImageWatched" type="java.lang.NoClassDefFoundError">java.lang.NoClassDefFoundError: sun/awt/image/ImageWatched
	at java.desktop/sun.awt.image.ToolkitImage.makeImageRep(ToolkitImage.java:295)
	at java.desktop/sun.awt.image.ToolkitImage.getImageRep(ToolkitImage.java:304)
	at java.desktop/sun.awt.image.ToolkitImage.addWatcher(ToolkitImage.java:218)
	at java.desktop/sun.awt.image.ToolkitImage.getProperty(ToolkitImage.java:169)
	at java.desktop/javax.swing.ImageIcon.&lt;init&gt;(ImageIcon.java:290)
	at java.desktop/sun.swing.ImageIconUIResource.&lt;init&gt;(ImageIconUIResource.java:48)
	at java.desktop/sun.swing.SwingUtilities2.lambda$makeIcon$1(SwingUtilities2.java:1729)
	at java.desktop/javax.swing.UIDefaults.getFromHashtable(UIDefaults.java:224)
	at java.desktop/javax.swing.UIDefaults.get(UIDefaults.java:169)
	at java.desktop/javax.swing.MultiUIDefaults.get(MultiUIDefaults.java:65)
	at java.desktop/javax.swing.UIDefaults.getIcon(UIDefaults.java:480)
	at java.desktop/javax.swing.UIManager.getIcon(UIManager.java:780)
	at net.byteseek.swing.treetable.TreeTableHeaderRenderer.&lt;init&gt;(TreeTableHeaderRenderer.java:190)
	at net.byteseek.swing.treetable.TreeTableHeaderRenderer.&lt;init&gt;(TreeTableHeaderRenderer.java:175)
	at net.byteseek.swing.treetable.TreeTableHeaderRenderer.&lt;init&gt;(TreeTableHeaderRenderer.java:167)
	at net.byteseek.swing.treetable.TreeTableHeaderRenderer_ESTest.test12(TreeTableHeaderRenderer_ESTest.java:176)
	at java.base/jdk.internal.reflect.NativeMethodAccessorImpl.invoke0(Native Method)
	at java.base/jdk.internal.reflect.NativeMethodAccessorImpl.invoke(NativeMethodAccessorImpl.java:62)
	at java.base/jdk.internal.reflect.DelegatingMethodAccessorImpl.invoke(DelegatingMethodAccessorImpl.java:43)
	at java.base/java.lang.reflect.Method.invoke(Method.java:566)
	at org.junit.runners.model.FrameworkMethod$1.runReflectiveCall(FrameworkMethod.java:59)
	at org.junit.internal.runners.model.ReflectiveCallable.run(ReflectiveCallable.java:12)
	at org.junit.runners.model.FrameworkMethod.invokeExplosively(FrameworkMethod.java:56)
	at org.junit.internal.runners.statements.InvokeMethod.evaluate(InvokeMethod.java:17)
	at org.junit.internal.runners.statements.FailOnTimeout$CallableStatement.call(FailOnTimeout.java:299)
	at org.junit.internal.runners.statements.FailOnTimeout$CallableStatement.call(FailOnTimeout.java:293)
	at java.base/java.util.concurrent.FutureTask.run(FutureTask.java:264)
	at java.base/java.lang.Thread.run(Thread.java:829)
</error>
  </testcase>
  <testcase classname="net.byteseek.swing.treetable.TreeTableHeaderRenderer_ESTest" name="test34" time="0.002">
    <error message="sun/awt/image/ImageWatched" type="java.lang.NoClassDefFoundError">java.lang.NoClassDefFoundError: sun/awt/image/ImageWatched
	at java.desktop/sun.awt.image.ToolkitImage.makeImageRep(ToolkitImage.java:295)
	at java.desktop/sun.awt.image.ToolkitImage.getImageRep(ToolkitImage.java:304)
	at java.desktop/sun.awt.image.ToolkitImage.addWatcher(ToolkitImage.java:218)
	at java.desktop/sun.awt.image.ToolkitImage.getProperty(ToolkitImage.java:169)
	at java.desktop/javax.swing.ImageIcon.&lt;init&gt;(ImageIcon.java:290)
	at java.desktop/sun.swing.ImageIconUIResource.&lt;init&gt;(ImageIconUIResource.java:48)
	at java.desktop/sun.swing.SwingUtilities2.lambda$makeIcon$1(SwingUtilities2.java:1729)
	at java.desktop/javax.swing.UIDefaults.getFromHashtable(UIDefaults.java:224)
	at java.desktop/javax.swing.UIDefaults.get(UIDefaults.java:169)
	at java.desktop/javax.swing.MultiUIDefaults.get(MultiUIDefaults.java:65)
	at java.desktop/javax.swing.UIDefaults.getIcon(UIDefaults.java:480)
	at java.desktop/javax.swing.UIManager.getIcon(UIManager.java:780)
	at net.byteseek.swing.treetable.TreeTableHeaderRenderer.&lt;init&gt;(TreeTableHeaderRenderer.java:190)
	at net.byteseek.swing.treetable.TreeTableHeaderRenderer.&lt;init&gt;(TreeTableHeaderRenderer.java:175)
	at net.byteseek.swing.treetable.TreeTableHeaderRenderer_ESTest.test34(TreeTableHeaderRenderer_ESTest.java:397)
	at java.base/jdk.internal.reflect.NativeMethodAccessorImpl.invoke0(Native Method)
	at java.base/jdk.internal.reflect.NativeMethodAccessorImpl.invoke(NativeMethodAccessorImpl.java:62)
	at java.base/jdk.internal.reflect.DelegatingMethodAccessorImpl.invoke(DelegatingMethodAccessorImpl.java:43)
	at java.base/java.lang.reflect.Method.invoke(Method.java:566)
	at org.junit.runners.model.FrameworkMethod$1.runReflectiveCall(FrameworkMethod.java:59)
	at org.junit.internal.runners.model.ReflectiveCallable.run(ReflectiveCallable.java:12)
	at org.junit.runners.model.FrameworkMethod.invokeExplosively(FrameworkMethod.java:56)
	at org.junit.internal.runners.statements.InvokeMethod.evaluate(InvokeMethod.java:17)
	at org.junit.internal.runners.statements.FailOnTimeout$CallableStatement.call(FailOnTimeout.java:299)
	at org.junit.internal.runners.statements.FailOnTimeout$CallableStatement.call(FailOnTimeout.java:293)
	at java.base/java.util.concurrent.FutureTask.run(FutureTask.java:264)
	at java.base/java.lang.Thread.run(Thread.java:829)
</error>
  </testcase>
  <testcase classname="net.byteseek.swing.treetable.TreeTableHeaderRenderer_ESTest" name="test11" time="0.008">
    <error message="sun/awt/image/ImageWatched" type="java.lang.NoClassDefFoundError">java.lang.NoClassDefFoundError: sun/awt/image/ImageWatched
	at java.desktop/sun.awt.image.ToolkitImage.makeImageRep(ToolkitImage.java:295)
	at java.desktop/sun.awt.image.ToolkitImage.getImageRep(ToolkitImage.java:304)
	at java.desktop/sun.awt.image.ToolkitImage.addWatcher(ToolkitImage.java:218)
	at java.desktop/sun.awt.image.ToolkitImage.getProperty(ToolkitImage.java:169)
	at java.desktop/javax.swing.ImageIcon.&lt;init&gt;(ImageIcon.java:290)
	at java.desktop/sun.swing.ImageIconUIResource.&lt;init&gt;(ImageIconUIResource.java:48)
	at java.desktop/sun.swing.SwingUtilities2.lambda$makeIcon$1(SwingUtilities2.java:1729)
	at java.desktop/javax.swing.UIDefaults.getFromHashtable(UIDefaults.java:224)
	at java.desktop/javax.swing.UIDefaults.get(UIDefaults.java:169)
	at java.desktop/javax.swing.MultiUIDefaults.get(MultiUIDefaults.java:65)
	at java.desktop/javax.swing.UIDefaults.getIcon(UIDefaults.java:480)
	at java.desktop/javax.swing.UIManager.getIcon(UIManager.java:780)
	at net.byteseek.swing.treetable.TreeTableHeaderRenderer.&lt;init&gt;(TreeTableHeaderRenderer.java:190)
	at net.byteseek.swing.treetable.TreeTableHeaderRenderer_ESTest.test11(TreeTableHeaderRenderer_ESTest.java:170)
	at java.base/jdk.internal.reflect.NativeMethodAccessorImpl.invoke0(Native Method)
	at java.base/jdk.internal.reflect.NativeMethodAccessorImpl.invoke(NativeMethodAccessorImpl.java:62)
	at java.base/jdk.internal.reflect.DelegatingMethodAccessorImpl.invoke(DelegatingMethodAccessorImpl.java:43)
	at java.base/java.lang.reflect.Method.invoke(Method.java:566)
	at org.junit.runners.model.FrameworkMethod$1.runReflectiveCall(FrameworkMethod.java:59)
	at org.junit.internal.runners.model.ReflectiveCallable.run(ReflectiveCallable.java:12)
	at org.junit.runners.model.FrameworkMethod.invokeExplosively(FrameworkMethod.java:56)
	at org.junit.internal.runners.statements.InvokeMethod.evaluate(InvokeMethod.java:17)
	at org.junit.internal.runners.statements.FailOnTimeout$CallableStatement.call(FailOnTimeout.java:299)
	at org.junit.internal.runners.statements.FailOnTimeout$CallableStatement.call(FailOnTimeout.java:293)
	at java.base/java.util.concurrent.FutureTask.run(FutureTask.java:264)
	at java.base/java.lang.Thread.run(Thread.java:829)
</error>
  </testcase>
  <testcase classname="net.byteseek.swing.treetable.TreeTableHeaderRenderer_ESTest" name="test33" time="0.006">
    <error message="sun/awt/image/ImageWatched" type="java.lang.NoClassDefFoundError">java.lang.NoClassDefFoundError: sun/awt/image/ImageWatched
	at java.desktop/sun.awt.image.ToolkitImage.makeImageRep(ToolkitImage.java:295)
	at java.desktop/sun.awt.image.ToolkitImage.getImageRep(ToolkitImage.java:304)
	at java.desktop/sun.awt.image.ToolkitImage.addWatcher(ToolkitImage.java:218)
	at java.desktop/sun.awt.image.ToolkitImage.getProperty(ToolkitImage.java:169)
	at java.desktop/javax.swing.ImageIcon.&lt;init&gt;(ImageIcon.java:290)
	at java.desktop/sun.swing.ImageIconUIResource.&lt;init&gt;(ImageIconUIResource.java:48)
	at java.desktop/sun.swing.SwingUtilities2.lambda$makeIcon$1(SwingUtilities2.java:1729)
	at java.desktop/javax.swing.UIDefaults.getFromHashtable(UIDefaults.java:224)
	at java.desktop/javax.swing.UIDefaults.get(UIDefaults.java:169)
	at java.desktop/javax.swing.MultiUIDefaults.get(MultiUIDefaults.java:65)
	at java.desktop/javax.swing.UIDefaults.getIcon(UIDefaults.java:480)
	at java.desktop/javax.swing.UIManager.getIcon(UIManager.java:780)
	at net.byteseek.swing.treetable.TreeTableHeaderRenderer.&lt;init&gt;(TreeTableHeaderRenderer.java:190)
	at net.byteseek.swing.treetable.TreeTableHeaderRenderer.&lt;init&gt;(TreeTableHeaderRenderer.java:175)
	at net.byteseek.swing.treetable.TreeTableHeaderRenderer.&lt;init&gt;(TreeTableHeaderRenderer.java:167)
	at net.byteseek.swing.treetable.TreeTableHeaderRenderer_ESTest.test33(TreeTableHeaderRenderer_ESTest.java:388)
	at java.base/jdk.internal.reflect.NativeMethodAccessorImpl.invoke0(Native Method)
	at java.base/jdk.internal.reflect.NativeMethodAccessorImpl.invoke(NativeMethodAccessorImpl.java:62)
	at java.base/jdk.internal.reflect.DelegatingMethodAccessorImpl.invoke(DelegatingMethodAccessorImpl.java:43)
	at java.base/java.lang.reflect.Method.invoke(Method.java:566)
	at org.junit.runners.model.FrameworkMethod$1.runReflectiveCall(FrameworkMethod.java:59)
	at org.junit.internal.runners.model.ReflectiveCallable.run(ReflectiveCallable.java:12)
	at org.junit.runners.model.FrameworkMethod.invokeExplosively(FrameworkMethod.java:56)
	at org.junit.internal.runners.statements.InvokeMethod.evaluate(InvokeMethod.java:17)
	at org.junit.internal.runners.statements.FailOnTimeout$CallableStatement.call(FailOnTimeout.java:299)
	at org.junit.internal.runners.statements.FailOnTimeout$CallableStatement.call(FailOnTimeout.java:293)
	at java.base/java.util.concurrent.FutureTask.run(FutureTask.java:264)
	at java.base/java.lang.Thread.run(Thread.java:829)
</error>
  </testcase>
  <testcase classname="net.byteseek.swing.treetable.TreeTableHeaderRenderer_ESTest" name="test10" time="0.003">
    <error message="sun/awt/image/ImageWatched" type="java.lang.NoClassDefFoundError">java.lang.NoClassDefFoundError: sun/awt/image/ImageWatched
	at java.desktop/sun.awt.image.ToolkitImage.makeImageRep(ToolkitImage.java:295)
	at java.desktop/sun.awt.image.ToolkitImage.getImageRep(ToolkitImage.java:304)
	at java.desktop/sun.awt.image.ToolkitImage.addWatcher(ToolkitImage.java:218)
	at java.desktop/sun.awt.image.ToolkitImage.getProperty(ToolkitImage.java:169)
	at java.desktop/javax.swing.ImageIcon.&lt;init&gt;(ImageIcon.java:290)
	at java.desktop/sun.swing.ImageIconUIResource.&lt;init&gt;(ImageIconUIResource.java:48)
	at java.desktop/sun.swing.SwingUtilities2.lambda$makeIcon$1(SwingUtilities2.java:1729)
	at java.desktop/javax.swing.UIDefaults.getFromHashtable(UIDefaults.java:224)
	at java.desktop/javax.swing.UIDefaults.get(UIDefaults.java:169)
	at java.desktop/javax.swing.MultiUIDefaults.get(MultiUIDefaults.java:65)
	at java.desktop/javax.swing.UIDefaults.getIcon(UIDefaults.java:480)
	at java.desktop/javax.swing.UIManager.getIcon(UIManager.java:780)
	at net.byteseek.swing.treetable.TreeTableHeaderRenderer.&lt;init&gt;(TreeTableHeaderRenderer.java:190)
	at net.byteseek.swing.treetable.TreeTableHeaderRenderer.&lt;init&gt;(TreeTableHeaderRenderer.java:175)
	at net.byteseek.swing.treetable.TreeTableHeaderRenderer.&lt;init&gt;(TreeTableHeaderRenderer.java:167)
	at net.byteseek.swing.treetable.TreeTableHeaderRenderer_ESTest.test10(TreeTableHeaderRenderer_ESTest.java:160)
	at java.base/jdk.internal.reflect.NativeMethodAccessorImpl.invoke0(Native Method)
	at java.base/jdk.internal.reflect.NativeMethodAccessorImpl.invoke(NativeMethodAccessorImpl.java:62)
	at java.base/jdk.internal.reflect.DelegatingMethodAccessorImpl.invoke(DelegatingMethodAccessorImpl.java:43)
	at java.base/java.lang.reflect.Method.invoke(Method.java:566)
	at org.junit.runners.model.FrameworkMethod$1.runReflectiveCall(FrameworkMethod.java:59)
	at org.junit.internal.runners.model.ReflectiveCallable.run(ReflectiveCallable.java:12)
	at org.junit.runners.model.FrameworkMethod.invokeExplosively(FrameworkMethod.java:56)
	at org.junit.internal.runners.statements.InvokeMethod.evaluate(InvokeMethod.java:17)
	at org.junit.internal.runners.statements.FailOnTimeout$CallableStatement.call(FailOnTimeout.java:299)
	at org.junit.internal.runners.statements.FailOnTimeout$CallableStatement.call(FailOnTimeout.java:293)
	at java.base/java.util.concurrent.FutureTask.run(FutureTask.java:264)
	at java.base/java.lang.Thread.run(Thread.java:829)
</error>
  </testcase>
  <testcase classname="net.byteseek.swing.treetable.TreeTableHeaderRenderer_ESTest" name="test32" time="0.007">
    <error message="sun/awt/image/ImageWatched" type="java.lang.NoClassDefFoundError">java.lang.NoClassDefFoundError: sun/awt/image/ImageWatched
	at java.desktop/sun.awt.image.ToolkitImage.makeImageRep(ToolkitImage.java:295)
	at java.desktop/sun.awt.image.ToolkitImage.getImageRep(ToolkitImage.java:304)
	at java.desktop/sun.awt.image.ToolkitImage.addWatcher(ToolkitImage.java:218)
	at java.desktop/sun.awt.image.ToolkitImage.getProperty(ToolkitImage.java:169)
	at java.desktop/javax.swing.ImageIcon.&lt;init&gt;(ImageIcon.java:290)
	at java.desktop/sun.swing.ImageIconUIResource.&lt;init&gt;(ImageIconUIResource.java:48)
	at java.desktop/sun.swing.SwingUtilities2.lambda$makeIcon$1(SwingUtilities2.java:1729)
	at java.desktop/javax.swing.UIDefaults.getFromHashtable(UIDefaults.java:224)
	at java.desktop/javax.swing.UIDefaults.get(UIDefaults.java:169)
	at java.desktop/javax.swing.MultiUIDefaults.get(MultiUIDefaults.java:65)
	at java.desktop/javax.swing.UIDefaults.getIcon(UIDefaults.java:480)
	at java.desktop/javax.swing.UIManager.getIcon(UIManager.java:780)
	at net.byteseek.swing.treetable.TreeTableHeaderRenderer.&lt;init&gt;(TreeTableHeaderRenderer.java:190)
	at net.byteseek.swing.treetable.TreeTableHeaderRenderer.&lt;init&gt;(TreeTableHeaderRenderer.java:175)
	at net.byteseek.swing.treetable.TreeTableHeaderRenderer.&lt;init&gt;(TreeTableHeaderRenderer.java:167)
	at net.byteseek.swing.treetable.TreeTableHeaderRenderer_ESTest.test32(TreeTableHeaderRenderer_ESTest.java:379)
	at java.base/jdk.internal.reflect.NativeMethodAccessorImpl.invoke0(Native Method)
	at java.base/jdk.internal.reflect.NativeMethodAccessorImpl.invoke(NativeMethodAccessorImpl.java:62)
	at java.base/jdk.internal.reflect.DelegatingMethodAccessorImpl.invoke(DelegatingMethodAccessorImpl.java:43)
	at java.base/java.lang.reflect.Method.invoke(Method.java:566)
	at org.junit.runners.model.FrameworkMethod$1.runReflectiveCall(FrameworkMethod.java:59)
	at org.junit.internal.runners.model.ReflectiveCallable.run(ReflectiveCallable.java:12)
	at org.junit.runners.model.FrameworkMethod.invokeExplosively(FrameworkMethod.java:56)
	at org.junit.internal.runners.statements.InvokeMethod.evaluate(InvokeMethod.java:17)
	at org.junit.internal.runners.statements.FailOnTimeout$CallableStatement.call(FailOnTimeout.java:299)
	at org.junit.internal.runners.statements.FailOnTimeout$CallableStatement.call(FailOnTimeout.java:293)
	at java.base/java.util.concurrent.FutureTask.run(FutureTask.java:264)
	at java.base/java.lang.Thread.run(Thread.java:829)
</error>
  </testcase>
  <testcase classname="net.byteseek.swing.treetable.TreeTableHeaderRenderer_ESTest" name="test31" time="0.013">
    <error message="sun/awt/image/ImageWatched" type="java.lang.NoClassDefFoundError">java.lang.NoClassDefFoundError: sun/awt/image/ImageWatched
	at java.desktop/sun.awt.image.ToolkitImage.makeImageRep(ToolkitImage.java:295)
	at java.desktop/sun.awt.image.ToolkitImage.getImageRep(ToolkitImage.java:304)
	at java.desktop/sun.awt.image.ToolkitImage.addWatcher(ToolkitImage.java:218)
	at java.desktop/sun.awt.image.ToolkitImage.getProperty(ToolkitImage.java:169)
	at java.desktop/javax.swing.ImageIcon.&lt;init&gt;(ImageIcon.java:290)
	at java.desktop/sun.swing.ImageIconUIResource.&lt;init&gt;(ImageIconUIResource.java:48)
	at java.desktop/sun.swing.SwingUtilities2.lambda$makeIcon$1(SwingUtilities2.java:1729)
	at java.desktop/javax.swing.UIDefaults.getFromHashtable(UIDefaults.java:224)
	at java.desktop/javax.swing.UIDefaults.get(UIDefaults.java:169)
	at java.desktop/javax.swing.MultiUIDefaults.get(MultiUIDefaults.java:65)
	at java.desktop/javax.swing.UIDefaults.getIcon(UIDefaults.java:480)
	at java.desktop/javax.swing.UIManager.getIcon(UIManager.java:780)
	at net.byteseek.swing.treetable.TreeTableHeaderRenderer.&lt;init&gt;(TreeTableHeaderRenderer.java:190)
	at net.byteseek.swing.treetable.TreeTableHeaderRenderer.&lt;init&gt;(TreeTableHeaderRenderer.java:175)
	at net.byteseek.swing.treetable.TreeTableHeaderRenderer_ESTest.test31(TreeTableHeaderRenderer_ESTest.java:371)
	at java.base/jdk.internal.reflect.NativeMethodAccessorImpl.invoke0(Native Method)
	at java.base/jdk.internal.reflect.NativeMethodAccessorImpl.invoke(NativeMethodAccessorImpl.java:62)
	at java.base/jdk.internal.reflect.DelegatingMethodAccessorImpl.invoke(DelegatingMethodAccessorImpl.java:43)
	at java.base/java.lang.reflect.Method.invoke(Method.java:566)
	at org.junit.runners.model.FrameworkMethod$1.runReflectiveCall(FrameworkMethod.java:59)
	at org.junit.internal.runners.model.ReflectiveCallable.run(ReflectiveCallable.java:12)
	at org.junit.runners.model.FrameworkMethod.invokeExplosively(FrameworkMethod.java:56)
	at org.junit.internal.runners.statements.InvokeMethod.evaluate(InvokeMethod.java:17)
	at org.junit.internal.runners.statements.FailOnTimeout$CallableStatement.call(FailOnTimeout.java:299)
	at org.junit.internal.runners.statements.FailOnTimeout$CallableStatement.call(FailOnTimeout.java:293)
	at java.base/java.util.concurrent.FutureTask.run(FutureTask.java:264)
	at java.base/java.lang.Thread.run(Thread.java:829)
</error>
  </testcase>
  <testcase classname="net.byteseek.swing.treetable.TreeTableHeaderRenderer_ESTest" name="test16" time="0.003">
    <error message="sun/awt/image/ImageWatched" type="java.lang.NoClassDefFoundError">java.lang.NoClassDefFoundError: sun/awt/image/ImageWatched
	at java.desktop/sun.awt.image.ToolkitImage.makeImageRep(ToolkitImage.java:295)
	at java.desktop/sun.awt.image.ToolkitImage.getImageRep(ToolkitImage.java:304)
	at java.desktop/sun.awt.image.ToolkitImage.addWatcher(ToolkitImage.java:218)
	at java.desktop/sun.awt.image.ToolkitImage.getProperty(ToolkitImage.java:169)
	at java.desktop/javax.swing.ImageIcon.&lt;init&gt;(ImageIcon.java:290)
	at java.desktop/sun.swing.ImageIconUIResource.&lt;init&gt;(ImageIconUIResource.java:48)
	at java.desktop/sun.swing.SwingUtilities2.lambda$makeIcon$1(SwingUtilities2.java:1729)
	at java.desktop/javax.swing.UIDefaults.getFromHashtable(UIDefaults.java:224)
	at java.desktop/javax.swing.UIDefaults.get(UIDefaults.java:169)
	at java.desktop/javax.swing.MultiUIDefaults.get(MultiUIDefaults.java:65)
	at java.desktop/javax.swing.UIDefaults.getIcon(UIDefaults.java:480)
	at java.desktop/javax.swing.UIManager.getIcon(UIManager.java:780)
	at net.byteseek.swing.treetable.TreeTableHeaderRenderer.&lt;init&gt;(TreeTableHeaderRenderer.java:190)
	at net.byteseek.swing.treetable.TreeTableHeaderRenderer.&lt;init&gt;(TreeTableHeaderRenderer.java:175)
	at net.byteseek.swing.treetable.TreeTableHeaderRenderer.&lt;init&gt;(TreeTableHeaderRenderer.java:167)
	at net.byteseek.swing.treetable.TreeTableHeaderRenderer_ESTest.test16(TreeTableHeaderRenderer_ESTest.java:206)
	at java.base/jdk.internal.reflect.NativeMethodAccessorImpl.invoke0(Native Method)
	at java.base/jdk.internal.reflect.NativeMethodAccessorImpl.invoke(NativeMethodAccessorImpl.java:62)
	at java.base/jdk.internal.reflect.DelegatingMethodAccessorImpl.invoke(DelegatingMethodAccessorImpl.java:43)
	at java.base/java.lang.reflect.Method.invoke(Method.java:566)
	at org.junit.runners.model.FrameworkMethod$1.runReflectiveCall(FrameworkMethod.java:59)
	at org.junit.internal.runners.model.ReflectiveCallable.run(ReflectiveCallable.java:12)
	at org.junit.runners.model.FrameworkMethod.invokeExplosively(FrameworkMethod.java:56)
	at org.junit.internal.runners.statements.InvokeMethod.evaluate(InvokeMethod.java:17)
	at org.junit.internal.runners.statements.FailOnTimeout$CallableStatement.call(FailOnTimeout.java:299)
	at org.junit.internal.runners.statements.FailOnTimeout$CallableStatement.call(FailOnTimeout.java:293)
	at java.base/java.util.concurrent.FutureTask.run(FutureTask.java:264)
	at java.base/java.lang.Thread.run(Thread.java:829)
</error>
  </testcase>
  <testcase classname="net.byteseek.swing.treetable.TreeTableHeaderRenderer_ESTest" name="test38" time="0.009">
    <error message="sun/awt/image/ImageWatched" type="java.lang.NoClassDefFoundError">java.lang.NoClassDefFoundError: sun/awt/image/ImageWatched
	at java.desktop/sun.awt.image.ToolkitImage.makeImageRep(ToolkitImage.java:295)
	at java.desktop/sun.awt.image.ToolkitImage.getImageRep(ToolkitImage.java:304)
	at java.desktop/sun.awt.image.ToolkitImage.addWatcher(ToolkitImage.java:218)
	at java.desktop/sun.awt.image.ToolkitImage.getProperty(ToolkitImage.java:169)
	at java.desktop/javax.swing.ImageIcon.&lt;init&gt;(ImageIcon.java:290)
	at java.desktop/sun.swing.ImageIconUIResource.&lt;init&gt;(ImageIconUIResource.java:48)
	at java.desktop/sun.swing.SwingUtilities2.lambda$makeIcon$1(SwingUtilities2.java:1729)
	at java.desktop/javax.swing.UIDefaults.getFromHashtable(UIDefaults.java:224)
	at java.desktop/javax.swing.UIDefaults.get(UIDefaults.java:169)
	at java.desktop/javax.swing.MultiUIDefaults.get(MultiUIDefaults.java:65)
	at java.desktop/javax.swing.UIDefaults.getIcon(UIDefaults.java:480)
	at java.desktop/javax.swing.UIManager.getIcon(UIManager.java:780)
	at net.byteseek.swing.treetable.TreeTableHeaderRenderer.&lt;init&gt;(TreeTableHeaderRenderer.java:190)
	at net.byteseek.swing.treetable.TreeTableHeaderRenderer.&lt;init&gt;(TreeTableHeaderRenderer.java:175)
	at net.byteseek.swing.treetable.TreeTableHeaderRenderer.&lt;init&gt;(TreeTableHeaderRenderer.java:167)
	at net.byteseek.swing.treetable.TreeTableHeaderRenderer_ESTest.test38(TreeTableHeaderRenderer_ESTest.java:424)
	at java.base/jdk.internal.reflect.NativeMethodAccessorImpl.invoke0(Native Method)
	at java.base/jdk.internal.reflect.NativeMethodAccessorImpl.invoke(NativeMethodAccessorImpl.java:62)
	at java.base/jdk.internal.reflect.DelegatingMethodAccessorImpl.invoke(DelegatingMethodAccessorImpl.java:43)
	at java.base/java.lang.reflect.Method.invoke(Method.java:566)
	at org.junit.runners.model.FrameworkMethod$1.runReflectiveCall(FrameworkMethod.java:59)
	at org.junit.internal.runners.model.ReflectiveCallable.run(ReflectiveCallable.java:12)
	at org.junit.runners.model.FrameworkMethod.invokeExplosively(FrameworkMethod.java:56)
	at org.junit.internal.runners.statements.InvokeMethod.evaluate(InvokeMethod.java:17)
	at org.junit.internal.runners.statements.FailOnTimeout$CallableStatement.call(FailOnTimeout.java:299)
	at org.junit.internal.runners.statements.FailOnTimeout$CallableStatement.call(FailOnTimeout.java:293)
	at java.base/java.util.concurrent.FutureTask.run(FutureTask.java:264)
	at java.base/java.lang.Thread.run(Thread.java:829)
</error>
  </testcase>
  <testcase classname="net.byteseek.swing.treetable.TreeTableHeaderRenderer_ESTest" name="test15" time="0.001">
    <error message="sun/awt/image/ImageWatched" type="java.lang.NoClassDefFoundError">java.lang.NoClassDefFoundError: sun/awt/image/ImageWatched
	at java.desktop/sun.awt.image.ToolkitImage.makeImageRep(ToolkitImage.java:295)
	at java.desktop/sun.awt.image.ToolkitImage.getImageRep(ToolkitImage.java:304)
	at java.desktop/sun.awt.image.ToolkitImage.addWatcher(ToolkitImage.java:218)
	at java.desktop/sun.awt.image.ToolkitImage.getProperty(ToolkitImage.java:169)
	at java.desktop/javax.swing.ImageIcon.&lt;init&gt;(ImageIcon.java:290)
	at java.desktop/sun.swing.ImageIconUIResource.&lt;init&gt;(ImageIconUIResource.java:48)
	at java.desktop/sun.swing.SwingUtilities2.lambda$makeIcon$1(SwingUtilities2.java:1729)
	at java.desktop/javax.swing.UIDefaults.getFromHashtable(UIDefaults.java:224)
	at java.desktop/javax.swing.UIDefaults.get(UIDefaults.java:169)
	at java.desktop/javax.swing.MultiUIDefaults.get(MultiUIDefaults.java:65)
	at java.desktop/javax.swing.UIDefaults.getIcon(UIDefaults.java:480)
	at java.desktop/javax.swing.UIManager.getIcon(UIManager.java:780)
	at net.byteseek.swing.treetable.TreeTableHeaderRenderer.&lt;init&gt;(TreeTableHeaderRenderer.java:190)
	at net.byteseek.swing.treetable.TreeTableHeaderRenderer.&lt;init&gt;(TreeTableHeaderRenderer.java:175)
	at net.byteseek.swing.treetable.TreeTableHeaderRenderer.&lt;init&gt;(TreeTableHeaderRenderer.java:167)
	at net.byteseek.swing.treetable.TreeTableHeaderRenderer_ESTest.test15(TreeTableHeaderRenderer_ESTest.java:198)
	at java.base/jdk.internal.reflect.NativeMethodAccessorImpl.invoke0(Native Method)
	at java.base/jdk.internal.reflect.NativeMethodAccessorImpl.invoke(NativeMethodAccessorImpl.java:62)
	at java.base/jdk.internal.reflect.DelegatingMethodAccessorImpl.invoke(DelegatingMethodAccessorImpl.java:43)
	at java.base/java.lang.reflect.Method.invoke(Method.java:566)
	at org.junit.runners.model.FrameworkMethod$1.runReflectiveCall(FrameworkMethod.java:59)
	at org.junit.internal.runners.model.ReflectiveCallable.run(ReflectiveCallable.java:12)
	at org.junit.runners.model.FrameworkMethod.invokeExplosively(FrameworkMethod.java:56)
	at org.junit.internal.runners.statements.InvokeMethod.evaluate(InvokeMethod.java:17)
	at org.junit.internal.runners.statements.FailOnTimeout$CallableStatement.call(FailOnTimeout.java:299)
	at org.junit.internal.runners.statements.FailOnTimeout$CallableStatement.call(FailOnTimeout.java:293)
	at java.base/java.util.concurrent.FutureTask.run(FutureTask.java:264)
	at java.base/java.lang.Thread.run(Thread.java:829)
</error>
  </testcase>
  <testcase classname="net.byteseek.swing.treetable.TreeTableHeaderRenderer_ESTest" name="test37" time="0.001">
    <error message="sun/awt/image/ImageWatched" type="java.lang.NoClassDefFoundError">java.lang.NoClassDefFoundError: sun/awt/image/ImageWatched
	at java.desktop/sun.awt.image.ToolkitImage.makeImageRep(ToolkitImage.java:295)
	at java.desktop/sun.awt.image.ToolkitImage.getImageRep(ToolkitImage.java:304)
	at java.desktop/sun.awt.image.ToolkitImage.addWatcher(ToolkitImage.java:218)
	at java.desktop/sun.awt.image.ToolkitImage.getProperty(ToolkitImage.java:169)
	at java.desktop/javax.swing.ImageIcon.&lt;init&gt;(ImageIcon.java:290)
	at java.desktop/sun.swing.ImageIconUIResource.&lt;init&gt;(ImageIconUIResource.java:48)
	at java.desktop/sun.swing.SwingUtilities2.lambda$makeIcon$1(SwingUtilities2.java:1729)
	at java.desktop/javax.swing.UIDefaults.getFromHashtable(UIDefaults.java:224)
	at java.desktop/javax.swing.UIDefaults.get(UIDefaults.java:169)
	at java.desktop/javax.swing.MultiUIDefaults.get(MultiUIDefaults.java:65)
	at java.desktop/javax.swing.UIDefaults.getIcon(UIDefaults.java:480)
	at java.desktop/javax.swing.UIManager.getIcon(UIManager.java:780)
	at net.byteseek.swing.treetable.TreeTableHeaderRenderer.&lt;init&gt;(TreeTableHeaderRenderer.java:190)
	at net.byteseek.swing.treetable.TreeTableHeaderRenderer.&lt;init&gt;(TreeTableHeaderRenderer.java:175)
	at net.byteseek.swing.treetable.TreeTableHeaderRenderer.&lt;init&gt;(TreeTableHeaderRenderer.java:167)
	at net.byteseek.swing.treetable.TreeTableHeaderRenderer_ESTest.test37(TreeTableHeaderRenderer_ESTest.java:417)
	at java.base/jdk.internal.reflect.NativeMethodAccessorImpl.invoke0(Native Method)
	at java.base/jdk.internal.reflect.NativeMethodAccessorImpl.invoke(NativeMethodAccessorImpl.java:62)
	at java.base/jdk.internal.reflect.DelegatingMethodAccessorImpl.invoke(DelegatingMethodAccessorImpl.java:43)
	at java.base/java.lang.reflect.Method.invoke(Method.java:566)
	at org.junit.runners.model.FrameworkMethod$1.runReflectiveCall(FrameworkMethod.java:59)
	at org.junit.internal.runners.model.ReflectiveCallable.run(ReflectiveCallable.java:12)
	at org.junit.runners.model.FrameworkMethod.invokeExplosively(FrameworkMethod.java:56)
	at org.junit.internal.runners.statements.InvokeMethod.evaluate(InvokeMethod.java:17)
	at org.junit.internal.runners.statements.FailOnTimeout$CallableStatement.call(FailOnTimeout.java:299)
	at org.junit.internal.runners.statements.FailOnTimeout$CallableStatement.call(FailOnTimeout.java:293)
	at java.base/java.util.concurrent.FutureTask.run(FutureTask.java:264)
	at java.base/java.lang.Thread.run(Thread.java:829)
</error>
  </testcase>
  <testcase classname="net.byteseek.swing.treetable.TreeTableHeaderRenderer_ESTest" name="test14" time="0.013">
    <error message="sun/awt/image/ImageWatched" type="java.lang.NoClassDefFoundError">java.lang.NoClassDefFoundError: sun/awt/image/ImageWatched
	at java.desktop/sun.awt.image.ToolkitImage.makeImageRep(ToolkitImage.java:295)
	at java.desktop/sun.awt.image.ToolkitImage.getImageRep(ToolkitImage.java:304)
	at java.desktop/sun.awt.image.ToolkitImage.addWatcher(ToolkitImage.java:218)
	at java.desktop/sun.awt.image.ToolkitImage.getProperty(ToolkitImage.java:169)
	at java.desktop/javax.swing.ImageIcon.&lt;init&gt;(ImageIcon.java:290)
	at java.desktop/sun.swing.ImageIconUIResource.&lt;init&gt;(ImageIconUIResource.java:48)
	at java.desktop/sun.swing.SwingUtilities2.lambda$makeIcon$1(SwingUtilities2.java:1729)
	at java.desktop/javax.swing.UIDefaults.getFromHashtable(UIDefaults.java:224)
	at java.desktop/javax.swing.UIDefaults.get(UIDefaults.java:169)
	at java.desktop/javax.swing.MultiUIDefaults.get(MultiUIDefaults.java:65)
	at java.desktop/javax.swing.UIDefaults.getIcon(UIDefaults.java:480)
	at java.desktop/javax.swing.UIManager.getIcon(UIManager.java:780)
	at net.byteseek.swing.treetable.TreeTableHeaderRenderer.&lt;init&gt;(TreeTableHeaderRenderer.java:190)
	at net.byteseek.swing.treetable.TreeTableHeaderRenderer.&lt;init&gt;(TreeTableHeaderRenderer.java:175)
	at net.byteseek.swing.treetable.TreeTableHeaderRenderer_ESTest.test14(TreeTableHeaderRenderer_ESTest.java:191)
	at java.base/jdk.internal.reflect.NativeMethodAccessorImpl.invoke0(Native Method)
	at java.base/jdk.internal.reflect.NativeMethodAccessorImpl.invoke(NativeMethodAccessorImpl.java:62)
	at java.base/jdk.internal.reflect.DelegatingMethodAccessorImpl.invoke(DelegatingMethodAccessorImpl.java:43)
	at java.base/java.lang.reflect.Method.invoke(Method.java:566)
	at org.junit.runners.model.FrameworkMethod$1.runReflectiveCall(FrameworkMethod.java:59)
	at org.junit.internal.runners.model.ReflectiveCallable.run(ReflectiveCallable.java:12)
	at org.junit.runners.model.FrameworkMethod.invokeExplosively(FrameworkMethod.java:56)
	at org.junit.internal.runners.statements.InvokeMethod.evaluate(InvokeMethod.java:17)
	at org.junit.internal.runners.statements.FailOnTimeout$CallableStatement.call(FailOnTimeout.java:299)
	at org.junit.internal.runners.statements.FailOnTimeout$CallableStatement.call(FailOnTimeout.java:293)
	at java.base/java.util.concurrent.FutureTask.run(FutureTask.java:264)
	at java.base/java.lang.Thread.run(Thread.java:829)
</error>
  </testcase>
  <testcase classname="net.byteseek.swing.treetable.TreeTableHeaderRenderer_ESTest" name="test36" time="0.014">
    <error message="sun/awt/image/ImageWatched" type="java.lang.NoClassDefFoundError">java.lang.NoClassDefFoundError: sun/awt/image/ImageWatched
	at java.desktop/sun.awt.image.ToolkitImage.makeImageRep(ToolkitImage.java:295)
	at java.desktop/sun.awt.image.ToolkitImage.getImageRep(ToolkitImage.java:304)
	at java.desktop/sun.awt.image.ToolkitImage.addWatcher(ToolkitImage.java:218)
	at java.desktop/sun.awt.image.ToolkitImage.getProperty(ToolkitImage.java:169)
	at java.desktop/javax.swing.ImageIcon.&lt;init&gt;(ImageIcon.java:290)
	at java.desktop/sun.swing.ImageIconUIResource.&lt;init&gt;(ImageIconUIResource.java:48)
	at java.desktop/sun.swing.SwingUtilities2.lambda$makeIcon$1(SwingUtilities2.java:1729)
	at java.desktop/javax.swing.UIDefaults.getFromHashtable(UIDefaults.java:224)
	at java.desktop/javax.swing.UIDefaults.get(UIDefaults.java:169)
	at java.desktop/javax.swing.MultiUIDefaults.get(MultiUIDefaults.java:65)
	at java.desktop/javax.swing.UIDefaults.getIcon(UIDefaults.java:480)
	at java.desktop/javax.swing.UIManager.getIcon(UIManager.java:780)
	at net.byteseek.swing.treetable.TreeTableHeaderRenderer.&lt;init&gt;(TreeTableHeaderRenderer.java:190)
	at net.byteseek.swing.treetable.TreeTableHeaderRenderer.&lt;init&gt;(TreeTableHeaderRenderer.java:175)
	at net.byteseek.swing.treetable.TreeTableHeaderRenderer.&lt;init&gt;(TreeTableHeaderRenderer.java:167)
	at net.byteseek.swing.treetable.TreeTableHeaderRenderer_ESTest.test36(TreeTableHeaderRenderer_ESTest.java:410)
	at java.base/jdk.internal.reflect.NativeMethodAccessorImpl.invoke0(Native Method)
	at java.base/jdk.internal.reflect.NativeMethodAccessorImpl.invoke(NativeMethodAccessorImpl.java:62)
	at java.base/jdk.internal.reflect.DelegatingMethodAccessorImpl.invoke(DelegatingMethodAccessorImpl.java:43)
	at java.base/java.lang.reflect.Method.invoke(Method.java:566)
	at org.junit.runners.model.FrameworkMethod$1.runReflectiveCall(FrameworkMethod.java:59)
	at org.junit.internal.runners.model.ReflectiveCallable.run(ReflectiveCallable.java:12)
	at org.junit.runners.model.FrameworkMethod.invokeExplosively(FrameworkMethod.java:56)
	at org.junit.internal.runners.statements.InvokeMethod.evaluate(InvokeMethod.java:17)
	at org.junit.internal.runners.statements.FailOnTimeout$CallableStatement.call(FailOnTimeout.java:299)
	at org.junit.internal.runners.statements.FailOnTimeout$CallableStatement.call(FailOnTimeout.java:293)
	at java.base/java.util.concurrent.FutureTask.run(FutureTask.java:264)
	at java.base/java.lang.Thread.run(Thread.java:829)
</error>
  </testcase>
  <testcase classname="net.byteseek.swing.treetable.TreeTableHeaderRenderer_ESTest" name="test13" time="0.056">
    <error message="sun/awt/image/ImageWatched" type="java.lang.NoClassDefFoundError">java.lang.NoClassDefFoundError: sun/awt/image/ImageWatched
	at java.desktop/sun.awt.image.ToolkitImage.makeImageRep(ToolkitImage.java:295)
	at java.desktop/sun.awt.image.ToolkitImage.getImageRep(ToolkitImage.java:304)
	at java.desktop/sun.awt.image.ToolkitImage.addWatcher(ToolkitImage.java:218)
	at java.desktop/sun.awt.image.ToolkitImage.getProperty(ToolkitImage.java:169)
	at java.desktop/javax.swing.ImageIcon.&lt;init&gt;(ImageIcon.java:290)
	at java.desktop/sun.swing.ImageIconUIResource.&lt;init&gt;(ImageIconUIResource.java:48)
	at java.desktop/sun.swing.SwingUtilities2.lambda$makeIcon$1(SwingUtilities2.java:1729)
	at java.desktop/javax.swing.UIDefaults.getFromHashtable(UIDefaults.java:224)
	at java.desktop/javax.swing.UIDefaults.get(UIDefaults.java:169)
	at java.desktop/javax.swing.MultiUIDefaults.get(MultiUIDefaults.java:65)
	at java.desktop/javax.swing.UIDefaults.getIcon(UIDefaults.java:480)
	at java.desktop/javax.swing.UIManager.getIcon(UIManager.java:780)
	at net.byteseek.swing.treetable.TreeTableHeaderRenderer.&lt;init&gt;(TreeTableHeaderRenderer.java:190)
	at net.byteseek.swing.treetable.TreeTableHeaderRenderer_ESTest.test13(TreeTableHeaderRenderer_ESTest.java:183)
	at java.base/jdk.internal.reflect.NativeMethodAccessorImpl.invoke0(Native Method)
	at java.base/jdk.internal.reflect.NativeMethodAccessorImpl.invoke(NativeMethodAccessorImpl.java:62)
	at java.base/jdk.internal.reflect.DelegatingMethodAccessorImpl.invoke(DelegatingMethodAccessorImpl.java:43)
	at java.base/java.lang.reflect.Method.invoke(Method.java:566)
	at org.junit.runners.model.FrameworkMethod$1.runReflectiveCall(FrameworkMethod.java:59)
	at org.junit.internal.runners.model.ReflectiveCallable.run(ReflectiveCallable.java:12)
	at org.junit.runners.model.FrameworkMethod.invokeExplosively(FrameworkMethod.java:56)
	at org.junit.internal.runners.statements.InvokeMethod.evaluate(InvokeMethod.java:17)
	at org.junit.internal.runners.statements.FailOnTimeout$CallableStatement.call(FailOnTimeout.java:299)
	at org.junit.internal.runners.statements.FailOnTimeout$CallableStatement.call(FailOnTimeout.java:293)
	at java.base/java.util.concurrent.FutureTask.run(FutureTask.java:264)
	at java.base/java.lang.Thread.run(Thread.java:829)
</error>
  </testcase>
  <testcase classname="net.byteseek.swing.treetable.TreeTableHeaderRenderer_ESTest" name="test35" time="0.001">
    <error message="sun/awt/image/ImageWatched" type="java.lang.NoClassDefFoundError">java.lang.NoClassDefFoundError: sun/awt/image/ImageWatched
	at java.desktop/sun.awt.image.ToolkitImage.makeImageRep(ToolkitImage.java:295)
	at java.desktop/sun.awt.image.ToolkitImage.getImageRep(ToolkitImage.java:304)
	at java.desktop/sun.awt.image.ToolkitImage.addWatcher(ToolkitImage.java:218)
	at java.desktop/sun.awt.image.ToolkitImage.getProperty(ToolkitImage.java:169)
	at java.desktop/javax.swing.ImageIcon.&lt;init&gt;(ImageIcon.java:290)
	at java.desktop/sun.swing.ImageIconUIResource.&lt;init&gt;(ImageIconUIResource.java:48)
	at java.desktop/sun.swing.SwingUtilities2.lambda$makeIcon$1(SwingUtilities2.java:1729)
	at java.desktop/javax.swing.UIDefaults.getFromHashtable(UIDefaults.java:224)
	at java.desktop/javax.swing.UIDefaults.get(UIDefaults.java:169)
	at java.desktop/javax.swing.MultiUIDefaults.get(MultiUIDefaults.java:65)
	at java.desktop/javax.swing.UIDefaults.getIcon(UIDefaults.java:480)
	at java.desktop/javax.swing.UIManager.getIcon(UIManager.java:780)
	at net.byteseek.swing.treetable.TreeTableHeaderRenderer.&lt;init&gt;(TreeTableHeaderRenderer.java:190)
	at net.byteseek.swing.treetable.TreeTableHeaderRenderer_ESTest.test35(TreeTableHeaderRenderer_ESTest.java:403)
	at java.base/jdk.internal.reflect.NativeMethodAccessorImpl.invoke0(Native Method)
	at java.base/jdk.internal.reflect.NativeMethodAccessorImpl.invoke(NativeMethodAccessorImpl.java:62)
	at java.base/jdk.internal.reflect.DelegatingMethodAccessorImpl.invoke(DelegatingMethodAccessorImpl.java:43)
	at java.base/java.lang.reflect.Method.invoke(Method.java:566)
	at org.junit.runners.model.FrameworkMethod$1.runReflectiveCall(FrameworkMethod.java:59)
	at org.junit.internal.runners.model.ReflectiveCallable.run(ReflectiveCallable.java:12)
	at org.junit.runners.model.FrameworkMethod.invokeExplosively(FrameworkMethod.java:56)
	at org.junit.internal.runners.statements.InvokeMethod.evaluate(InvokeMethod.java:17)
	at org.junit.internal.runners.statements.FailOnTimeout$CallableStatement.call(FailOnTimeout.java:299)
	at org.junit.internal.runners.statements.FailOnTimeout$CallableStatement.call(FailOnTimeout.java:293)
	at java.base/java.util.concurrent.FutureTask.run(FutureTask.java:264)
	at java.base/java.lang.Thread.run(Thread.java:829)
</error>
  </testcase>
  <testcase classname="net.byteseek.swing.treetable.TreeTableHeaderRenderer_ESTest" name="test19" time="0.008">
    <error message="sun/awt/image/ImageWatched" type="java.lang.NoClassDefFoundError">java.lang.NoClassDefFoundError: sun/awt/image/ImageWatched
	at java.desktop/sun.awt.image.ToolkitImage.makeImageRep(ToolkitImage.java:295)
	at java.desktop/sun.awt.image.ToolkitImage.getImageRep(ToolkitImage.java:304)
	at java.desktop/sun.awt.image.ToolkitImage.addWatcher(ToolkitImage.java:218)
	at java.desktop/sun.awt.image.ToolkitImage.getProperty(ToolkitImage.java:169)
	at java.desktop/javax.swing.ImageIcon.&lt;init&gt;(ImageIcon.java:290)
	at java.desktop/sun.swing.ImageIconUIResource.&lt;init&gt;(ImageIconUIResource.java:48)
	at java.desktop/sun.swing.SwingUtilities2.lambda$makeIcon$1(SwingUtilities2.java:1729)
	at java.desktop/javax.swing.UIDefaults.getFromHashtable(UIDefaults.java:224)
	at java.desktop/javax.swing.UIDefaults.get(UIDefaults.java:169)
	at java.desktop/javax.swing.MultiUIDefaults.get(MultiUIDefaults.java:65)
	at java.desktop/javax.swing.UIDefaults.getIcon(UIDefaults.java:480)
	at java.desktop/javax.swing.UIManager.getIcon(UIManager.java:780)
	at net.byteseek.swing.treetable.TreeTableHeaderRenderer.&lt;init&gt;(TreeTableHeaderRenderer.java:190)
	at net.byteseek.swing.treetable.TreeTableHeaderRenderer.&lt;init&gt;(TreeTableHeaderRenderer.java:175)
	at net.byteseek.swing.treetable.TreeTableHeaderRenderer.&lt;init&gt;(TreeTableHeaderRenderer.java:167)
	at net.byteseek.swing.treetable.TreeTableHeaderRenderer_ESTest.test19(TreeTableHeaderRenderer_ESTest.java:225)
	at java.base/jdk.internal.reflect.NativeMethodAccessorImpl.invoke0(Native Method)
	at java.base/jdk.internal.reflect.NativeMethodAccessorImpl.invoke(NativeMethodAccessorImpl.java:62)
	at java.base/jdk.internal.reflect.DelegatingMethodAccessorImpl.invoke(DelegatingMethodAccessorImpl.java:43)
	at java.base/java.lang.reflect.Method.invoke(Method.java:566)
	at org.junit.runners.model.FrameworkMethod$1.runReflectiveCall(FrameworkMethod.java:59)
	at org.junit.internal.runners.model.ReflectiveCallable.run(ReflectiveCallable.java:12)
	at org.junit.runners.model.FrameworkMethod.invokeExplosively(FrameworkMethod.java:56)
	at org.junit.internal.runners.statements.InvokeMethod.evaluate(InvokeMethod.java:17)
	at org.junit.internal.runners.statements.FailOnTimeout$CallableStatement.call(FailOnTimeout.java:299)
	at org.junit.internal.runners.statements.FailOnTimeout$CallableStatement.call(FailOnTimeout.java:293)
	at java.base/java.util.concurrent.FutureTask.run(FutureTask.java:264)
	at java.base/java.lang.Thread.run(Thread.java:829)
</error>
  </testcase>
  <testcase classname="net.byteseek.swing.treetable.TreeTableHeaderRenderer_ESTest" name="test18" time="0.003">
    <error message="sun/awt/image/ImageWatched" type="java.lang.NoClassDefFoundError">java.lang.NoClassDefFoundError: sun/awt/image/ImageWatched
	at java.desktop/sun.awt.image.ToolkitImage.makeImageRep(ToolkitImage.java:295)
	at java.desktop/sun.awt.image.ToolkitImage.getImageRep(ToolkitImage.java:304)
	at java.desktop/sun.awt.image.ToolkitImage.addWatcher(ToolkitImage.java:218)
	at java.desktop/sun.awt.image.ToolkitImage.getProperty(ToolkitImage.java:169)
	at java.desktop/javax.swing.ImageIcon.&lt;init&gt;(ImageIcon.java:290)
	at java.desktop/sun.swing.ImageIconUIResource.&lt;init&gt;(ImageIconUIResource.java:48)
	at java.desktop/sun.swing.SwingUtilities2.lambda$makeIcon$1(SwingUtilities2.java:1729)
	at java.desktop/javax.swing.UIDefaults.getFromHashtable(UIDefaults.java:224)
	at java.desktop/javax.swing.UIDefaults.get(UIDefaults.java:169)
	at java.desktop/javax.swing.MultiUIDefaults.get(MultiUIDefaults.java:65)
	at java.desktop/javax.swing.UIDefaults.getIcon(UIDefaults.java:480)
	at java.desktop/javax.swing.UIManager.getIcon(UIManager.java:780)
	at net.byteseek.swing.treetable.TreeTableHeaderRenderer.&lt;init&gt;(TreeTableHeaderRenderer.java:190)
	at net.byteseek.swing.treetable.TreeTableHeaderRenderer_ESTest.test18(TreeTableHeaderRenderer_ESTest.java:219)
	at java.base/jdk.internal.reflect.NativeMethodAccessorImpl.invoke0(Native Method)
	at java.base/jdk.internal.reflect.NativeMethodAccessorImpl.invoke(NativeMethodAccessorImpl.java:62)
	at java.base/jdk.internal.reflect.DelegatingMethodAccessorImpl.invoke(DelegatingMethodAccessorImpl.java:43)
	at java.base/java.lang.reflect.Method.invoke(Method.java:566)
	at org.junit.runners.model.FrameworkMethod$1.runReflectiveCall(FrameworkMethod.java:59)
	at org.junit.internal.runners.model.ReflectiveCallable.run(ReflectiveCallable.java:12)
	at org.junit.runners.model.FrameworkMethod.invokeExplosively(FrameworkMethod.java:56)
	at org.junit.internal.runners.statements.InvokeMethod.evaluate(InvokeMethod.java:17)
	at org.junit.internal.runners.statements.FailOnTimeout$CallableStatement.call(FailOnTimeout.java:299)
	at org.junit.internal.runners.statements.FailOnTimeout$CallableStatement.call(FailOnTimeout.java:293)
	at java.base/java.util.concurrent.FutureTask.run(FutureTask.java:264)
	at java.base/java.lang.Thread.run(Thread.java:829)
</error>
  </testcase>
  <testcase classname="net.byteseek.swing.treetable.TreeTableHeaderRenderer_ESTest" name="test17" time="0.002">
    <error message="sun/awt/image/ImageWatched" type="java.lang.NoClassDefFoundError">java.lang.NoClassDefFoundError: sun/awt/image/ImageWatched
	at java.desktop/sun.awt.image.ToolkitImage.makeImageRep(ToolkitImage.java:295)
	at java.desktop/sun.awt.image.ToolkitImage.getImageRep(ToolkitImage.java:304)
	at java.desktop/sun.awt.image.ToolkitImage.addWatcher(ToolkitImage.java:218)
	at java.desktop/sun.awt.image.ToolkitImage.getProperty(ToolkitImage.java:169)
	at java.desktop/javax.swing.ImageIcon.&lt;init&gt;(ImageIcon.java:290)
	at java.desktop/sun.swing.ImageIconUIResource.&lt;init&gt;(ImageIconUIResource.java:48)
	at java.desktop/sun.swing.SwingUtilities2.lambda$makeIcon$1(SwingUtilities2.java:1729)
	at java.desktop/javax.swing.UIDefaults.getFromHashtable(UIDefaults.java:224)
	at java.desktop/javax.swing.UIDefaults.get(UIDefaults.java:169)
	at java.desktop/javax.swing.MultiUIDefaults.get(MultiUIDefaults.java:65)
	at java.desktop/javax.swing.UIDefaults.getIcon(UIDefaults.java:480)
	at java.desktop/javax.swing.UIManager.getIcon(UIManager.java:780)
	at net.byteseek.swing.treetable.TreeTableHeaderRenderer.&lt;init&gt;(TreeTableHeaderRenderer.java:190)
	at net.byteseek.swing.treetable.TreeTableHeaderRenderer.&lt;init&gt;(TreeTableHeaderRenderer.java:175)
	at net.byteseek.swing.treetable.TreeTableHeaderRenderer_ESTest.test17(TreeTableHeaderRenderer_ESTest.java:213)
	at java.base/jdk.internal.reflect.NativeMethodAccessorImpl.invoke0(Native Method)
	at java.base/jdk.internal.reflect.NativeMethodAccessorImpl.invoke(NativeMethodAccessorImpl.java:62)
	at java.base/jdk.internal.reflect.DelegatingMethodAccessorImpl.invoke(DelegatingMethodAccessorImpl.java:43)
	at java.base/java.lang.reflect.Method.invoke(Method.java:566)
	at org.junit.runners.model.FrameworkMethod$1.runReflectiveCall(FrameworkMethod.java:59)
	at org.junit.internal.runners.model.ReflectiveCallable.run(ReflectiveCallable.java:12)
	at org.junit.runners.model.FrameworkMethod.invokeExplosively(FrameworkMethod.java:56)
	at org.junit.internal.runners.statements.InvokeMethod.evaluate(InvokeMethod.java:17)
	at org.junit.internal.runners.statements.FailOnTimeout$CallableStatement.call(FailOnTimeout.java:299)
	at org.junit.internal.runners.statements.FailOnTimeout$CallableStatement.call(FailOnTimeout.java:293)
	at java.base/java.util.concurrent.FutureTask.run(FutureTask.java:264)
	at java.base/java.lang.Thread.run(Thread.java:829)
</error>
  </testcase>
  <testcase classname="net.byteseek.swing.treetable.TreeTableHeaderRenderer_ESTest" name="test39" time="0.001">
    <error message="sun/awt/image/ImageWatched" type="java.lang.NoClassDefFoundError">java.lang.NoClassDefFoundError: sun/awt/image/ImageWatched
	at java.desktop/sun.awt.image.ToolkitImage.makeImageRep(ToolkitImage.java:295)
	at java.desktop/sun.awt.image.ToolkitImage.getImageRep(ToolkitImage.java:304)
	at java.desktop/sun.awt.image.ToolkitImage.addWatcher(ToolkitImage.java:218)
	at java.desktop/sun.awt.image.ToolkitImage.getProperty(ToolkitImage.java:169)
	at java.desktop/javax.swing.ImageIcon.&lt;init&gt;(ImageIcon.java:290)
	at java.desktop/sun.swing.ImageIconUIResource.&lt;init&gt;(ImageIconUIResource.java:48)
	at java.desktop/sun.swing.SwingUtilities2.lambda$makeIcon$1(SwingUtilities2.java:1729)
	at java.desktop/javax.swing.UIDefaults.getFromHashtable(UIDefaults.java:224)
	at java.desktop/javax.swing.UIDefaults.get(UIDefaults.java:169)
	at java.desktop/javax.swing.MultiUIDefaults.get(MultiUIDefaults.java:65)
	at java.desktop/javax.swing.UIDefaults.getIcon(UIDefaults.java:480)
	at java.desktop/javax.swing.UIManager.getIcon(UIManager.java:780)
	at net.byteseek.swing.treetable.TreeTableHeaderRenderer.&lt;init&gt;(TreeTableHeaderRenderer.java:190)
	at net.byteseek.swing.treetable.TreeTableHeaderRenderer.&lt;init&gt;(TreeTableHeaderRenderer.java:175)
	at net.byteseek.swing.treetable.TreeTableHeaderRenderer.&lt;init&gt;(TreeTableHeaderRenderer.java:167)
	at net.byteseek.swing.treetable.TreeTableHeaderRenderer_ESTest.test39(TreeTableHeaderRenderer_ESTest.java:439)
	at java.base/jdk.internal.reflect.NativeMethodAccessorImpl.invoke0(Native Method)
	at java.base/jdk.internal.reflect.NativeMethodAccessorImpl.invoke(NativeMethodAccessorImpl.java:62)
	at java.base/jdk.internal.reflect.DelegatingMethodAccessorImpl.invoke(DelegatingMethodAccessorImpl.java:43)
	at java.base/java.lang.reflect.Method.invoke(Method.java:566)
	at org.junit.runners.model.FrameworkMethod$1.runReflectiveCall(FrameworkMethod.java:59)
	at org.junit.internal.runners.model.ReflectiveCallable.run(ReflectiveCallable.java:12)
	at org.junit.runners.model.FrameworkMethod.invokeExplosively(FrameworkMethod.java:56)
	at org.junit.internal.runners.statements.InvokeMethod.evaluate(InvokeMethod.java:17)
	at org.junit.internal.runners.statements.FailOnTimeout$CallableStatement.call(FailOnTimeout.java:299)
	at org.junit.internal.runners.statements.FailOnTimeout$CallableStatement.call(FailOnTimeout.java:293)
	at java.base/java.util.concurrent.FutureTask.run(FutureTask.java:264)
	at java.base/java.lang.Thread.run(Thread.java:829)
</error>
  </testcase>
  <testcase classname="net.byteseek.swing.treetable.TreeTableHeaderRenderer_ESTest" name="test41" time="0.001">
    <error message="sun/awt/image/ImageWatched" type="java.lang.NoClassDefFoundError">java.lang.NoClassDefFoundError: sun/awt/image/ImageWatched
	at java.desktop/sun.awt.image.ToolkitImage.makeImageRep(ToolkitImage.java:295)
	at java.desktop/sun.awt.image.ToolkitImage.getImageRep(ToolkitImage.java:304)
	at java.desktop/sun.awt.image.ToolkitImage.addWatcher(ToolkitImage.java:218)
	at java.desktop/sun.awt.image.ToolkitImage.getProperty(ToolkitImage.java:169)
	at java.desktop/javax.swing.ImageIcon.&lt;init&gt;(ImageIcon.java:290)
	at java.desktop/sun.swing.ImageIconUIResource.&lt;init&gt;(ImageIconUIResource.java:48)
	at java.desktop/sun.swing.SwingUtilities2.lambda$makeIcon$1(SwingUtilities2.java:1729)
	at java.desktop/javax.swing.UIDefaults.getFromHashtable(UIDefaults.java:224)
	at java.desktop/javax.swing.UIDefaults.get(UIDefaults.java:169)
	at java.desktop/javax.swing.MultiUIDefaults.get(MultiUIDefaults.java:65)
	at java.desktop/javax.swing.UIDefaults.getIcon(UIDefaults.java:480)
	at java.desktop/javax.swing.UIManager.getIcon(UIManager.java:780)
	at net.byteseek.swing.treetable.TreeTableHeaderRenderer.&lt;init&gt;(TreeTableHeaderRenderer.java:190)
	at net.byteseek.swing.treetable.TreeTableHeaderRenderer.&lt;init&gt;(TreeTableHeaderRenderer.java:175)
	at net.byteseek.swing.treetable.TreeTableHeaderRenderer.&lt;init&gt;(TreeTableHeaderRenderer.java:167)
	at net.byteseek.swing.treetable.TreeTableHeaderRenderer_ESTest.test41(TreeTableHeaderRenderer_ESTest.java:452)
	at java.base/jdk.internal.reflect.NativeMethodAccessorImpl.invoke0(Native Method)
	at java.base/jdk.internal.reflect.NativeMethodAccessorImpl.invoke(NativeMethodAccessorImpl.java:62)
	at java.base/jdk.internal.reflect.DelegatingMethodAccessorImpl.invoke(DelegatingMethodAccessorImpl.java:43)
	at java.base/java.lang.reflect.Method.invoke(Method.java:566)
	at org.junit.runners.model.FrameworkMethod$1.runReflectiveCall(FrameworkMethod.java:59)
	at org.junit.internal.runners.model.ReflectiveCallable.run(ReflectiveCallable.java:12)
	at org.junit.runners.model.FrameworkMethod.invokeExplosively(FrameworkMethod.java:56)
	at org.junit.internal.runners.statements.InvokeMethod.evaluate(InvokeMethod.java:17)
	at org.junit.internal.runners.statements.FailOnTimeout$CallableStatement.call(FailOnTimeout.java:299)
	at org.junit.internal.runners.statements.FailOnTimeout$CallableStatement.call(FailOnTimeout.java:293)
	at java.base/java.util.concurrent.FutureTask.run(FutureTask.java:264)
	at java.base/java.lang.Thread.run(Thread.java:829)
</error>
  </testcase>
  <testcase classname="net.byteseek.swing.treetable.TreeTableHeaderRenderer_ESTest" name="test40" time="0.002">
    <error message="sun/awt/image/ImageWatched" type="java.lang.NoClassDefFoundError">java.lang.NoClassDefFoundError: sun/awt/image/ImageWatched
	at java.desktop/sun.awt.image.ToolkitImage.makeImageRep(ToolkitImage.java:295)
	at java.desktop/sun.awt.image.ToolkitImage.getImageRep(ToolkitImage.java:304)
	at java.desktop/sun.awt.image.ToolkitImage.addWatcher(ToolkitImage.java:218)
	at java.desktop/sun.awt.image.ToolkitImage.getProperty(ToolkitImage.java:169)
	at java.desktop/javax.swing.ImageIcon.&lt;init&gt;(ImageIcon.java:290)
	at java.desktop/sun.swing.ImageIconUIResource.&lt;init&gt;(ImageIconUIResource.java:48)
	at java.desktop/sun.swing.SwingUtilities2.lambda$makeIcon$1(SwingUtilities2.java:1729)
	at java.desktop/javax.swing.UIDefaults.getFromHashtable(UIDefaults.java:224)
	at java.desktop/javax.swing.UIDefaults.get(UIDefaults.java:169)
	at java.desktop/javax.swing.MultiUIDefaults.get(MultiUIDefaults.java:65)
	at java.desktop/javax.swing.UIDefaults.getIcon(UIDefaults.java:480)
	at java.desktop/javax.swing.UIManager.getIcon(UIManager.java:780)
	at net.byteseek.swing.treetable.TreeTableHeaderRenderer.&lt;init&gt;(TreeTableHeaderRenderer.java:190)
	at net.byteseek.swing.treetable.TreeTableHeaderRenderer.&lt;init&gt;(TreeTableHeaderRenderer.java:175)
	at net.byteseek.swing.treetable.TreeTableHeaderRenderer.&lt;init&gt;(TreeTableHeaderRenderer.java:167)
	at net.byteseek.swing.treetable.TreeTableHeaderRenderer_ESTest.test40(TreeTableHeaderRenderer_ESTest.java:445)
	at java.base/jdk.internal.reflect.NativeMethodAccessorImpl.invoke0(Native Method)
	at java.base/jdk.internal.reflect.NativeMethodAccessorImpl.invoke(NativeMethodAccessorImpl.java:62)
	at java.base/jdk.internal.reflect.DelegatingMethodAccessorImpl.invoke(DelegatingMethodAccessorImpl.java:43)
	at java.base/java.lang.reflect.Method.invoke(Method.java:566)
	at org.junit.runners.model.FrameworkMethod$1.runReflectiveCall(FrameworkMethod.java:59)
	at org.junit.internal.runners.model.ReflectiveCallable.run(ReflectiveCallable.java:12)
	at org.junit.runners.model.FrameworkMethod.invokeExplosively(FrameworkMethod.java:56)
	at org.junit.internal.runners.statements.InvokeMethod.evaluate(InvokeMethod.java:17)
	at org.junit.internal.runners.statements.FailOnTimeout$CallableStatement.call(FailOnTimeout.java:299)
	at org.junit.internal.runners.statements.FailOnTimeout$CallableStatement.call(FailOnTimeout.java:293)
	at java.base/java.util.concurrent.FutureTask.run(FutureTask.java:264)
	at java.base/java.lang.Thread.run(Thread.java:829)
</error>
  </testcase>
  <testcase classname="net.byteseek.swing.treetable.TreeTableHeaderRenderer_ESTest" name="test01" time="0.001">
    <error message="sun/awt/image/ImageWatched" type="java.lang.NoClassDefFoundError">java.lang.NoClassDefFoundError: sun/awt/image/ImageWatched
	at java.desktop/sun.awt.image.ToolkitImage.makeImageRep(ToolkitImage.java:295)
	at java.desktop/sun.awt.image.ToolkitImage.getImageRep(ToolkitImage.java:304)
	at java.desktop/sun.awt.image.ToolkitImage.addWatcher(ToolkitImage.java:218)
	at java.desktop/sun.awt.image.ToolkitImage.getProperty(ToolkitImage.java:169)
	at java.desktop/javax.swing.ImageIcon.&lt;init&gt;(ImageIcon.java:290)
	at java.desktop/sun.swing.ImageIconUIResource.&lt;init&gt;(ImageIconUIResource.java:48)
	at java.desktop/sun.swing.SwingUtilities2.lambda$makeIcon$1(SwingUtilities2.java:1729)
	at java.desktop/javax.swing.UIDefaults.getFromHashtable(UIDefaults.java:224)
	at java.desktop/javax.swing.UIDefaults.get(UIDefaults.java:169)
	at java.desktop/javax.swing.MultiUIDefaults.get(MultiUIDefaults.java:65)
	at java.desktop/javax.swing.UIDefaults.getIcon(UIDefaults.java:480)
	at java.desktop/javax.swing.UIManager.getIcon(UIManager.java:780)
	at net.byteseek.swing.treetable.TreeTableHeaderRenderer.&lt;init&gt;(TreeTableHeaderRenderer.java:190)
	at net.byteseek.swing.treetable.TreeTableHeaderRenderer.&lt;init&gt;(TreeTableHeaderRenderer.java:175)
	at net.byteseek.swing.treetable.TreeTableHeaderRenderer.&lt;init&gt;(TreeTableHeaderRenderer.java:167)
	at net.byteseek.swing.treetable.TreeTableHeaderRenderer_ESTest.test01(TreeTableHeaderRenderer_ESTest.java:58)
	at java.base/jdk.internal.reflect.NativeMethodAccessorImpl.invoke0(Native Method)
	at java.base/jdk.internal.reflect.NativeMethodAccessorImpl.invoke(NativeMethodAccessorImpl.java:62)
	at java.base/jdk.internal.reflect.DelegatingMethodAccessorImpl.invoke(DelegatingMethodAccessorImpl.java:43)
	at java.base/java.lang.reflect.Method.invoke(Method.java:566)
	at org.junit.runners.model.FrameworkMethod$1.runReflectiveCall(FrameworkMethod.java:59)
	at org.junit.internal.runners.model.ReflectiveCallable.run(ReflectiveCallable.java:12)
	at org.junit.runners.model.FrameworkMethod.invokeExplosively(FrameworkMethod.java:56)
	at org.junit.internal.runners.statements.InvokeMethod.evaluate(InvokeMethod.java:17)
	at org.junit.internal.runners.statements.FailOnTimeout$CallableStatement.call(FailOnTimeout.java:299)
	at org.junit.internal.runners.statements.FailOnTimeout$CallableStatement.call(FailOnTimeout.java:293)
	at java.base/java.util.concurrent.FutureTask.run(FutureTask.java:264)
	at java.base/java.lang.Thread.run(Thread.java:829)
</error>
  </testcase>
  <testcase classname="net.byteseek.swing.treetable.TreeTableHeaderRenderer_ESTest" name="test23" time="0.001">
    <error message="sun/awt/image/ImageWatched" type="java.lang.NoClassDefFoundError">java.lang.NoClassDefFoundError: sun/awt/image/ImageWatched
	at java.desktop/sun.awt.image.ToolkitImage.makeImageRep(ToolkitImage.java:295)
	at java.desktop/sun.awt.image.ToolkitImage.getImageRep(ToolkitImage.java:304)
	at java.desktop/sun.awt.image.ToolkitImage.addWatcher(ToolkitImage.java:218)
	at java.desktop/sun.awt.image.ToolkitImage.getProperty(ToolkitImage.java:169)
	at java.desktop/javax.swing.ImageIcon.&lt;init&gt;(ImageIcon.java:290)
	at java.desktop/sun.swing.ImageIconUIResource.&lt;init&gt;(ImageIconUIResource.java:48)
	at java.desktop/sun.swing.SwingUtilities2.lambda$makeIcon$1(SwingUtilities2.java:1729)
	at java.desktop/javax.swing.UIDefaults.getFromHashtable(UIDefaults.java:224)
	at java.desktop/javax.swing.UIDefaults.get(UIDefaults.java:169)
	at java.desktop/javax.swing.MultiUIDefaults.get(MultiUIDefaults.java:65)
	at java.desktop/javax.swing.UIDefaults.getIcon(UIDefaults.java:480)
	at java.desktop/javax.swing.UIManager.getIcon(UIManager.java:780)
	at net.byteseek.swing.treetable.TreeTableHeaderRenderer.&lt;init&gt;(TreeTableHeaderRenderer.java:190)
	at net.byteseek.swing.treetable.TreeTableHeaderRenderer.&lt;init&gt;(TreeTableHeaderRenderer.java:175)
	at net.byteseek.swing.treetable.TreeTableHeaderRenderer.&lt;init&gt;(TreeTableHeaderRenderer.java:167)
	at net.byteseek.swing.treetable.TreeTableHeaderRenderer_ESTest.test23(TreeTableHeaderRenderer_ESTest.java:282)
	at java.base/jdk.internal.reflect.NativeMethodAccessorImpl.invoke0(Native Method)
	at java.base/jdk.internal.reflect.NativeMethodAccessorImpl.invoke(NativeMethodAccessorImpl.java:62)
	at java.base/jdk.internal.reflect.DelegatingMethodAccessorImpl.invoke(DelegatingMethodAccessorImpl.java:43)
	at java.base/java.lang.reflect.Method.invoke(Method.java:566)
	at org.junit.runners.model.FrameworkMethod$1.runReflectiveCall(FrameworkMethod.java:59)
	at org.junit.internal.runners.model.ReflectiveCallable.run(ReflectiveCallable.java:12)
	at org.junit.runners.model.FrameworkMethod.invokeExplosively(FrameworkMethod.java:56)
	at org.junit.internal.runners.statements.InvokeMethod.evaluate(InvokeMethod.java:17)
	at org.junit.internal.runners.statements.FailOnTimeout$CallableStatement.call(FailOnTimeout.java:299)
	at org.junit.internal.runners.statements.FailOnTimeout$CallableStatement.call(FailOnTimeout.java:293)
	at java.base/java.util.concurrent.FutureTask.run(FutureTask.java:264)
	at java.base/java.lang.Thread.run(Thread.java:829)
</error>
  </testcase>
  <testcase classname="net.byteseek.swing.treetable.TreeTableHeaderRenderer_ESTest" name="test45" time="0.005">
    <error message="sun/awt/image/ImageWatched" type="java.lang.NoClassDefFoundError">java.lang.NoClassDefFoundError: sun/awt/image/ImageWatched
	at java.desktop/sun.awt.image.ToolkitImage.makeImageRep(ToolkitImage.java:295)
	at java.desktop/sun.awt.image.ToolkitImage.getImageRep(ToolkitImage.java:304)
	at java.desktop/sun.awt.image.ToolkitImage.addWatcher(ToolkitImage.java:218)
	at java.desktop/sun.awt.image.ToolkitImage.getProperty(ToolkitImage.java:169)
	at java.desktop/javax.swing.ImageIcon.&lt;init&gt;(ImageIcon.java:290)
	at java.desktop/sun.swing.ImageIconUIResource.&lt;init&gt;(ImageIconUIResource.java:48)
	at java.desktop/sun.swing.SwingUtilities2.lambda$makeIcon$1(SwingUtilities2.java:1729)
	at java.desktop/javax.swing.UIDefaults.getFromHashtable(UIDefaults.java:224)
	at java.desktop/javax.swing.UIDefaults.get(UIDefaults.java:169)
	at java.desktop/javax.swing.MultiUIDefaults.get(MultiUIDefaults.java:65)
	at java.desktop/javax.swing.UIDefaults.getIcon(UIDefaults.java:480)
	at java.desktop/javax.swing.UIManager.getIcon(UIManager.java:780)
	at net.byteseek.swing.treetable.TreeTableHeaderRenderer.&lt;init&gt;(TreeTableHeaderRenderer.java:190)
	at net.byteseek.swing.treetable.TreeTableHeaderRenderer.&lt;init&gt;(TreeTableHeaderRenderer.java:175)
	at net.byteseek.swing.treetable.TreeTableHeaderRenderer.&lt;init&gt;(TreeTableHeaderRenderer.java:167)
	at net.byteseek.swing.treetable.TreeTableHeaderRenderer_ESTest.test45(TreeTableHeaderRenderer_ESTest.java:476)
	at java.base/jdk.internal.reflect.NativeMethodAccessorImpl.invoke0(Native Method)
	at java.base/jdk.internal.reflect.NativeMethodAccessorImpl.invoke(NativeMethodAccessorImpl.java:62)
	at java.base/jdk.internal.reflect.DelegatingMethodAccessorImpl.invoke(DelegatingMethodAccessorImpl.java:43)
	at java.base/java.lang.reflect.Method.invoke(Method.java:566)
	at org.junit.runners.model.FrameworkMethod$1.runReflectiveCall(FrameworkMethod.java:59)
	at org.junit.internal.runners.model.ReflectiveCallable.run(ReflectiveCallable.java:12)
	at org.junit.runners.model.FrameworkMethod.invokeExplosively(FrameworkMethod.java:56)
	at org.junit.internal.runners.statements.InvokeMethod.evaluate(InvokeMethod.java:17)
	at org.junit.internal.runners.statements.FailOnTimeout$CallableStatement.call(FailOnTimeout.java:299)
	at org.junit.internal.runners.statements.FailOnTimeout$CallableStatement.call(FailOnTimeout.java:293)
	at java.base/java.util.concurrent.FutureTask.run(FutureTask.java:264)
	at java.base/java.lang.Thread.run(Thread.java:829)
</error>
  </testcase>
  <testcase classname="net.byteseek.swing.treetable.TreeTableHeaderRenderer_ESTest" name="test00" time="0.002">
    <error message="sun/awt/image/ImageWatched" type="java.lang.NoClassDefFoundError">java.lang.NoClassDefFoundError: sun/awt/image/ImageWatched
	at java.desktop/sun.awt.image.ToolkitImage.makeImageRep(ToolkitImage.java:295)
	at java.desktop/sun.awt.image.ToolkitImage.getImageRep(ToolkitImage.java:304)
	at java.desktop/sun.awt.image.ToolkitImage.addWatcher(ToolkitImage.java:218)
	at java.desktop/sun.awt.image.ToolkitImage.getProperty(ToolkitImage.java:169)
	at java.desktop/javax.swing.ImageIcon.&lt;init&gt;(ImageIcon.java:290)
	at java.desktop/sun.swing.ImageIconUIResource.&lt;init&gt;(ImageIconUIResource.java:48)
	at java.desktop/sun.swing.SwingUtilities2.lambda$makeIcon$1(SwingUtilities2.java:1729)
	at java.desktop/javax.swing.UIDefaults.getFromHashtable(UIDefaults.java:224)
	at java.desktop/javax.swing.UIDefaults.get(UIDefaults.java:169)
	at java.desktop/javax.swing.MultiUIDefaults.get(MultiUIDefaults.java:65)
	at java.desktop/javax.swing.UIDefaults.getIcon(UIDefaults.java:480)
	at java.desktop/javax.swing.UIManager.getIcon(UIManager.java:780)
	at net.byteseek.swing.treetable.TreeTableHeaderRenderer.&lt;init&gt;(TreeTableHeaderRenderer.java:190)
	at net.byteseek.swing.treetable.TreeTableHeaderRenderer_ESTest.test00(TreeTableHeaderRenderer_ESTest.java:46)
	at java.base/jdk.internal.reflect.NativeMethodAccessorImpl.invoke0(Native Method)
	at java.base/jdk.internal.reflect.NativeMethodAccessorImpl.invoke(NativeMethodAccessorImpl.java:62)
	at java.base/jdk.internal.reflect.DelegatingMethodAccessorImpl.invoke(DelegatingMethodAccessorImpl.java:43)
	at java.base/java.lang.reflect.Method.invoke(Method.java:566)
	at org.junit.runners.model.FrameworkMethod$1.runReflectiveCall(FrameworkMethod.java:59)
	at org.junit.internal.runners.model.ReflectiveCallable.run(ReflectiveCallable.java:12)
	at org.junit.runners.model.FrameworkMethod.invokeExplosively(FrameworkMethod.java:56)
	at org.junit.internal.runners.statements.InvokeMethod.evaluate(InvokeMethod.java:17)
	at org.junit.internal.runners.statements.FailOnTimeout$CallableStatement.call(FailOnTimeout.java:299)
	at org.junit.internal.runners.statements.FailOnTimeout$CallableStatement.call(FailOnTimeout.java:293)
	at java.base/java.util.concurrent.FutureTask.run(FutureTask.java:264)
	at java.base/java.lang.Thread.run(Thread.java:829)
</error>
  </testcase>
  <testcase classname="net.byteseek.swing.treetable.TreeTableHeaderRenderer_ESTest" name="test22" time="0.004">
    <error message="sun/awt/image/ImageWatched" type="java.lang.NoClassDefFoundError">java.lang.NoClassDefFoundError: sun/awt/image/ImageWatched
	at java.desktop/sun.awt.image.ToolkitImage.makeImageRep(ToolkitImage.java:295)
	at java.desktop/sun.awt.image.ToolkitImage.getImageRep(ToolkitImage.java:304)
	at java.desktop/sun.awt.image.ToolkitImage.addWatcher(ToolkitImage.java:218)
	at java.desktop/sun.awt.image.ToolkitImage.getProperty(ToolkitImage.java:169)
	at java.desktop/javax.swing.ImageIcon.&lt;init&gt;(ImageIcon.java:290)
	at java.desktop/sun.swing.ImageIconUIResource.&lt;init&gt;(ImageIconUIResource.java:48)
	at java.desktop/sun.swing.SwingUtilities2.lambda$makeIcon$1(SwingUtilities2.java:1729)
	at java.desktop/javax.swing.UIDefaults.getFromHashtable(UIDefaults.java:224)
	at java.desktop/javax.swing.UIDefaults.get(UIDefaults.java:169)
	at java.desktop/javax.swing.MultiUIDefaults.get(MultiUIDefaults.java:65)
	at java.desktop/javax.swing.UIDefaults.getIcon(UIDefaults.java:480)
	at java.desktop/javax.swing.UIManager.getIcon(UIManager.java:780)
	at net.byteseek.swing.treetable.TreeTableHeaderRenderer.&lt;init&gt;(TreeTableHeaderRenderer.java:190)
	at net.byteseek.swing.treetable.TreeTableHeaderRenderer_ESTest.test22(TreeTableHeaderRenderer_ESTest.java:266)
	at java.base/jdk.internal.reflect.NativeMethodAccessorImpl.invoke0(Native Method)
	at java.base/jdk.internal.reflect.NativeMethodAccessorImpl.invoke(NativeMethodAccessorImpl.java:62)
	at java.base/jdk.internal.reflect.DelegatingMethodAccessorImpl.invoke(DelegatingMethodAccessorImpl.java:43)
	at java.base/java.lang.reflect.Method.invoke(Method.java:566)
	at org.junit.runners.model.FrameworkMethod$1.runReflectiveCall(FrameworkMethod.java:59)
	at org.junit.internal.runners.model.ReflectiveCallable.run(ReflectiveCallable.java:12)
	at org.junit.runners.model.FrameworkMethod.invokeExplosively(FrameworkMethod.java:56)
	at org.junit.internal.runners.statements.InvokeMethod.evaluate(InvokeMethod.java:17)
	at org.junit.internal.runners.statements.FailOnTimeout$CallableStatement.call(FailOnTimeout.java:299)
	at org.junit.internal.runners.statements.FailOnTimeout$CallableStatement.call(FailOnTimeout.java:293)
	at java.base/java.util.concurrent.FutureTask.run(FutureTask.java:264)
	at java.base/java.lang.Thread.run(Thread.java:829)
</error>
  </testcase>
  <testcase classname="net.byteseek.swing.treetable.TreeTableHeaderRenderer_ESTest" name="test44" time="0.008">
    <error message="sun/awt/image/ImageWatched" type="java.lang.NoClassDefFoundError">java.lang.NoClassDefFoundError: sun/awt/image/ImageWatched
	at java.desktop/sun.awt.image.ToolkitImage.makeImageRep(ToolkitImage.java:295)
	at java.desktop/sun.awt.image.ToolkitImage.getImageRep(ToolkitImage.java:304)
	at java.desktop/sun.awt.image.ToolkitImage.addWatcher(ToolkitImage.java:218)
	at java.desktop/sun.awt.image.ToolkitImage.getProperty(ToolkitImage.java:169)
	at java.desktop/javax.swing.ImageIcon.&lt;init&gt;(ImageIcon.java:290)
	at java.desktop/sun.swing.ImageIconUIResource.&lt;init&gt;(ImageIconUIResource.java:48)
	at java.desktop/sun.swing.SwingUtilities2.lambda$makeIcon$1(SwingUtilities2.java:1729)
	at java.desktop/javax.swing.UIDefaults.getFromHashtable(UIDefaults.java:224)
	at java.desktop/javax.swing.UIDefaults.get(UIDefaults.java:169)
	at java.desktop/javax.swing.MultiUIDefaults.get(MultiUIDefaults.java:65)
	at java.desktop/javax.swing.UIDefaults.getIcon(UIDefaults.java:480)
	at java.desktop/javax.swing.UIManager.getIcon(UIManager.java:780)
	at net.byteseek.swing.treetable.TreeTableHeaderRenderer.&lt;init&gt;(TreeTableHeaderRenderer.java:190)
	at net.byteseek.swing.treetable.TreeTableHeaderRenderer_ESTest.test44(TreeTableHeaderRenderer_ESTest.java:470)
	at java.base/jdk.internal.reflect.NativeMethodAccessorImpl.invoke0(Native Method)
	at java.base/jdk.internal.reflect.NativeMethodAccessorImpl.invoke(NativeMethodAccessorImpl.java:62)
	at java.base/jdk.internal.reflect.DelegatingMethodAccessorImpl.invoke(DelegatingMethodAccessorImpl.java:43)
	at java.base/java.lang.reflect.Method.invoke(Method.java:566)
	at org.junit.runners.model.FrameworkMethod$1.runReflectiveCall(FrameworkMethod.java:59)
	at org.junit.internal.runners.model.ReflectiveCallable.run(ReflectiveCallable.java:12)
	at org.junit.runners.model.FrameworkMethod.invokeExplosively(FrameworkMethod.java:56)
	at org.junit.internal.runners.statements.InvokeMethod.evaluate(InvokeMethod.java:17)
	at org.junit.internal.runners.statements.FailOnTimeout$CallableStatement.call(FailOnTimeout.java:299)
	at org.junit.internal.runners.statements.FailOnTimeout$CallableStatement.call(FailOnTimeout.java:293)
	at java.base/java.util.concurrent.FutureTask.run(FutureTask.java:264)
	at java.base/java.lang.Thread.run(Thread.java:829)
</error>
  </testcase>
  <testcase classname="net.byteseek.swing.treetable.TreeTableHeaderRenderer_ESTest" name="test21" time="0.004">
    <error message="sun/awt/image/ImageWatched" type="java.lang.NoClassDefFoundError">java.lang.NoClassDefFoundError: sun/awt/image/ImageWatched
	at java.desktop/sun.awt.image.ToolkitImage.makeImageRep(ToolkitImage.java:295)
	at java.desktop/sun.awt.image.ToolkitImage.getImageRep(ToolkitImage.java:304)
	at java.desktop/sun.awt.image.ToolkitImage.addWatcher(ToolkitImage.java:218)
	at java.desktop/sun.awt.image.ToolkitImage.getProperty(ToolkitImage.java:169)
	at java.desktop/javax.swing.ImageIcon.&lt;init&gt;(ImageIcon.java:290)
	at java.desktop/sun.swing.ImageIconUIResource.&lt;init&gt;(ImageIconUIResource.java:48)
	at java.desktop/sun.swing.SwingUtilities2.lambda$makeIcon$1(SwingUtilities2.java:1729)
	at java.desktop/javax.swing.UIDefaults.getFromHashtable(UIDefaults.java:224)
	at java.desktop/javax.swing.UIDefaults.get(UIDefaults.java:169)
	at java.desktop/javax.swing.MultiUIDefaults.get(MultiUIDefaults.java:65)
	at java.desktop/javax.swing.UIDefaults.getIcon(UIDefaults.java:480)
	at java.desktop/javax.swing.UIManager.getIcon(UIManager.java:780)
	at net.byteseek.swing.treetable.TreeTableHeaderRenderer.&lt;init&gt;(TreeTableHeaderRenderer.java:190)
	at net.byteseek.swing.treetable.TreeTableHeaderRenderer.&lt;init&gt;(TreeTableHeaderRenderer.java:175)
	at net.byteseek.swing.treetable.TreeTableHeaderRenderer.&lt;init&gt;(TreeTableHeaderRenderer.java:167)
	at net.byteseek.swing.treetable.TreeTableHeaderRenderer_ESTest.test21(TreeTableHeaderRenderer_ESTest.java:252)
	at java.base/jdk.internal.reflect.NativeMethodAccessorImpl.invoke0(Native Method)
	at java.base/jdk.internal.reflect.NativeMethodAccessorImpl.invoke(NativeMethodAccessorImpl.java:62)
	at java.base/jdk.internal.reflect.DelegatingMethodAccessorImpl.invoke(DelegatingMethodAccessorImpl.java:43)
	at java.base/java.lang.reflect.Method.invoke(Method.java:566)
	at org.junit.runners.model.FrameworkMethod$1.runReflectiveCall(FrameworkMethod.java:59)
	at org.junit.internal.runners.model.ReflectiveCallable.run(ReflectiveCallable.java:12)
	at org.junit.runners.model.FrameworkMethod.invokeExplosively(FrameworkMethod.java:56)
	at org.junit.internal.runners.statements.InvokeMethod.evaluate(InvokeMethod.java:17)
	at org.junit.internal.runners.statements.FailOnTimeout$CallableStatement.call(FailOnTimeout.java:299)
	at org.junit.internal.runners.statements.FailOnTimeout$CallableStatement.call(FailOnTimeout.java:293)
	at java.base/java.util.concurrent.FutureTask.run(FutureTask.java:264)
	at java.base/java.lang.Thread.run(Thread.java:829)
</error>
  </testcase>
  <testcase classname="net.byteseek.swing.treetable.TreeTableHeaderRenderer_ESTest" name="test43" time="0.001">
    <error message="sun/awt/image/ImageWatched" type="java.lang.NoClassDefFoundError">java.lang.NoClassDefFoundError: sun/awt/image/ImageWatched
	at java.desktop/sun.awt.image.ToolkitImage.makeImageRep(ToolkitImage.java:295)
	at java.desktop/sun.awt.image.ToolkitImage.getImageRep(ToolkitImage.java:304)
	at java.desktop/sun.awt.image.ToolkitImage.addWatcher(ToolkitImage.java:218)
	at java.desktop/sun.awt.image.ToolkitImage.getProperty(ToolkitImage.java:169)
	at java.desktop/javax.swing.ImageIcon.&lt;init&gt;(ImageIcon.java:290)
	at java.desktop/sun.swing.ImageIconUIResource.&lt;init&gt;(ImageIconUIResource.java:48)
	at java.desktop/sun.swing.SwingUtilities2.lambda$makeIcon$1(SwingUtilities2.java:1729)
	at java.desktop/javax.swing.UIDefaults.getFromHashtable(UIDefaults.java:224)
	at java.desktop/javax.swing.UIDefaults.get(UIDefaults.java:169)
	at java.desktop/javax.swing.MultiUIDefaults.get(MultiUIDefaults.java:65)
	at java.desktop/javax.swing.UIDefaults.getIcon(UIDefaults.java:480)
	at java.desktop/javax.swing.UIManager.getIcon(UIManager.java:780)
	at net.byteseek.swing.treetable.TreeTableHeaderRenderer.&lt;init&gt;(TreeTableHeaderRenderer.java:190)
	at net.byteseek.swing.treetable.TreeTableHeaderRenderer.&lt;init&gt;(TreeTableHeaderRenderer.java:175)
	at net.byteseek.swing.treetable.TreeTableHeaderRenderer.&lt;init&gt;(TreeTableHeaderRenderer.java:167)
	at net.byteseek.swing.treetable.TreeTableHeaderRenderer_ESTest.test43(TreeTableHeaderRenderer_ESTest.java:464)
	at java.base/jdk.internal.reflect.NativeMethodAccessorImpl.invoke0(Native Method)
	at java.base/jdk.internal.reflect.NativeMethodAccessorImpl.invoke(NativeMethodAccessorImpl.java:62)
	at java.base/jdk.internal.reflect.DelegatingMethodAccessorImpl.invoke(DelegatingMethodAccessorImpl.java:43)
	at java.base/java.lang.reflect.Method.invoke(Method.java:566)
	at org.junit.runners.model.FrameworkMethod$1.runReflectiveCall(FrameworkMethod.java:59)
	at org.junit.internal.runners.model.ReflectiveCallable.run(ReflectiveCallable.java:12)
	at org.junit.runners.model.FrameworkMethod.invokeExplosively(FrameworkMethod.java:56)
	at org.junit.internal.runners.statements.InvokeMethod.evaluate(InvokeMethod.java:17)
	at org.junit.internal.runners.statements.FailOnTimeout$CallableStatement.call(FailOnTimeout.java:299)
	at org.junit.internal.runners.statements.FailOnTimeout$CallableStatement.call(FailOnTimeout.java:293)
	at java.base/java.util.concurrent.FutureTask.run(FutureTask.java:264)
	at java.base/java.lang.Thread.run(Thread.java:829)
</error>
  </testcase>
  <testcase classname="net.byteseek.swing.treetable.TreeTableHeaderRenderer_ESTest" name="test20" time="0.007">
    <error message="sun/awt/image/ImageWatched" type="java.lang.NoClassDefFoundError">java.lang.NoClassDefFoundError: sun/awt/image/ImageWatched
	at java.desktop/sun.awt.image.ToolkitImage.makeImageRep(ToolkitImage.java:295)
	at java.desktop/sun.awt.image.ToolkitImage.getImageRep(ToolkitImage.java:304)
	at java.desktop/sun.awt.image.ToolkitImage.addWatcher(ToolkitImage.java:218)
	at java.desktop/sun.awt.image.ToolkitImage.getProperty(ToolkitImage.java:169)
	at java.desktop/javax.swing.ImageIcon.&lt;init&gt;(ImageIcon.java:290)
	at java.desktop/sun.swing.ImageIconUIResource.&lt;init&gt;(ImageIconUIResource.java:48)
	at java.desktop/sun.swing.SwingUtilities2.lambda$makeIcon$1(SwingUtilities2.java:1729)
	at java.desktop/javax.swing.UIDefaults.getFromHashtable(UIDefaults.java:224)
	at java.desktop/javax.swing.UIDefaults.get(UIDefaults.java:169)
	at java.desktop/javax.swing.MultiUIDefaults.get(MultiUIDefaults.java:65)
	at java.desktop/javax.swing.UIDefaults.getIcon(UIDefaults.java:480)
	at java.desktop/javax.swing.UIManager.getIcon(UIManager.java:780)
	at net.byteseek.swing.treetable.TreeTableHeaderRenderer.&lt;init&gt;(TreeTableHeaderRenderer.java:190)
	at net.byteseek.swing.treetable.TreeTableHeaderRenderer.&lt;init&gt;(TreeTableHeaderRenderer.java:175)
	at net.byteseek.swing.treetable.TreeTableHeaderRenderer.&lt;init&gt;(TreeTableHeaderRenderer.java:167)
	at net.byteseek.swing.treetable.TreeTableHeaderRenderer_ESTest.test20(TreeTableHeaderRenderer_ESTest.java:238)
	at java.base/jdk.internal.reflect.NativeMethodAccessorImpl.invoke0(Native Method)
	at java.base/jdk.internal.reflect.NativeMethodAccessorImpl.invoke(NativeMethodAccessorImpl.java:62)
	at java.base/jdk.internal.reflect.DelegatingMethodAccessorImpl.invoke(DelegatingMethodAccessorImpl.java:43)
	at java.base/java.lang.reflect.Method.invoke(Method.java:566)
	at org.junit.runners.model.FrameworkMethod$1.runReflectiveCall(FrameworkMethod.java:59)
	at org.junit.internal.runners.model.ReflectiveCallable.run(ReflectiveCallable.java:12)
[...]
	at java.desktop/javax.swing.UIDefaults.getFromHashtable(UIDefaults.java:224)
	at java.desktop/javax.swing.UIDefaults.get(UIDefaults.java:169)
	at java.desktop/javax.swing.MultiUIDefaults.get(MultiUIDefaults.java:65)
	at java.desktop/javax.swing.UIDefaults.getIcon(UIDefaults.java:480)
	at java.desktop/javax.swing.UIManager.getIcon(UIManager.java:780)
	at net.byteseek.swing.treetable.TreeTableHeaderRenderer.&lt;init&gt;(TreeTableHeaderRenderer.java:190)
	at net.byteseek.swing.treetable.TreeTableHeaderRenderer.&lt;init&gt;(TreeTableHeaderRenderer.java:175)
	at net.byteseek.swing.treetable.TreeTableHeaderRenderer.&lt;init&gt;(TreeTableHeaderRenderer.java:167)
	at net.byteseek.swing.treetable.TreeTableHeaderRenderer_ESTest.test24(TreeTableHeaderRenderer_ESTest.java:297)
	at java.base/jdk.internal.reflect.NativeMethodAccessorImpl.invoke0(Native Method)
	at java.base/jdk.internal.reflect.NativeMethodAccessorImpl.invoke(NativeMethodAccessorImpl.java:62)
	at java.base/jdk.internal.reflect.DelegatingMethodAccessorImpl.invoke(DelegatingMethodAccessorImpl.java:43)
	at java.base/java.lang.reflect.Method.invoke(Method.java:566)
	at org.junit.runners.model.FrameworkMethod$1.runReflectiveCall(FrameworkMethod.java:59)
	at org.junit.internal.runners.model.ReflectiveCallable.run(ReflectiveCallable.java:12)
	at org.junit.runners.model.FrameworkMethod.invokeExplosively(FrameworkMethod.java:56)
	at org.junit.internal.runners.statements.InvokeMethod.evaluate(InvokeMethod.java:17)
	at org.junit.internal.runners.statements.FailOnTimeout$CallableStatement.call(FailOnTimeout.java:299)
	at org.junit.internal.runners.statements.FailOnTimeout$CallableStatement.call(FailOnTimeout.java:293)
	at java.base/java.util.concurrent.FutureTask.run(FutureTask.java:264)
	at java.base/java.lang.Thread.run(Thread.java:829)
</error>
  </testcase>
  <testcase classname="net.byteseek.swing.treetable.TreeTableHeaderRenderer_ESTest" name="test46" time="0.003">
    <error message="sun/awt/image/ImageWatched" type="java.lang.NoClassDefFoundError">java.lang.NoClassDefFoundError: sun/awt/image/ImageWatched
	at java.desktop/sun.awt.image.ToolkitImage.makeImageRep(ToolkitImage.java:295)
	at java.desktop/sun.awt.image.ToolkitImage.getImageRep(ToolkitImage.java:304)
	at java.desktop/sun.awt.image.ToolkitImage.addWatcher(ToolkitImage.java:218)
	at java.desktop/sun.awt.image.ToolkitImage.getProperty(ToolkitImage.java:169)
	at java.desktop/javax.swing.ImageIcon.&lt;init&gt;(ImageIcon.java:290)
	at java.desktop/sun.swing.ImageIconUIResource.&lt;init&gt;(ImageIconUIResource.java:48)
	at java.desktop/sun.swing.SwingUtilities2.lambda$makeIcon$1(SwingUtilities2.java:1729)
	at java.desktop/javax.swing.UIDefaults.getFromHashtable(UIDefaults.java:224)
	at java.desktop/javax.swing.UIDefaults.get(UIDefaults.java:169)
	at java.desktop/javax.swing.MultiUIDefaults.get(MultiUIDefaults.java:65)
	at java.desktop/javax.swing.UIDefaults.getIcon(UIDefaults.java:480)
	at java.desktop/javax.swing.UIManager.getIcon(UIManager.java:780)
	at net.byteseek.swing.treetable.TreeTableHeaderRenderer.&lt;init&gt;(TreeTableHeaderRenderer.java:190)
	at net.byteseek.swing.treetable.TreeTableHeaderRenderer_ESTest.test46(TreeTableHeaderRenderer_ESTest.java:482)
	at java.base/jdk.internal.reflect.NativeMethodAccessorImpl.invoke0(Native Method)
	at java.base/jdk.internal.reflect.NativeMethodAccessorImpl.invoke(NativeMethodAccessorImpl.java:62)
	at java.base/jdk.internal.reflect.DelegatingMethodAccessorImpl.invoke(DelegatingMethodAccessorImpl.java:43)
	at java.base/java.lang.reflect.Method.invoke(Method.java:566)
	at org.junit.runners.model.FrameworkMethod$1.runReflectiveCall(FrameworkMethod.java:59)
	at org.junit.internal.runners.model.ReflectiveCallable.run(ReflectiveCallable.java:12)
	at org.junit.runners.model.FrameworkMethod.invokeExplosively(FrameworkMethod.java:56)
	at org.junit.internal.runners.statements.InvokeMethod.evaluate(InvokeMethod.java:17)
	at org.junit.internal.runners.statements.FailOnTimeout$CallableStatement.call(FailOnTimeout.java:299)
	at org.junit.internal.runners.statements.FailOnTimeout$CallableStatement.call(FailOnTimeout.java:293)
	at java.base/java.util.concurrent.FutureTask.run(FutureTask.java:264)
	at java.base/java.lang.Thread.run(Thread.java:829)
</error>
  </testcase>
  <testcase classname="net.byteseek.swing.treetable.TreeTableHeaderRenderer_ESTest" name="test09" time="0.001">
    <error message="sun/awt/image/ImageWatched" type="java.lang.NoClassDefFoundError">java.lang.NoClassDefFoundError: sun/awt/image/ImageWatched
	at java.desktop/sun.awt.image.ToolkitImage.makeImageRep(ToolkitImage.java:295)
	at java.desktop/sun.awt.image.ToolkitImage.getImageRep(ToolkitImage.java:304)
	at java.desktop/sun.awt.image.ToolkitImage.addWatcher(ToolkitImage.java:218)
	at java.desktop/sun.awt.image.ToolkitImage.getProperty(ToolkitImage.java:169)
	at java.desktop/javax.swing.ImageIcon.&lt;init&gt;(ImageIcon.java:290)
	at java.desktop/sun.swing.ImageIconUIResource.&lt;init&gt;(ImageIconUIResource.java:48)
	at java.desktop/sun.swing.SwingUtilities2.lambda$makeIcon$1(SwingUtilities2.java:1729)
	at java.desktop/javax.swing.UIDefaults.getFromHashtable(UIDefaults.java:224)
	at java.desktop/javax.swing.UIDefaults.get(UIDefaults.java:169)
	at java.desktop/javax.swing.MultiUIDefaults.get(MultiUIDefaults.java:65)
	at java.desktop/javax.swing.UIDefaults.getIcon(UIDefaults.java:480)
	at java.desktop/javax.swing.UIManager.getIcon(UIManager.java:780)
	at net.byteseek.swing.treetable.TreeTableHeaderRenderer.&lt;init&gt;(TreeTableHeaderRenderer.java:190)
	at net.byteseek.swing.treetable.TreeTableHeaderRenderer.&lt;init&gt;(TreeTableHeaderRenderer.java:175)
	at net.byteseek.swing.treetable.TreeTableHeaderRenderer.&lt;init&gt;(TreeTableHeaderRenderer.java:167)
	at net.byteseek.swing.treetable.TreeTableHeaderRenderer_ESTest.test09(TreeTableHeaderRenderer_ESTest.java:149)
	at java.base/jdk.internal.reflect.NativeMethodAccessorImpl.invoke0(Native Method)
	at java.base/jdk.internal.reflect.NativeMethodAccessorImpl.invoke(NativeMethodAccessorImpl.java:62)
	at java.base/jdk.internal.reflect.DelegatingMethodAccessorImpl.invoke(DelegatingMethodAccessorImpl.java:43)
	at java.base/java.lang.reflect.Method.invoke(Method.java:566)
	at org.junit.runners.model.FrameworkMethod$1.runReflectiveCall(FrameworkMethod.java:59)
	at org.junit.internal.runners.model.ReflectiveCallable.run(ReflectiveCallable.java:12)
	at org.junit.runners.model.FrameworkMethod.invokeExplosively(FrameworkMethod.java:56)
	at org.junit.internal.runners.statements.InvokeMethod.evaluate(InvokeMethod.java:17)
	at org.junit.internal.runners.statements.FailOnTimeout$CallableStatement.call(FailOnTimeout.java:299)
	at org.junit.internal.runners.statements.FailOnTimeout$CallableStatement.call(FailOnTimeout.java:293)
	at java.base/java.util.concurrent.FutureTask.run(FutureTask.java:264)
	at java.base/java.lang.Thread.run(Thread.java:829)
</error>
  </testcase>
  <testcase classname="net.byteseek.swing.treetable.TreeTableHeaderRenderer_ESTest" name="test08" time="0.002">
    <error message="sun/awt/image/ImageWatched" type="java.lang.NoClassDefFoundError">java.lang.NoClassDefFoundError: sun/awt/image/ImageWatched
	at java.desktop/sun.awt.image.ToolkitImage.makeImageRep(ToolkitImage.java:295)
	at java.desktop/sun.awt.image.ToolkitImage.getImageRep(ToolkitImage.java:304)
	at java.desktop/sun.awt.image.ToolkitImage.addWatcher(ToolkitImage.java:218)
	at java.desktop/sun.awt.image.ToolkitImage.getProperty(ToolkitImage.java:169)
	at java.desktop/javax.swing.ImageIcon.&lt;init&gt;(ImageIcon.java:290)
	at java.desktop/sun.swing.ImageIconUIResource.&lt;init&gt;(ImageIconUIResource.java:48)
	at java.desktop/sun.swing.SwingUtilities2.lambda$makeIcon$1(SwingUtilities2.java:1729)
	at java.desktop/javax.swing.UIDefaults.getFromHashtable(UIDefaults.java:224)
	at java.desktop/javax.swing.UIDefaults.get(UIDefaults.java:169)
	at java.desktop/javax.swing.MultiUIDefaults.get(MultiUIDefaults.java:65)
	at java.desktop/javax.swing.UIDefaults.getIcon(UIDefaults.java:480)
	at java.desktop/javax.swing.UIManager.getIcon(UIManager.java:780)
	at net.byteseek.swing.treetable.TreeTableHeaderRenderer.&lt;init&gt;(TreeTableHeaderRenderer.java:190)
	at net.byteseek.swing.treetable.TreeTableHeaderRenderer.&lt;init&gt;(TreeTableHeaderRenderer.java:175)
	at net.byteseek.swing.treetable.TreeTableHeaderRenderer_ESTest.test08(TreeTableHeaderRenderer_ESTest.java:143)
	at java.base/jdk.internal.reflect.NativeMethodAccessorImpl.invoke0(Native Method)
	at java.base/jdk.internal.reflect.NativeMethodAccessorImpl.invoke(NativeMethodAccessorImpl.java:62)
	at java.base/jdk.internal.reflect.DelegatingMethodAccessorImpl.invoke(DelegatingMethodAccessorImpl.java:43)
	at java.base/java.lang.reflect.Method.invoke(Method.java:566)
	at org.junit.runners.model.FrameworkMethod$1.runReflectiveCall(FrameworkMethod.java:59)
	at org.junit.internal.runners.model.ReflectiveCallable.run(ReflectiveCallable.java:12)
	at org.junit.runners.model.FrameworkMethod.invokeExplosively(FrameworkMethod.java:56)
	at org.junit.internal.runners.statements.InvokeMethod.evaluate(InvokeMethod.java:17)
	at org.junit.internal.runners.statements.FailOnTimeout$CallableStatement.call(FailOnTimeout.java:299)
	at org.junit.internal.runners.statements.FailOnTimeout$CallableStatement.call(FailOnTimeout.java:293)
	at java.base/java.util.concurrent.FutureTask.run(FutureTask.java:264)
	at java.base/java.lang.Thread.run(Thread.java:829)
</error>
  </testcase>
  <testcase classname="net.byteseek.swing.treetable.TreeTableHeaderRenderer_ESTest" name="test07" time="0.002">
    <error message="sun/awt/image/ImageWatched" type="java.lang.NoClassDefFoundError">java.lang.NoClassDefFoundError: sun/awt/image/ImageWatched
	at java.desktop/sun.awt.image.ToolkitImage.makeImageRep(ToolkitImage.java:295)
	at java.desktop/sun.awt.image.ToolkitImage.getImageRep(ToolkitImage.java:304)
	at java.desktop/sun.awt.image.ToolkitImage.addWatcher(ToolkitImage.java:218)
	at java.desktop/sun.awt.image.ToolkitImage.getProperty(ToolkitImage.java:169)
	at java.desktop/javax.swing.ImageIcon.&lt;init&gt;(ImageIcon.java:290)
	at java.desktop/sun.swing.ImageIconUIResource.&lt;init&gt;(ImageIconUIResource.java:48)
	at java.desktop/sun.swing.SwingUtilities2.lambda$makeIcon$1(SwingUtilities2.java:1729)
	at java.desktop/javax.swing.UIDefaults.getFromHashtable(UIDefaults.java:224)
	at java.desktop/javax.swing.UIDefaults.get(UIDefaults.java:169)
	at java.desktop/javax.swing.MultiUIDefaults.get(MultiUIDefaults.java:65)
	at java.desktop/javax.swing.UIDefaults.getIcon(UIDefaults.java:480)
	at java.desktop/javax.swing.UIManager.getIcon(UIManager.java:780)
	at net.byteseek.swing.treetable.TreeTableHeaderRenderer.&lt;init&gt;(TreeTableHeaderRenderer.java:190)
	at net.byteseek.swing.treetable.TreeTableHeaderRenderer.&lt;init&gt;(TreeTableHeaderRenderer.java:175)
	at net.byteseek.swing.treetable.TreeTableHeaderRenderer_ESTest.test07(TreeTableHeaderRenderer_ESTest.java:136)
	at java.base/jdk.internal.reflect.NativeMethodAccessorImpl.invoke0(Native Method)
	at java.base/jdk.internal.reflect.NativeMethodAccessorImpl.invoke(NativeMethodAccessorImpl.java:62)
	at java.base/jdk.internal.reflect.DelegatingMethodAccessorImpl.invoke(DelegatingMethodAccessorImpl.java:43)
	at java.base/java.lang.reflect.Method.invoke(Method.java:566)
	at org.junit.runners.model.FrameworkMethod$1.runReflectiveCall(FrameworkMethod.java:59)
	at org.junit.internal.runners.model.ReflectiveCallable.run(ReflectiveCallable.java:12)
	at org.junit.runners.model.FrameworkMethod.invokeExplosively(FrameworkMethod.java:56)
	at org.junit.internal.runners.statements.InvokeMethod.evaluate(InvokeMethod.java:17)
	at org.junit.internal.runners.statements.FailOnTimeout$CallableStatement.call(FailOnTimeout.java:299)
	at org.junit.internal.runners.statements.FailOnTimeout$CallableStatement.call(FailOnTimeout.java:293)
	at java.base/java.util.concurrent.FutureTask.run(FutureTask.java:264)
	at java.base/java.lang.Thread.run(Thread.java:829)
</error>
  </testcase>
  <testcase classname="net.byteseek.swing.treetable.TreeTableHeaderRenderer_ESTest" name="test29" time="0.001">
    <error message="sun/awt/image/ImageWatched" type="java.lang.NoClassDefFoundError">java.lang.NoClassDefFoundError: sun/awt/image/ImageWatched
	at java.desktop/sun.awt.image.ToolkitImage.makeImageRep(ToolkitImage.java:295)
	at java.desktop/sun.awt.image.ToolkitImage.getImageRep(ToolkitImage.java:304)
	at java.desktop/sun.awt.image.ToolkitImage.addWatcher(ToolkitImage.java:218)
	at java.desktop/sun.awt.image.ToolkitImage.getProperty(ToolkitImage.java:169)
	at java.desktop/javax.swing.ImageIcon.&lt;init&gt;(ImageIcon.java:290)
	at java.desktop/sun.swing.ImageIconUIResource.&lt;init&gt;(ImageIconUIResource.java:48)
	at java.desktop/sun.swing.SwingUtilities2.lambda$makeIcon$1(SwingUtilities2.java:1729)
	at java.desktop/javax.swing.UIDefaults.getFromHashtable(UIDefaults.java:224)
	at java.desktop/javax.swing.UIDefaults.get(UIDefaults.java:169)
	at java.desktop/javax.swing.MultiUIDefaults.get(MultiUIDefaults.java:65)
	at java.desktop/javax.swing.UIDefaults.getIcon(UIDefaults.java:480)
	at java.desktop/javax.swing.UIManager.getIcon(UIManager.java:780)
	at net.byteseek.swing.treetable.TreeTableHeaderRenderer.&lt;init&gt;(TreeTableHeaderRenderer.java:190)
	at net.byteseek.swing.treetable.TreeTableHeaderRenderer.&lt;init&gt;(TreeTableHeaderRenderer.java:175)
	at net.byteseek.swing.treetable.TreeTableHeaderRenderer_ESTest.test29(TreeTableHeaderRenderer_ESTest.java:359)
	at java.base/jdk.internal.reflect.NativeMethodAccessorImpl.invoke0(Native Method)
	at java.base/jdk.internal.reflect.NativeMethodAccessorImpl.invoke(NativeMethodAccessorImpl.java:62)
	at java.base/jdk.internal.reflect.DelegatingMethodAccessorImpl.invoke(DelegatingMethodAccessorImpl.java:43)
	at java.base/java.lang.reflect.Method.invoke(Method.java:566)
	at org.junit.runners.model.FrameworkMethod$1.runReflectiveCall(FrameworkMethod.java:59)
	at org.junit.internal.runners.model.ReflectiveCallable.run(ReflectiveCallable.java:12)
	at org.junit.runners.model.FrameworkMethod.invokeExplosively(FrameworkMethod.java:56)
	at org.junit.internal.runners.statements.InvokeMethod.evaluate(InvokeMethod.java:17)
	at org.junit.internal.runners.statements.FailOnTimeout$CallableStatement.call(FailOnTimeout.java:299)
	at org.junit.internal.runners.statements.FailOnTimeout$CallableStatement.call(FailOnTimeout.java:293)
	at java.base/java.util.concurrent.FutureTask.run(FutureTask.java:264)
	at java.base/java.lang.Thread.run(Thread.java:829)
</error>
  </testcase>
  <testcase classname="net.byteseek.swing.treetable.TreeTableHeaderRenderer_ESTest" name="test06" time="0.004">
    <error message="sun/awt/image/ImageWatched" type="java.lang.NoClassDefFoundError">java.lang.NoClassDefFoundError: sun/awt/image/ImageWatched
	at java.desktop/sun.awt.image.ToolkitImage.makeImageRep(ToolkitImage.java:295)
	at java.desktop/sun.awt.image.ToolkitImage.getImageRep(ToolkitImage.java:304)
	at java.desktop/sun.awt.image.ToolkitImage.addWatcher(ToolkitImage.java:218)
	at java.desktop/sun.awt.image.ToolkitImage.getProperty(ToolkitImage.java:169)
	at java.desktop/javax.swing.ImageIcon.&lt;init&gt;(ImageIcon.java:290)
	at java.desktop/sun.swing.ImageIconUIResource.&lt;init&gt;(ImageIconUIResource.java:48)
	at java.desktop/sun.swing.SwingUtilities2.lambda$makeIcon$1(SwingUtilities2.java:1729)
	at java.desktop/javax.swing.UIDefaults.getFromHashtable(UIDefaults.java:224)
	at java.desktop/javax.swing.UIDefaults.get(UIDefaults.java:169)
	at java.desktop/javax.swing.MultiUIDefaults.get(MultiUIDefaults.java:65)
	at java.desktop/javax.swing.UIDefaults.getIcon(UIDefaults.java:480)
	at java.desktop/javax.swing.UIManager.getIcon(UIManager.java:780)
	at net.byteseek.swing.treetable.TreeTableHeaderRenderer.&lt;init&gt;(TreeTableHeaderRenderer.java:190)
	at net.byteseek.swing.treetable.TreeTableHeaderRenderer.&lt;init&gt;(TreeTableHeaderRenderer.java:175)
	at net.byteseek.swing.treetable.TreeTableHeaderRenderer.&lt;init&gt;(TreeTableHeaderRenderer.java:167)
	at net.byteseek.swing.treetable.TreeTableHeaderRenderer_ESTest.test06(TreeTableHeaderRenderer_ESTest.java:121)
	at java.base/jdk.internal.reflect.NativeMethodAccessorImpl.invoke0(Native Method)
	at java.base/jdk.internal.reflect.NativeMethodAccessorImpl.invoke(NativeMethodAccessorImpl.java:62)
	at java.base/jdk.internal.reflect.DelegatingMethodAccessorImpl.invoke(DelegatingMethodAccessorImpl.java:43)
	at java.base/java.lang.reflect.Method.invoke(Method.java:566)
	at org.junit.runners.model.FrameworkMethod$1.runReflectiveCall(FrameworkMethod.java:59)
	at org.junit.internal.runners.model.ReflectiveCallable.run(ReflectiveCallable.java:12)
	at org.junit.runners.model.FrameworkMethod.invokeExplosively(FrameworkMethod.java:56)
	at org.junit.internal.runners.statements.InvokeMethod.evaluate(InvokeMethod.java:17)
	at org.junit.internal.runners.statements.FailOnTimeout$CallableStatement.call(FailOnTimeout.java:299)
	at org.junit.internal.runners.statements.FailOnTimeout$CallableStatement.call(FailOnTimeout.java:293)
	at java.base/java.util.concurrent.FutureTask.run(FutureTask.java:264)
	at java.base/java.lang.Thread.run(Thread.java:829)
</error>
  </testcase>
  <testcase classname="net.byteseek.swing.treetable.TreeTableHeaderRenderer_ESTest" name="test28" time="0.008">
    <error message="sun/awt/image/ImageWatched" type="java.lang.NoClassDefFoundError">java.lang.NoClassDefFoundError: sun/awt/image/ImageWatched
	at java.desktop/sun.awt.image.ToolkitImage.makeImageRep(ToolkitImage.java:295)
	at java.desktop/sun.awt.image.ToolkitImage.getImageRep(ToolkitImage.java:304)
	at java.desktop/sun.awt.image.ToolkitImage.addWatcher(ToolkitImage.java:218)
	at java.desktop/sun.awt.image.ToolkitImage.getProperty(ToolkitImage.java:169)
	at java.desktop/javax.swing.ImageIcon.&lt;init&gt;(ImageIcon.java:290)
	at java.desktop/sun.swing.ImageIconUIResource.&lt;init&gt;(ImageIconUIResource.java:48)
	at java.desktop/sun.swing.SwingUtilities2.lambda$makeIcon$1(SwingUtilities2.java:1729)
	at java.desktop/javax.swing.UIDefaults.getFromHashtable(UIDefaults.java:224)
	at java.desktop/javax.swing.UIDefaults.get(UIDefaults.java:169)
	at java.desktop/javax.swing.MultiUIDefaults.get(MultiUIDefaults.java:65)
	at java.desktop/javax.swing.UIDefaults.getIcon(UIDefaults.java:480)
	at java.desktop/javax.swing.UIManager.getIcon(UIManager.java:780)
	at net.byteseek.swing.treetable.TreeTableHeaderRenderer.&lt;init&gt;(TreeTableHeaderRenderer.java:190)
	at net.byteseek.swing.treetable.TreeTableHeaderRenderer.&lt;init&gt;(TreeTableHeaderRenderer.java:175)
	at net.byteseek.swing.treetable.TreeTableHeaderRenderer.&lt;init&gt;(TreeTableHeaderRenderer.java:167)
	at net.byteseek.swing.treetable.TreeTableHeaderRenderer_ESTest.test28(TreeTableHeaderRenderer_ESTest.java:352)
	at java.base/jdk.internal.reflect.NativeMethodAccessorImpl.invoke0(Native Method)
	at java.base/jdk.internal.reflect.NativeMethodAccessorImpl.invoke(NativeMethodAccessorImpl.java:62)
	at java.base/jdk.internal.reflect.DelegatingMethodAccessorImpl.invoke(DelegatingMethodAccessorImpl.java:43)
	at java.base/java.lang.reflect.Method.invoke(Method.java:566)
	at org.junit.runners.model.FrameworkMethod$1.runReflectiveCall(FrameworkMethod.java:59)
	at org.junit.internal.runners.model.ReflectiveCallable.run(ReflectiveCallable.java:12)
	at org.junit.runners.model.FrameworkMethod.invokeExplosively(FrameworkMethod.java:56)
	at org.junit.internal.runners.statements.InvokeMethod.evaluate(InvokeMethod.java:17)
	at org.junit.internal.runners.statements.FailOnTimeout$CallableStatement.call(FailOnTimeout.java:299)
	at org.junit.internal.runners.statements.FailOnTimeout$CallableStatement.call(FailOnTimeout.java:293)
	at java.base/java.util.concurrent.FutureTask.run(FutureTask.java:264)
	at java.base/java.lang.Thread.run(Thread.java:829)
</error>
  </testcase>
</testsuite>