-------------------------------------------------------------------------------
Test set: com.app.sr.SampleRoomApplication_ESTest
-------------------------------------------------------------------------------
Tests run: 2, Failures: 0, Errors: 1, Skipped: 0, Time elapsed: 0.712 s <<< FAILURE! - in com.app.sr.SampleRoomApplication_ESTest
test0  Time elapsed: 0.146 s  <<< ERROR!
java.lang.NullPointerException
	at com.app.sr.SampleRoomApplication_ESTest.test0(SampleRoomApplication_ESTest.java:24)

