-------------------------------------------------------------------------------
Test set: com.app.sr.SampleRoomApplication_main_8183888143
-------------------------------------------------------------------------------
Tests run: 1, Failures: 0, Errors: 1, Skipped: 0, Time elapsed: 0.216 s <<< FAILURE! - in com.app.sr.SampleRoomApplication_main_8183888143
test  Time elapsed: 0.216 s  <<< ERROR!
java.lang.IllegalArgumentException: Args must not be null
	at com.app.sr.SampleRoomApplication_main_8183888143.test(SampleRoomApplication_main_8183888143.java:44)

