<?xml version="1.0" encoding="UTF-8"?>
<testsuite xmlns:xsi="http://www.w3.org/2001/XMLSchema-instance" xsi:noNamespaceSchemaLocation="https://maven.apache.org/surefire/maven-surefire-plugin/xsd/surefire-test-report.xsd" name="com.app.sr.SampleRoomApplication_ESTest" time="0.696" tests="2" errors="1" skipped="0" failures="0">
  <properties>
[...]
</properties>
  <testcase name="test1" classname="com.app.sr.SampleRoomApplication_ESTest" time="0.012"/>
  <testcase name="test0" classname="com.app.sr.SampleRoomApplication_ESTest" time="0.132">
    <error type="java.lang.NullPointerException">java.lang.NullPointerException
	at com.app.sr.SampleRoomApplication_ESTest.test0(SampleRoomApplication_ESTest.java:24)
</error>
    <system-out><![CDATA[12:33:35.554 [Time-limited test] DEBUG org.evosuite.runtime.agent.TransformerForTests - Going to instrument: org.springframework.boot.logging.java.JavaLoggingSystem$Factory
12:33:35.554 [Time-limited test] INFO org.evosuite.runtime.instrumentation.MethodCallReplacementClassAdapter - Adding mock interface to class org/springframework/boot/logging/java/JavaLoggingSystem$Factory
12:33:35.555 [Time-limited test] INFO org.evosuite.runtime.instrumentation.CreateClassResetClassAdapter - Found static initializer in class org/springframework/boot/logging/java/JavaLoggingSystem$Factory
12:33:35.556 [Time-limited test] DEBUG org.evosuite.runtime.agent.TransformerForTests - Going to instrument: org.springframework.boot.logging.java.JavaLoggingSystem
12:33:35.557 [Time-limited test] INFO org.evosuite.runtime.instrumentation.MethodCallReplacementClassAdapter - Adding mock interface to class org/springframework/boot/logging/java/JavaLoggingSystem
12:33:35.560 [Time-limited test] INFO org.evosuite.runtime.instrumentation.CreateClassResetClassAdapter - Found static initializer in class org/springframework/boot/logging/java/JavaLoggingSystem
12:33:35.574 [Time-limited test] DEBUG org.evosuite.runtime.agent.TransformerForTests - Going to instrument: org.springframework.boot.SpringBootExceptionReporter
12:33:35.574 [Time-limited test] DEBUG org.evosuite.runtime.agent.TransformerForTests - Going to instrument: org.springframework.boot.diagnostics.FailureAnalyzers
12:33:35.575 [Time-limited test] INFO org.evosuite.runtime.instrumentation.MethodCallReplacementClassAdapter - Adding mock interface to class org/springframework/boot/diagnostics/FailureAnalyzers
12:33:35.577 [Time-limited test] INFO org.evosuite.runtime.instrumentation.CreateClassResetClassAdapter - Found static initializer in class org/springframework/boot/diagnostics/FailureAnalyzers
12:33:35.578 [Time-limited test] DEBUG org.evosuite.runtime.agent.TransformerForTests - Going to instrument: org.springframework.boot.diagnostics.FailureAnalyzer
12:33:35.579 [Time-limited test] DEBUG org.evosuite.runtime.agent.TransformerForTests - Going to instrument: org.springframework.boot.actuate.autoconfigure.metrics.ValidationFailureAnalyzer
12:33:35.579 [Time-limited test] INFO org.evosuite.runtime.instrumentation.MethodCallReplacementClassAdapter - Adding mock interface to class org/springframework/boot/actuate/autoconfigure/metrics/ValidationFailureAnalyzer
12:33:35.580 [Time-limited test] INFO org.evosuite.runtime.instrumentation.CreateClassResetClassAdapter - Creating brand-new static initializer in class org/springframework/boot/actuate/autoconfigure/metrics/ValidationFailureAnalyzer
12:33:35.580 [Time-limited test] DEBUG org.evosuite.runtime.agent.TransformerForTests - Going to instrument: org.springframework.boot.diagnostics.AbstractFailureAnalyzer
12:33:35.580 [Time-limited test] INFO org.evosuite.runtime.instrumentation.MethodCallReplacementClassAdapter - Adding mock interface to class org/springframework/boot/diagnostics/AbstractFailureAnalyzer
12:33:35.580 [Time-limited test] INFO org.evosuite.runtime.instrumentation.CreateClassResetClassAdapter - Creating brand-new static initializer in class org/springframework/boot/diagnostics/AbstractFailureAnalyzer
12:33:35.582 [Time-limited test] DEBUG org.evosuite.runtime.agent.TransformerForTests - Going to instrument: io.micrometer.core.instrument.config.validate.ValidationException
12:33:35.582 [Time-limited test] INFO org.evosuite.runtime.instrumentation.MethodCallReplacementClassAdapter - Adding mock interface to class io/micrometer/core/instrument/config/validate/ValidationException
12:33:35.583 [Time-limited test] INFO org.evosuite.runtime.instrumentation.CreateClassResetClassAdapter - Creating brand-new static initializer in class io/micrometer/core/instrument/config/validate/ValidationException
12:33:35.583 [Time-limited test] DEBUG org.evosuite.runtime.agent.TransformerForTests - Going to instrument: org.springframework.context.EnvironmentAware
12:33:35.584 [Time-limited test] DEBUG org.evosuite.runtime.agent.TransformerForTests - Going to instrument: org.springframework.boot.context.config.ConfigDataNotFoundFailureAnalyzer
12:33:35.584 [Time-limited test] INFO org.evosuite.runtime.instrumentation.MethodCallReplacementClassAdapter - Adding mock interface to class org/springframework/boot/context/config/ConfigDataNotFoundFailureAnalyzer
12:33:35.584 [Time-limited test] INFO org.evosuite.runtime.instrumentation.CreateClassResetClassAdapter - Creating brand-new static initializer in class org/springframework/boot/context/config/ConfigDataNotFoundFailureAnalyzer
12:33:35.585 [Time-limited test] DEBUG org.evosuite.runtime.agent.TransformerForTests - Going to instrument: org.springframework.boot.context.config.ConfigDataNotFoundException
12:33:35.585 [Time-limited test] INFO org.evosuite.runtime.instrumentation.MethodCallReplacementClassAdapter - Adding mock interface to class org/springframework/boot/context/config/ConfigDataNotFoundException
12:33:35.585 [Time-limited test] INFO org.evosuite.runtime.instrumentation.CreateClassResetClassAdapter - Creating brand-new static initializer in class org/springframework/boot/context/config/ConfigDataNotFoundException
12:33:35.585 [Time-limited test] DEBUG org.evosuite.runtime.agent.TransformerForTests - Going to instrument: org.springframework.boot.origin.OriginProvider
12:33:35.586 [Time-limited test] DEBUG org.evosuite.runtime.agent.TransformerForTests - Going to instrument: org.springframework.boot.context.config.ConfigDataException
12:33:35.586 [Time-limited test] INFO org.evosuite.runtime.instrumentation.MethodCallReplacementClassAdapter - Adding mock interface to class org/springframework/boot/context/config/ConfigDataException
12:33:35.586 [Time-limited test] INFO org.evosuite.runtime.instrumentation.CreateClassResetClassAdapter - Creating brand-new static initializer in class org/springframework/boot/context/config/ConfigDataException
12:33:35.587 [Time-limited test] DEBUG org.evosuite.runtime.agent.TransformerForTests - Going to instrument: org.springframework.boot.context.properties.IncompatibleConfigurationFailureAnalyzer
12:33:35.587 [Time-limited test] INFO org.evosuite.runtime.instrumentation.MethodCallReplacementClassAdapter - Adding mock interface to class org/springframework/boot/context/properties/IncompatibleConfigurationFailureAnalyzer
12:33:35.587 [Time-limited test] INFO org.evosuite.runtime.instrumentation.CreateClassResetClassAdapter - Creating brand-new static initializer in class org/springframework/boot/context/properties/IncompatibleConfigurationFailureAnalyzer
12:33:35.587 [Time-limited test] DEBUG org.evosuite.runtime.agent.TransformerForTests - Going to instrument: org.springframework.boot.context.properties.IncompatibleConfigurationException
12:33:35.587 [Time-limited test] INFO org.evosuite.runtime.instrumentation.MethodCallReplacementClassAdapter - Adding mock interface to class org/springframework/boot/context/properties/IncompatibleConfigurationException
12:33:35.588 [Time-limited test] INFO org.evosuite.runtime.instrumentation.CreateClassResetClassAdapter - Creating brand-new static initializer in class org/springframework/boot/context/properties/IncompatibleConfigurationException
12:33:35.588 [Time-limited test] DEBUG org.evosuite.runtime.agent.TransformerForTests - Going to instrument: org.springframework.boot.context.properties.NotConstructorBoundInjectionFailureAnalyzer
12:33:35.588 [Time-limited test] INFO org.evosuite.runtime.instrumentation.MethodCallReplacementClassAdapter - Adding mock interface to class org/springframework/boot/context/properties/NotConstructorBoundInjectionFailureAnalyzer
12:33:35.589 [Time-limited test] INFO org.evosuite.runtime.instrumentation.CreateClassResetClassAdapter - Creating brand-new static initializer in class org/springframework/boot/context/properties/NotConstructorBoundInjectionFailureAnalyzer
12:33:35.590 [Time-limited test] DEBUG org.evosuite.runtime.agent.TransformerForTests - Going to instrument: org.springframework.boot.diagnostics.analyzer.AbstractInjectionFailureAnalyzer
12:33:35.591 [Time-limited test] INFO org.evosuite.runtime.instrumentation.MethodCallReplacementClassAdapter - Adding mock interface to class org/springframework/boot/diagnostics/analyzer/AbstractInjectionFailureAnalyzer
12:33:35.591 [Time-limited test] INFO org.evosuite.runtime.instrumentation.CreateClassResetClassAdapter - Creating brand-new static initializer in class org/springframework/boot/diagnostics/analyzer/AbstractInjectionFailureAnalyzer
12:33:35.594 [Time-limited test] DEBUG org.evosuite.runtime.agent.TransformerForTests - Going to instrument: org.springframework.boot.diagnostics.analyzer.BeanCurrentlyInCreationFailureAnalyzer
12:33:35.594 [Time-limited test] INFO org.evosuite.runtime.instrumentation.MethodCallReplacementClassAdapter - Adding mock interface to class org/springframework/boot/diagnostics/analyzer/BeanCurrentlyInCreationFailureAnalyzer
12:33:35.595 [Time-limited test] INFO org.evosuite.runtime.instrumentation.CreateClassResetClassAdapter - Creating brand-new static initializer in class org/springframework/boot/diagnostics/analyzer/BeanCurrentlyInCreationFailureAnalyzer
12:33:35.596 [Time-limited test] DEBUG org.evosuite.runtime.agent.TransformerForTests - Going to instrument: org.springframework.beans.factory.BeanCurrentlyInCreationException
12:33:35.596 [Time-limited test] INFO org.evosuite.runtime.instrumentation.MethodCallReplacementClassAdapter - Adding mock interface to class org/springframework/beans/factory/BeanCurrentlyInCreationException
12:33:35.596 [Time-limited test] INFO org.evosuite.runtime.instrumentation.CreateClassResetClassAdapter - Creating brand-new static initializer in class org/springframework/beans/factory/BeanCurrentlyInCreationException
12:33:35.597 [Time-limited test] DEBUG org.evosuite.runtime.agent.TransformerForTests - Going to instrument: org.springframework.beans.factory.BeanCreationException
12:33:35.597 [Time-limited test] INFO org.evosuite.runtime.instrumentation.MethodCallReplacementClassAdapter - Adding mock interface to class org/springframework/beans/factory/BeanCreationException
12:33:35.598 [Time-limited test] INFO org.evosuite.runtime.instrumentation.CreateClassResetClassAdapter - Creating brand-new static initializer in class org/springframework/beans/factory/BeanCreationException
12:33:35.599 [Time-limited test] DEBUG org.evosuite.runtime.agent.TransformerForTests - Going to instrument: org.springframework.boot.diagnostics.analyzer.BeanDefinitionOverrideFailureAnalyzer
12:33:35.599 [Time-limited test] INFO org.evosuite.runtime.instrumentation.MethodCallReplacementClassAdapter - Adding mock interface to class org/springframework/boot/diagnostics/analyzer/BeanDefinitionOverrideFailureAnalyzer
12:33:35.601 [Time-limited test] INFO org.evosuite.runtime.instrumentation.CreateClassResetClassAdapter - Creating brand-new static initializer in class org/springframework/boot/diagnostics/analyzer/BeanDefinitionOverrideFailureAnalyzer
12:33:35.601 [Time-limited test] INFO org.evosuite.runtime.instrumentation.CreateClassResetClassAdapter - Adding bytecode for initializing field ACTION
12:33:35.601 [Time-limited test] DEBUG org.evosuite.runtime.agent.TransformerForTests - Going to instrument: org.springframework.beans.factory.support.BeanDefinitionOverrideException
12:33:35.601 [Time-limited test] INFO org.evosuite.runtime.instrumentation.MethodCallReplacementClassAdapter - Adding mock interface to class org/springframework/beans/factory/support/BeanDefinitionOverrideException
12:33:35.602 [Time-limited test] INFO org.evosuite.runtime.instrumentation.CreateClassResetClassAdapter - Creating brand-new static initializer in class org/springframework/beans/factory/support/BeanDefinitionOverrideException
12:33:35.602 [Time-limited test] DEBUG org.evosuite.runtime.agent.TransformerForTests - Going to instrument: org.springframework.boot.diagnostics.analyzer.BeanNotOfRequiredTypeFailureAnalyzer
12:33:35.602 [Time-limited test] INFO org.evosuite.runtime.instrumentation.MethodCallReplacementClassAdapter - Adding mock interface to class org/springframework/boot/diagnostics/analyzer/BeanNotOfRequiredTypeFailureAnalyzer
12:33:35.603 [Time-limited test] INFO org.evosuite.runtime.instrumentation.CreateClassResetClassAdapter - Creating brand-new static initializer in class org/springframework/boot/diagnostics/analyzer/BeanNotOfRequiredTypeFailureAnalyzer
12:33:35.603 [Time-limited test] INFO org.evosuite.runtime.instrumentation.CreateClassResetClassAdapter - Adding bytecode for initializing field ACTION
12:33:35.604 [Time-limited test] DEBUG org.evosuite.runtime.agent.TransformerForTests - Going to instrument: org.springframework.beans.factory.BeanNotOfRequiredTypeException
12:33:35.604 [Time-limited test] INFO org.evosuite.runtime.instrumentation.MethodCallReplacementClassAdapter - Adding mock interface to class org/springframework/beans/factory/BeanNotOfRequiredTypeException
12:33:35.605 [Time-limited test] INFO org.evosuite.runtime.instrumentation.CreateClassResetClassAdapter - Creating brand-new static initializer in class org/springframework/beans/factory/BeanNotOfRequiredTypeException
12:33:35.606 [Time-limited test] DEBUG org.evosuite.runtime.agent.TransformerForTests - Going to instrument: org.springframework.boot.diagnostics.analyzer.BindFailureAnalyzer
12:33:35.606 [Time-limited test] INFO org.evosuite.runtime.instrumentation.MethodCallReplacementClassAdapter - Adding mock interface to class org/springframework/boot/diagnostics/analyzer/BindFailureAnalyzer
12:33:35.607 [Time-limited test] INFO org.evosuite.runtime.instrumentation.CreateClassResetClassAdapter - Creating brand-new static initializer in class org/springframework/boot/diagnostics/analyzer/BindFailureAnalyzer
12:33:35.607 [Time-limited test] DEBUG org.evosuite.runtime.agent.TransformerForTests - Going to instrument: org.springframework.boot.context.properties.bind.BindException
12:33:35.608 [Time-limited test] INFO org.evosuite.runtime.instrumentation.MethodCallReplacementClassAdapter - Adding mock interface to class org/springframework/boot/context/properties/bind/BindException
12:33:35.608 [Time-limited test] INFO org.evosuite.runtime.instrumentation.CreateClassResetClassAdapter - Creating brand-new static initializer in class org/springframework/boot/context/properties/bind/BindException
12:33:35.609 [Time-limited test] DEBUG org.evosuite.runtime.agent.TransformerForTests - Going to instrument: org.springframework.boot.diagnostics.analyzer.BindValidationFailureAnalyzer
12:33:35.609 [Time-limited test] INFO org.evosuite.runtime.instrumentation.MethodCallReplacementClassAdapter - Adding mock interface to class org/springframework/boot/diagnostics/analyzer/BindValidationFailureAnalyzer
12:33:35.609 [Time-limited test] INFO org.evosuite.runtime.instrumentation.CreateClassResetClassAdapter - Creating brand-new static initializer in class org/springframework/boot/diagnostics/analyzer/BindValidationFailureAnalyzer
12:33:35.610 [Time-limited test] DEBUG org.evosuite.runtime.agent.TransformerForTests - Going to instrument: org.springframework.boot.context.properties.bind.validation.BindValidationException
12:33:35.610 [Time-limited test] INFO org.evosuite.runtime.instrumentation.MethodCallReplacementClassAdapter - Adding mock interface to class org/springframework/boot/context/properties/bind/validation/BindValidationException
12:33:35.610 [Time-limited test] INFO org.evosuite.runtime.instrumentation.CreateClassResetClassAdapter - Creating brand-new static initializer in class org/springframework/boot/context/properties/bind/validation/BindValidationException
12:33:35.611 [Time-limited test] DEBUG org.evosuite.runtime.agent.TransformerForTests - Going to instrument: org.springframework.validation.BindException
12:33:35.611 [Time-limited test] INFO org.evosuite.runtime.instrumentation.MethodCallReplacementClassAdapter - Adding mock interface to class org/springframework/validation/BindException
12:33:35.612 [Time-limited test] INFO org.evosuite.runtime.instrumentation.CreateClassResetClassAdapter - Creating brand-new static initializer in class org/springframework/validation/BindException
12:33:35.613 [Time-limited test] DEBUG org.evosuite.runtime.agent.TransformerForTests - Going to instrument: org.springframework.validation.BindingResult
12:33:35.613 [Time-limited test] DEBUG org.evosuite.runtime.agent.TransformerForTests - Going to instrument: org.springframework.validation.Errors
12:33:35.615 [Time-limited test] DEBUG org.evosuite.runtime.agent.TransformerForTests - Going to instrument: org.springframework.boot.diagnostics.analyzer.UnboundConfigurationPropertyFailureAnalyzer
12:33:35.615 [Time-limited test] INFO org.evosuite.runtime.instrumentation.MethodCallReplacementClassAdapter - Adding mock interface to class org/springframework/boot/diagnostics/analyzer/UnboundConfigurationPropertyFailureAnalyzer
12:33:35.615 [Time-limited test] INFO org.evosuite.runtime.instrumentation.CreateClassResetClassAdapter - Creating brand-new static initializer in class org/springframework/boot/diagnostics/analyzer/UnboundConfigurationPropertyFailureAnalyzer
12:33:35.616 [Time-limited test] DEBUG org.evosuite.runtime.agent.TransformerForTests - Going to instrument: org.springframework.boot.diagnostics.analyzer.ConnectorStartFailureAnalyzer
12:33:35.616 [Time-limited test] INFO org.evosuite.runtime.instrumentation.MethodCallReplacementClassAdapter - Adding mock interface to class org/springframework/boot/diagnostics/analyzer/ConnectorStartFailureAnalyzer
12:33:35.616 [Time-limited test] INFO org.evosuite.runtime.instrumentation.CreateClassResetClassAdapter - Creating brand-new static initializer in class org/springframework/boot/diagnostics/analyzer/ConnectorStartFailureAnalyzer
12:33:35.617 [Time-limited test] DEBUG org.evosuite.runtime.agent.TransformerForTests - Going to instrument: org.springframework.boot.web.embedded.tomcat.ConnectorStartFailedException
12:33:35.617 [Time-limited test] INFO org.evosuite.runtime.instrumentation.MethodCallReplacementClassAdapter - Adding mock interface to class org/springframework/boot/web/embedded/tomcat/ConnectorStartFailedException
12:33:35.617 [Time-limited test] INFO org.evosuite.runtime.instrumentation.CreateClassResetClassAdapter - Creating brand-new static initializer in class org/springframework/boot/web/embedded/tomcat/ConnectorStartFailedException
12:33:35.617 [Time-limited test] DEBUG org.evosuite.runtime.agent.TransformerForTests - Going to instrument: org.springframework.boot.web.server.WebServerException
12:33:35.617 [Time-limited test] INFO org.evosuite.runtime.instrumentation.MethodCallReplacementClassAdapter - Adding mock interface to class org/springframework/boot/web/server/WebServerException
12:33:35.618 [Time-limited test] INFO org.evosuite.runtime.instrumentation.CreateClassResetClassAdapter - Creating brand-new static initializer in class org/springframework/boot/web/server/WebServerException
12:33:35.618 [Time-limited test] DEBUG org.evosuite.runtime.agent.TransformerForTests - Going to instrument: org.springframework.boot.diagnostics.analyzer.NoSuchMethodFailureAnalyzer
12:33:35.618 [Time-limited test] INFO org.evosuite.runtime.instrumentation.MethodCallReplacementClassAdapter - Adding mock interface to class org/springframework/boot/diagnostics/analyzer/NoSuchMethodFailureAnalyzer
12:33:35.620 [Time-limited test] INFO org.evosuite.runtime.instrumentation.CreateClassResetClassAdapter - Creating brand-new static initializer in class org/springframework/boot/diagnostics/analyzer/NoSuchMethodFailureAnalyzer
12:33:35.621 [Time-limited test] DEBUG org.evosuite.runtime.agent.TransformerForTests - Going to instrument: org.springframework.boot.diagnostics.analyzer.NoUniqueBeanDefinitionFailureAnalyzer
12:33:35.621 [Time-limited test] INFO org.evosuite.runtime.instrumentation.MethodCallReplacementClassAdapter - Adding mock interface to class org/springframework/boot/diagnostics/analyzer/NoUniqueBeanDefinitionFailureAnalyzer
12:33:35.624 [Time-limited test] INFO org.evosuite.runtime.instrumentation.CreateClassResetClassAdapter - Creating brand-new static initializer in class org/springframework/boot/diagnostics/analyzer/NoUniqueBeanDefinitionFailureAnalyzer
12:33:35.625 [Time-limited test] DEBUG org.evosuite.runtime.agent.TransformerForTests - Going to instrument: org.springframework.beans.factory.NoUniqueBeanDefinitionException
12:33:35.626 [Time-limited test] INFO org.evosuite.runtime.instrumentation.MethodCallReplacementClassAdapter - Adding mock interface to class org/springframework/beans/factory/NoUniqueBeanDefinitionException
12:33:35.626 [Time-limited test] INFO org.evosuite.runtime.instrumentation.CreateClassResetClassAdapter - Creating brand-new static initializer in class org/springframework/beans/factory/NoUniqueBeanDefinitionException
12:33:35.627 [Time-limited test] DEBUG org.evosuite.runtime.agent.TransformerForTests - Going to instrument: org.springframework.core.log.LogMessage
12:33:35.627 [Time-limited test] INFO org.evosuite.runtime.instrumentation.MethodCallReplacementClassAdapter - Adding mock interface to class org/springframework/core/log/LogMessage
12:33:35.628 [Time-limited test] INFO org.evosuite.runtime.instrumentation.CreateClassResetClassAdapter - Creating brand-new static initializer in class org/springframework/core/log/LogMessage
12:33:35.628 [Time-limited test] DEBUG org.evosuite.runtime.agent.TransformerForTests - Going to instrument: org.springframework.core.log.LogMessage$FormatMessage3
12:33:35.628 [Time-limited test] INFO org.evosuite.runtime.instrumentation.MethodCallReplacementClassAdapter - Adding mock interface to class org/springframework/core/log/LogMessage$FormatMessage3
12:33:35.628 [Time-limited test] INFO org.evosuite.runtime.instrumentation.CreateClassResetClassAdapter - Creating brand-new static initializer in class org/springframework/core/log/LogMessage$FormatMessage3
12:33:35.629 [Time-limited test] DEBUG org.evosuite.runtime.agent.TransformerForTests - Going to instrument: org.springframework.core.log.LogMessage$FormatMessage
12:33:35.629 [Time-limited test] INFO org.evosuite.runtime.instrumentation.MethodCallReplacementClassAdapter - Adding mock interface to class org/springframework/core/log/LogMessage$FormatMessage
12:33:35.629 [Time-limited test] INFO org.evosuite.runtime.instrumentation.CreateClassResetClassAdapter - Creating brand-new static initializer in class org/springframework/core/log/LogMessage$FormatMessage
12:33:35.629 [Time-limited test] DEBUG org.evosuite.runtime.agent.TransformerForTests - Going to instrument: org.springframework.core.log.LogMessage$FormatMessage4
12:33:35.629 [Time-limited test] INFO org.evosuite.runtime.instrumentation.MethodCallReplacementClassAdapter - Adding mock interface to class org/springframework/core/log/LogMessage$FormatMessage4
12:33:35.630 [Time-limited test] INFO org.evosuite.runtime.instrumentation.CreateClassResetClassAdapter - Creating brand-new static initializer in class org/springframework/core/log/LogMessage$FormatMessage4
12:33:35.630 [Time-limited test] DEBUG org.evosuite.runtime.agent.TransformerForTests - Going to instrument: org.springframework.core.log.LogMessage$FormatMessageX
12:33:35.630 [Time-limited test] INFO org.evosuite.runtime.instrumentation.MethodCallReplacementClassAdapter - Adding mock interface to class org/springframework/core/log/LogMessage$FormatMessageX
12:33:35.630 [Time-limited test] INFO org.evosuite.runtime.instrumentation.CreateClassResetClassAdapter - Creating brand-new static initializer in class org/springframework/core/log/LogMessage$FormatMessageX
12:33:35.631 [Time-limited test] DEBUG org.evosuite.runtime.agent.TransformerForTests - Going to instrument: org.springframework.core.log.LogMessage$FormatMessage2
12:33:35.631 [Time-limited test] INFO org.evosuite.runtime.instrumentation.MethodCallReplacementClassAdapter - Adding mock interface to class org/springframework/core/log/LogMessage$FormatMessage2
12:33:35.631 [Time-limited test] INFO org.evosuite.runtime.instrumentation.CreateClassResetClassAdapter - Creating brand-new static initializer in class org/springframework/core/log/LogMessage$FormatMessage2
12:33:35.631 [Time-limited test] DEBUG org.evosuite.runtime.agent.TransformerForTests - Going to instrument: org.springframework.core.log.LogMessage$FormatMessage1
12:33:35.631 [Time-limited test] INFO org.evosuite.runtime.instrumentation.MethodCallReplacementClassAdapter - Adding mock interface to class org/springframework/core/log/LogMessage$FormatMessage1
12:33:35.632 [Time-limited test] INFO org.evosuite.runtime.instrumentation.CreateClassResetClassAdapter - Creating brand-new static initializer in class org/springframework/core/log/LogMessage$FormatMessage1
12:33:35.632 [Time-limited test] DEBUG org.evosuite.runtime.agent.TransformerForTests - Going to instrument: org.springframework.core.log.LogMessage$SupplierMessage
12:33:35.632 [Time-limited test] INFO org.evosuite.runtime.instrumentation.MethodCallReplacementClassAdapter - Adding mock interface to class org/springframework/core/log/LogMessage$SupplierMessage
12:33:35.632 [Time-limited test] INFO org.evosuite.runtime.instrumentation.CreateClassResetClassAdapter - Creating brand-new static initializer in class org/springframework/core/log/LogMessage$SupplierMessage
12:33:35.633 [Time-limited test] DEBUG org.evosuite.runtime.agent.TransformerForTests - Going to instrument: org.springframework.boot.diagnostics.analyzer.PortInUseFailureAnalyzer
12:33:35.633 [Time-limited test] INFO org.evosuite.runtime.instrumentation.MethodCallReplacementClassAdapter - Adding mock interface to class org/springframework/boot/diagnostics/analyzer/PortInUseFailureAnalyzer
12:33:35.633 [Time-limited test] INFO org.evosuite.runtime.instrumentation.CreateClassResetClassAdapter - Creating brand-new static initializer in class org/springframework/boot/diagnostics/analyzer/PortInUseFailureAnalyzer
12:33:35.634 [Time-limited test] DEBUG org.evosuite.runtime.agent.TransformerForTests - Going to instrument: org.springframework.boot.web.server.PortInUseException
12:33:35.634 [Time-limited test] INFO org.evosuite.runtime.instrumentation.MethodCallReplacementClassAdapter - Adding mock interface to class org/springframework/boot/web/server/PortInUseException
12:33:35.635 [Time-limited test] INFO org.evosuite.runtime.instrumentation.CreateClassResetClassAdapter - Creating brand-new static initializer in class org/springframework/boot/web/server/PortInUseException
12:33:35.635 [Time-limited test] DEBUG org.evosuite.runtime.agent.TransformerForTests - Going to instrument: org.springframework.boot.diagnostics.analyzer.ValidationExceptionFailureAnalyzer
12:33:35.635 [Time-limited test] INFO org.evosuite.runtime.instrumentation.MethodCallReplacementClassAdapter - Adding mock interface to class org/springframework/boot/diagnostics/analyzer/ValidationExceptionFailureAnalyzer
12:33:35.636 [Time-limited test] INFO org.evosuite.runtime.instrumentation.CreateClassResetClassAdapter - Creating brand-new static initializer in class org/springframework/boot/diagnostics/analyzer/ValidationExceptionFailureAnalyzer
12:33:35.636 [Time-limited test] INFO org.evosuite.runtime.instrumentation.CreateClassResetClassAdapter - Adding bytecode for initializing field JAVAX_MISSING_IMPLEMENTATION_MESSAGE
12:33:35.636 [Time-limited test] INFO org.evosuite.runtime.instrumentation.CreateClassResetClassAdapter - Adding bytecode for initializing field JAKARTA_MISSING_IMPLEMENTATION_MESSAGE
12:33:35.636 [Time-limited test] DEBUG org.evosuite.runtime.agent.TransformerForTests - Going to instrument: org.springframework.boot.diagnostics.analyzer.InvalidConfigurationPropertyNameFailureAnalyzer
12:33:35.637 [Time-limited test] INFO org.evosuite.runtime.instrumentation.MethodCallReplacementClassAdapter - Adding mock interface to class org/springframework/boot/diagnostics/analyzer/InvalidConfigurationPropertyNameFailureAnalyzer
12:33:35.637 [Time-limited test] INFO org.evosuite.runtime.instrumentation.CreateClassResetClassAdapter - Creating brand-new static initializer in class org/springframework/boot/diagnostics/analyzer/InvalidConfigurationPropertyNameFailureAnalyzer
12:33:35.638 [Time-limited test] DEBUG org.evosuite.runtime.agent.TransformerForTests - Going to instrument: org.springframework.boot.diagnostics.analyzer.InvalidConfigurationPropertyValueFailureAnalyzer
12:33:35.638 [Time-limited test] INFO org.evosuite.runtime.instrumentation.MethodCallReplacementClassAdapter - Adding mock interface to class org/springframework/boot/diagnostics/analyzer/InvalidConfigurationPropertyValueFailureAnalyzer
12:33:35.639 [Time-limited test] INFO org.evosuite.runtime.instrumentation.CreateClassResetClassAdapter - Creating brand-new static initializer in class org/springframework/boot/diagnostics/analyzer/InvalidConfigurationPropertyValueFailureAnalyzer
12:33:35.639 [Time-limited test] DEBUG org.evosuite.runtime.agent.TransformerForTests - Going to instrument: org.springframework.boot.context.properties.source.InvalidConfigurationPropertyValueException
12:33:35.639 [Time-limited test] INFO org.evosuite.runtime.instrumentation.MethodCallReplacementClassAdapter - Adding mock interface to class org/springframework/boot/context/properties/source/InvalidConfigurationPropertyValueException
12:33:35.640 [Time-limited test] INFO org.evosuite.runtime.instrumentation.CreateClassResetClassAdapter - Creating brand-new static initializer in class org/springframework/boot/context/properties/source/InvalidConfigurationPropertyValueException
12:33:35.640 [Time-limited test] DEBUG org.evosuite.runtime.agent.TransformerForTests - Going to instrument: org.springframework.boot.diagnostics.analyzer.PatternParseFailureAnalyzer
12:33:35.640 [Time-limited test] INFO org.evosuite.runtime.instrumentation.MethodCallReplacementClassAdapter - Adding mock interface to class org/springframework/boot/diagnostics/analyzer/PatternParseFailureAnalyzer
12:33:35.640 [Time-limited test] INFO org.evosuite.runtime.instrumentation.CreateClassResetClassAdapter - Creating brand-new static initializer in class org/springframework/boot/diagnostics/analyzer/PatternParseFailureAnalyzer
12:33:35.641 [Time-limited test] DEBUG org.evosuite.runtime.agent.TransformerForTests - Going to instrument: org.springframework.web.util.pattern.PatternParseException
12:33:35.641 [Time-limited test] INFO org.evosuite.runtime.instrumentation.MethodCallReplacementClassAdapter - Adding mock interface to class org/springframework/web/util/pattern/PatternParseException
12:33:35.641 [Time-limited test] INFO org.evosuite.runtime.instrumentation.CreateClassResetClassAdapter - Creating brand-new static initializer in class org/springframework/web/util/pattern/PatternParseException
12:33:35.642 [Time-limited test] DEBUG org.evosuite.runtime.agent.TransformerForTests - Going to instrument: org.springframework.boot.liquibase.LiquibaseChangelogMissingFailureAnalyzer
12:33:35.642 [Time-limited test] INFO org.evosuite.runtime.instrumentation.MethodCallReplacementClassAdapter - Adding mock interface to class org/springframework/boot/liquibase/LiquibaseChangelogMissingFailureAnalyzer
12:33:35.642 [Time-limited test] INFO org.evosuite.runtime.instrumentation.CreateClassResetClassAdapter - Creating brand-new static initializer in class org/springframework/boot/liquibase/LiquibaseChangelogMissingFailureAnalyzer
12:33:35.642 [Time-limited test] INFO org.evosuite.runtime.instrumentation.CreateClassResetClassAdapter - Adding bytecode for initializing field MESSAGE_SUFFIX
12:33:35.643 [Time-limited test] DEBUG org.evosuite.runtime.agent.TransformerForTests - Going to instrument: org.springframework.boot.autoconfigure.data.redis.RedisUrlSyntaxFailureAnalyzer
12:33:35.643 [Time-limited test] INFO org.evosuite.runtime.instrumentation.MethodCallReplacementClassAdapter - Adding mock interface to class org/springframework/boot/autoconfigure/data/redis/RedisUrlSyntaxFailureAnalyzer
12:33:35.644 [Time-limited test] INFO org.evosuite.runtime.instrumentation.CreateClassResetClassAdapter - Creating brand-new static initializer in class org/springframework/boot/autoconfigure/data/redis/RedisUrlSyntaxFailureAnalyzer
12:33:35.645 [Time-limited test] DEBUG org.evosuite.runtime.agent.TransformerForTests - Going to instrument: org.springframework.boot.autoconfigure.data.redis.RedisUrlSyntaxException
12:33:35.645 [Time-limited test] INFO org.evosuite.runtime.instrumentation.MethodCallReplacementClassAdapter - Adding mock interface to class org/springframework/boot/autoconfigure/data/redis/RedisUrlSyntaxException
12:33:35.645 [Time-limited test] INFO org.evosuite.runtime.instrumentation.CreateClassResetClassAdapter - Creating brand-new static initializer in class org/springframework/boot/autoconfigure/data/redis/RedisUrlSyntaxException
12:33:35.646 [Time-limited test] DEBUG org.evosuite.runtime.agent.TransformerForTests - Going to instrument: org.springframework.boot.autoconfigure.diagnostics.analyzer.NoSuchBeanDefinitionFailureAnalyzer
12:33:35.647 [Time-limited test] INFO org.evosuite.runtime.instrumentation.MethodCallReplacementClassAdapter - Adding mock interface to class org/springframework/boot/autoconfigure/diagnostics/analyzer/NoSuchBeanDefinitionFailureAnalyzer
12:33:35.650 [Time-limited test] INFO org.evosuite.runtime.instrumentation.CreateClassResetClassAdapter - Creating brand-new static initializer in class org/springframework/boot/autoconfigure/diagnostics/analyzer/NoSuchBeanDefinitionFailureAnalyzer
12:33:35.651 [Time-limited test] DEBUG org.evosuite.runtime.agent.TransformerForTests - Going to instrument: org.springframework.core.type.classreading.MetadataReaderFactory
12:33:35.652 [Time-limited test] DEBUG org.evosuite.runtime.agent.TransformerForTests - Going to instrument: org.springframework.boot.autoconfigure.flyway.FlywayMigrationScriptMissingFailureAnalyzer
12:33:35.652 [Time-limited test] INFO org.evosuite.runtime.instrumentation.MethodCallReplacementClassAdapter - Adding mock interface to class org/springframework/boot/autoconfigure/flyway/FlywayMigrationScriptMissingFailureAnalyzer
12:33:35.652 [Time-limited test] INFO org.evosuite.runtime.instrumentation.CreateClassResetClassAdapter - Creating brand-new static initializer in class org/springframework/boot/autoconfigure/flyway/FlywayMigrationScriptMissingFailureAnalyzer
12:33:35.653 [Time-limited test] DEBUG org.evosuite.runtime.agent.TransformerForTests - Going to instrument: org.springframework.boot.autoconfigure.flyway.FlywayMigrationScriptMissingException
12:33:35.653 [Time-limited test] INFO org.evosuite.runtime.instrumentation.MethodCallReplacementClassAdapter - Adding mock interface to class org/springframework/boot/autoconfigure/flyway/FlywayMigrationScriptMissingException
12:33:35.653 [Time-limited test] INFO org.evosuite.runtime.instrumentation.CreateClassResetClassAdapter - Creating brand-new static initializer in class org/springframework/boot/autoconfigure/flyway/FlywayMigrationScriptMissingException
12:33:35.654 [Time-limited test] DEBUG org.evosuite.runtime.agent.TransformerForTests - Going to instrument: org.springframework.boot.autoconfigure.jdbc.DataSourceBeanCreationFailureAnalyzer
12:33:35.654 [Time-limited test] INFO org.evosuite.runtime.instrumentation.MethodCallReplacementClassAdapter - Adding mock interface to class org/springframework/boot/autoconfigure/jdbc/DataSourceBeanCreationFailureAnalyzer
12:33:35.655 [Time-limited test] INFO org.evosuite.runtime.instrumentation.CreateClassResetClassAdapter - Creating brand-new static initializer in class org/springframework/boot/autoconfigure/jdbc/DataSourceBeanCreationFailureAnalyzer
12:33:35.655 [Time-limited test] DEBUG org.evosuite.runtime.agent.TransformerForTests - Going to instrument: org.springframework.boot.autoconfigure.jdbc.DataSourceProperties$DataSourceBeanCreationException
12:33:35.655 [Time-limited test] INFO org.evosuite.runtime.instrumentation.MethodCallReplacementClassAdapter - Adding mock interface to class org/springframework/boot/autoconfigure/jdbc/DataSourceProperties$DataSourceBeanCreationException
12:33:35.656 [Time-limited test] INFO org.evosuite.runtime.instrumentation.CreateClassResetClassAdapter - Creating brand-new static initializer in class org/springframework/boot/autoconfigure/jdbc/DataSourceProperties$DataSourceBeanCreationException
12:33:35.657 [Time-limited test] DEBUG org.evosuite.runtime.agent.TransformerForTests - Going to instrument: org.springframework.boot.autoconfigure.jdbc.HikariDriverConfigurationFailureAnalyzer
12:33:35.657 [Time-limited test] INFO org.evosuite.runtime.instrumentation.MethodCallReplacementClassAdapter - Adding mock interface to class org/springframework/boot/autoconfigure/jdbc/HikariDriverConfigurationFailureAnalyzer
12:33:35.658 [Time-limited test] INFO org.evosuite.runtime.instrumentation.CreateClassResetClassAdapter - Creating brand-new static initializer in class org/springframework/boot/autoconfigure/jdbc/HikariDriverConfigurationFailureAnalyzer
12:33:35.658 [Time-limited test] INFO org.evosuite.runtime.instrumentation.CreateClassResetClassAdapter - Adding bytecode for initializing field EXPECTED_MESSAGE
12:33:35.659 [Time-limited test] DEBUG org.evosuite.runtime.agent.TransformerForTests - Going to instrument: org.springframework.jdbc.CannotGetJdbcConnectionException
12:33:35.659 [Time-limited test] INFO org.evosuite.runtime.instrumentation.MethodCallReplacementClassAdapter - Adding mock interface to class org/springframework/jdbc/CannotGetJdbcConnectionException
12:33:35.659 [Time-limited test] INFO org.evosuite.runtime.instrumentation.CreateClassResetClassAdapter - Creating brand-new static initializer in class org/springframework/jdbc/CannotGetJdbcConnectionException
12:33:35.660 [Time-limited test] DEBUG org.evosuite.runtime.agent.TransformerForTests - Going to instrument: org.springframework.dao.DataAccessResourceFailureException
12:33:35.660 [Time-limited test] INFO org.evosuite.runtime.instrumentation.MethodCallReplacementClassAdapter - Adding mock interface to class org/springframework/dao/DataAccessResourceFailureException
12:33:35.660 [Time-limited test] INFO org.evosuite.runtime.instrumentation.CreateClassResetClassAdapter - Creating brand-new static initializer in class org/springframework/dao/DataAccessResourceFailureException
12:33:35.660 [Time-limited test] DEBUG org.evosuite.runtime.agent.TransformerForTests - Going to instrument: org.springframework.dao.NonTransientDataAccessResourceException
12:33:35.661 [Time-limited test] INFO org.evosuite.runtime.instrumentation.MethodCallReplacementClassAdapter - Adding mock interface to class org/springframework/dao/NonTransientDataAccessResourceException
12:33:35.661 [Time-limited test] INFO org.evosuite.runtime.instrumentation.CreateClassResetClassAdapter - Creating brand-new static initializer in class org/springframework/dao/NonTransientDataAccessResourceException
12:33:35.661 [Time-limited test] DEBUG org.evosuite.runtime.agent.TransformerForTests - Going to instrument: org.springframework.dao.NonTransientDataAccessException
12:33:35.661 [Time-limited test] INFO org.evosuite.runtime.instrumentation.MethodCallReplacementClassAdapter - Adding mock interface to class org/springframework/dao/NonTransientDataAccessException
12:33:35.661 [Time-limited test] INFO org.evosuite.runtime.instrumentation.CreateClassResetClassAdapter - Creating brand-new static initializer in class org/springframework/dao/NonTransientDataAccessException
12:33:35.662 [Time-limited test] DEBUG org.evosuite.runtime.agent.TransformerForTests - Going to instrument: org.springframework.dao.DataAccessException
12:33:35.662 [Time-limited test] INFO org.evosuite.runtime.instrumentation.MethodCallReplacementClassAdapter - Adding mock interface to class org/springframework/dao/DataAccessException
12:33:35.662 [Time-limited test] INFO org.evosuite.runtime.instrumentation.CreateClassResetClassAdapter - Creating brand-new static initializer in class org/springframework/dao/DataAccessException
12:33:35.663 [Time-limited test] DEBUG org.evosuite.runtime.agent.TransformerForTests - Going to instrument: org.springframework.boot.autoconfigure.r2dbc.ConnectionFactoryBeanCreationFailureAnalyzer
12:33:35.663 [Time-limited test] INFO org.evosuite.runtime.instrumentation.MethodCallReplacementClassAdapter - Adding mock interface to class org/springframework/boot/autoconfigure/r2dbc/ConnectionFactoryBeanCreationFailureAnalyzer
12:33:35.664 [Time-limited test] INFO org.evosuite.runtime.instrumentation.CreateClassResetClassAdapter - Creating brand-new static initializer in class org/springframework/boot/autoconfigure/r2dbc/ConnectionFactoryBeanCreationFailureAnalyzer
12:33:35.664 [Time-limited test] DEBUG org.evosuite.runtime.agent.TransformerForTests - Going to instrument: org.springframework.boot.autoconfigure.r2dbc.ConnectionFactoryOptionsInitializer$ConnectionFactoryBeanCreationException
12:33:35.664 [Time-limited test] INFO org.evosuite.runtime.instrumentation.MethodCallReplacementClassAdapter - Adding mock interface to class org/springframework/boot/autoconfigure/r2dbc/ConnectionFactoryOptionsInitializer$ConnectionFactoryBeanCreationException
12:33:35.665 [Time-limited test] INFO org.evosuite.runtime.instrumentation.CreateClassResetClassAdapter - Creating brand-new static initializer in class org/springframework/boot/autoconfigure/r2dbc/ConnectionFactoryOptionsInitializer$ConnectionFactoryBeanCreationException
12:33:35.665 [Time-limited test] DEBUG org.evosuite.runtime.agent.TransformerForTests - Going to instrument: org.springframework.boot.autoconfigure.session.NonUniqueSessionRepositoryFailureAnalyzer
12:33:35.665 [Time-limited test] INFO org.evosuite.runtime.instrumentation.MethodCallReplacementClassAdapter - Adding mock interface to class org/springframework/boot/autoconfigure/session/NonUniqueSessionRepositoryFailureAnalyzer
12:33:35.666 [Time-limited test] INFO org.evosuite.runtime.instrumentation.CreateClassResetClassAdapter - Creating brand-new static initializer in class org/springframework/boot/autoconfigure/session/NonUniqueSessionRepositoryFailureAnalyzer
12:33:35.666 [Time-limited test] DEBUG org.evosuite.runtime.agent.TransformerForTests - Going to instrument: org.springframework.boot.autoconfigure.session.NonUniqueSessionRepositoryException
12:33:35.666 [Time-limited test] INFO org.evosuite.runtime.instrumentation.MethodCallReplacementClassAdapter - Adding mock interface to class org/springframework/boot/autoconfigure/session/NonUniqueSessionRepositoryException
12:33:35.666 [Time-limited test] INFO org.evosuite.runtime.instrumentation.CreateClassResetClassAdapter - Creating brand-new static initializer in class org/springframework/boot/autoconfigure/session/NonUniqueSessionRepositoryException
12:33:35.669 [Time-limited test] DEBUG org.evosuite.runtime.agent.TransformerForTests - Going to instrument: org.springframework.boot.context.properties.bind.UnboundConfigurationPropertiesException
12:33:35.669 [Time-limited test] INFO org.evosuite.runtime.instrumentation.MethodCallReplacementClassAdapter - Adding mock interface to class org/springframework/boot/context/properties/bind/UnboundConfigurationPropertiesException
12:33:35.670 [Time-limited test] INFO org.evosuite.runtime.instrumentation.CreateClassResetClassAdapter - Creating brand-new static initializer in class org/springframework/boot/context/properties/bind/UnboundConfigurationPropertiesException
12:33:35.671 [Time-limited test] DEBUG org.evosuite.runtime.agent.TransformerForTests - Going to instrument: org.springframework.boot.diagnostics.FailureAnalysisReporter
12:33:35.671 [Time-limited test] DEBUG org.evosuite.runtime.agent.TransformerForTests - Going to instrument: org.springframework.boot.diagnostics.LoggingFailureAnalysisReporter
12:33:35.671 [Time-limited test] INFO org.evosuite.runtime.instrumentation.MethodCallReplacementClassAdapter - Adding mock interface to class org/springframework/boot/diagnostics/LoggingFailureAnalysisReporter
12:33:35.672 [Time-limited test] INFO org.evosuite.runtime.instrumentation.CreateClassResetClassAdapter - Found static initializer in class org/springframework/boot/diagnostics/LoggingFailureAnalysisReporter
12:33:35.674 [Time-limited test] ERROR org.springframework.boot.SpringApplication - Application run failed
java.lang.NullPointerException: null
	at org.springframework.core.env.SimpleCommandLineArgsParser.parse(SimpleCommandLineArgsParser.java:69)
	at org.springframework.core.env.SimpleCommandLinePropertySource.<init>(SimpleCommandLinePropertySource.java:96)
	at org.springframework.boot.DefaultApplicationArguments$Source.<init>(DefaultApplicationArguments.java:76)
	at org.springframework.boot.DefaultApplicationArguments.<init>(DefaultApplicationArguments.java:42)
	at org.springframework.boot.SpringApplication.run(SpringApplication.java:331)
	at org.springframework.boot.SpringApplication.run(SpringApplication.java:1343)
	at org.springframework.boot.SpringApplication.run(SpringApplication.java:1332)
	at com.app.sr.SampleRoomApplication.main(SampleRoomApplication.java:10)
	at com.app.sr.SampleRoomApplication_ESTest.test0(SampleRoomApplication_ESTest.java:24)
	at java.base/jdk.internal.reflect.NativeMethodAccessorImpl.invoke0(Native Method)
	at java.base/jdk.internal.reflect.NativeMethodAccessorImpl.invoke(NativeMethodAccessorImpl.java:62)
	at java.base/jdk.internal.reflect.DelegatingMethodAccessorImpl.invoke(DelegatingMethodAccessorImpl.java:43)
	at java.base/java.lang.reflect.Method.invoke(Method.java:566)
	at org.junit.runners.model.FrameworkMethod$1.runReflectiveCall(FrameworkMethod.java:59)
	at org.junit.internal.runners.model.ReflectiveCallable.run(ReflectiveCallable.java:12)
	at org.junit.runners.model.FrameworkMethod.invokeExplosively(FrameworkMethod.java:56)
	at org.junit.internal.runners.statements.InvokeMethod.evaluate(InvokeMethod.java:17)
	at org.junit.internal.runners.statements.FailOnTimeout$CallableStatement.call(FailOnTimeout.java:299)
	at org.junit.internal.runners.statements.FailOnTimeout$CallableStatement.call(FailOnTimeout.java:293)
	at java.base/java.util.concurrent.FutureTask.run(FutureTask.java:264)
	at java.base/java.lang.Thread.run(Thread.java:829)
12:33:35.674 [main] DEBUG org.evosuite.runtime.classhandling.ClassResetter - __STATIC_RESET() method does not exists in class com.app.sr.SampleRoomApplication
12:33:35.675 [main] DEBUG org.evosuite.runtime.classhandling.ClassResetter - __STATIC_RESET() method does not exists in class org.springframework.boot.SpringApplicationShutdownHook
12:33:35.675 [main] DEBUG org.evosuite.runtime.classhandling.ClassResetter - __STATIC_RESET() method does not exists in class org.springframework.boot.SpringApplicationShutdownHook$Handlers
12:33:35.675 [main] DEBUG org.evosuite.runtime.classhandling.ClassResetter - __STATIC_RESET() method does not exists in class org.springframework.boot.SpringApplicationShutdownHook$ApplicationContextClosedListener
12:33:35.675 [main] DEBUG org.evosuite.runtime.classhandling.ClassResetter - __STATIC_RESET() method does not exists in class org.springframework.boot.SpringApplication
12:33:35.675 [main] DEBUG org.evosuite.runtime.classhandling.ClassResetter - __STATIC_RESET() method does not exists in class org.springframework.boot.Banner$Mode
12:33:35.675 [main] DEBUG org.evosuite.runtime.classhandling.ClassResetter - __STATIC_RESET() method does not exists in class org.springframework.core.metrics.DefaultApplicationStartup$DefaultStartupStep
12:33:35.675 [main] DEBUG org.evosuite.runtime.classhandling.ClassResetter - __STATIC_RESET() method does not exists in class org.springframework.core.metrics.DefaultApplicationStartup$DefaultStartupStep$DefaultTags
12:33:35.675 [main] DEBUG org.evosuite.runtime.classhandling.ClassResetter - __STATIC_RESET() method does not exists in class org.springframework.core.metrics.DefaultApplicationStartup
12:33:35.675 [main] DEBUG org.evosuite.runtime.classhandling.ClassResetter - __STATIC_RESET() method does not exists in class org.springframework.util.Assert
12:33:35.675 [main] DEBUG org.evosuite.runtime.classhandling.ClassResetter - __STATIC_RESET() method does not exists in class org.springframework.boot.WebApplicationType
12:33:35.675 [main] DEBUG org.evosuite.runtime.classhandling.ClassResetter - __STATIC_RESET() method does not exists in class org.springframework.util.ConcurrentReferenceHashMap$ReferenceType
12:33:35.675 [main] DEBUG org.evosuite.runtime.classhandling.ClassResetter - __STATIC_RESET() method does not exists in class org.springframework.util.ConcurrentReferenceHashMap
12:33:35.675 [main] DEBUG org.evosuite.runtime.classhandling.ClassResetter - __STATIC_RESET() method does not exists in class org.springframework.util.ConcurrentReferenceHashMap$Segment
12:33:35.675 [main] DEBUG org.evosuite.runtime.classhandling.ClassResetter - __STATIC_RESET() method does not exists in class org.springframework.util.ConcurrentReferenceHashMap$ReferenceManager
12:33:35.675 [main] DEBUG org.evosuite.runtime.classhandling.ClassResetter - __STATIC_RESET() method does not exists in class org.springframework.util.ClassUtils
12:33:35.675 [main] DEBUG org.evosuite.runtime.classhandling.ClassResetter - __STATIC_RESET() method does not exists in class org.springframework.core.io.support.SpringFactoriesLoader
12:33:35.675 [main] DEBUG org.evosuite.runtime.classhandling.ClassResetter - __STATIC_RESET() method does not exists in class org.springframework.util.ConcurrentReferenceHashMap$Restructure
12:33:35.675 [main] DEBUG org.evosuite.runtime.classhandling.ClassResetter - __STATIC_RESET() method does not exists in class org.springframework.core.io.AbstractResource
12:33:35.675 [main] DEBUG org.evosuite.runtime.classhandling.ClassResetter - __STATIC_RESET() method does not exists in class org.springframework.core.io.AbstractFileResolvingResource
12:33:35.675 [main] DEBUG org.evosuite.runtime.classhandling.ClassResetter - __STATIC_RESET() method does not exists in class org.springframework.core.io.UrlResource
12:33:35.675 [main] DEBUG org.evosuite.runtime.classhandling.ClassResetter - __STATIC_RESET() method does not exists in class org.springframework.core.SpringProperties
12:33:35.675 [main] DEBUG org.evosuite.runtime.classhandling.ClassResetter - __STATIC_RESET() method does not exists in class org.springframework.core.io.support.PropertiesLoaderUtils
12:33:35.675 [main] DEBUG org.evosuite.runtime.classhandling.ClassResetter - __STATIC_RESET() method does not exists in class org.springframework.util.ResourceUtils
12:33:35.675 [main] DEBUG org.evosuite.runtime.classhandling.ClassResetter - __STATIC_RESET() method does not exists in class org.springframework.util.StringUtils
12:33:35.675 [main] DEBUG org.evosuite.runtime.classhandling.ClassResetter - __STATIC_RESET() method does not exists in class org.springframework.util.CollectionUtils
12:33:35.675 [main] DEBUG org.evosuite.runtime.classhandling.ClassResetter - __STATIC_RESET() method does not exists in class org.springframework.util.ConcurrentReferenceHashMap$Task
12:33:35.675 [main] DEBUG org.evosuite.runtime.classhandling.ClassResetter - __STATIC_RESET() method does not exists in class org.springframework.util.ConcurrentReferenceHashMap$TaskOption
12:33:35.675 [main] DEBUG org.evosuite.runtime.classhandling.ClassResetter - __STATIC_RESET() method does not exists in class org.springframework.util.ConcurrentReferenceHashMap$Entry
12:33:35.675 [main] DEBUG org.evosuite.runtime.classhandling.ClassResetter - __STATIC_RESET() method does not exists in class org.springframework.util.ConcurrentReferenceHashMap$SoftEntryReference
12:33:35.675 [main] DEBUG org.evosuite.runtime.classhandling.ClassResetter - __STATIC_RESET() method does not exists in class org.springframework.core.OrderComparator
12:33:35.675 [main] DEBUG org.evosuite.runtime.classhandling.ClassResetter - __STATIC_RESET() method does not exists in class org.springframework.core.annotation.AnnotationAwareOrderComparator
12:33:35.675 [main] DEBUG org.evosuite.runtime.classhandling.ClassResetter - __STATIC_RESET() method does not exists in class org.springframework.util.ObjectUtils
12:33:35.675 [main] DEBUG org.evosuite.runtime.classhandling.ClassResetter - __STATIC_RESET() method does not exists in class org.springframework.core.PrioritizedParameterNameDiscoverer
12:33:35.675 [main] DEBUG org.evosuite.runtime.classhandling.ClassResetter - __STATIC_RESET() method does not exists in class org.springframework.core.DefaultParameterNameDiscoverer
12:33:35.676 [main] DEBUG org.evosuite.runtime.classhandling.ClassResetter - __STATIC_RESET() method does not exists in class org.springframework.core.KotlinDetector
12:33:35.676 [main] DEBUG org.evosuite.runtime.classhandling.ClassResetter - __STATIC_RESET() method does not exists in class org.springframework.core.StandardReflectionParameterNameDiscoverer
12:33:35.676 [main] DEBUG org.evosuite.runtime.classhandling.ClassResetter - __STATIC_RESET() method does not exists in class org.springframework.core.LocalVariableTableParameterNameDiscoverer
12:33:35.676 [main] DEBUG org.evosuite.runtime.classhandling.ClassResetter - __STATIC_RESET() method does not exists in class org.springframework.beans.BeanUtils
12:33:35.676 [main] DEBUG org.evosuite.runtime.classhandling.ClassResetter - __STATIC_RESET() method does not exists in class org.springframework.util.ReflectionUtils
12:33:35.676 [main] DEBUG org.evosuite.runtime.classhandling.ClassResetter - __STATIC_RESET() method does not exists in class org.springframework.boot.context.ConfigurationWarningsApplicationContextInitializer
12:33:35.676 [main] DEBUG org.evosuite.runtime.classhandling.ClassResetter - __STATIC_RESET() method does not exists in class org.springframework.boot.context.ContextIdApplicationContextInitializer
12:33:35.676 [main] DEBUG org.evosuite.runtime.classhandling.ClassResetter - __STATIC_RESET() method does not exists in class org.springframework.boot.context.config.DelegatingApplicationContextInitializer
12:33:35.676 [main] DEBUG org.evosuite.runtime.classhandling.ClassResetter - __STATIC_RESET() method does not exists in class org.springframework.boot.rsocket.context.RSocketPortInfoApplicationContextInitializer
12:33:35.676 [main] DEBUG org.evosuite.runtime.classhandling.ClassResetter - __STATIC_RESET() method does not exists in class org.springframework.boot.web.context.ServerPortInfoApplicationContextInitializer
12:33:35.676 [main] DEBUG org.evosuite.runtime.classhandling.ClassResetter - __STATIC_RESET() method does not exists in class org.springframework.boot.autoconfigure.SharedMetadataReaderFactoryContextInitializer
12:33:35.676 [main] DEBUG org.evosuite.runtime.classhandling.ClassResetter - __STATIC_RESET() method does not exists in class org.springframework.boot.autoconfigure.logging.ConditionEvaluationReportLoggingListener
12:33:35.676 [main] DEBUG org.evosuite.runtime.classhandling.ClassResetter - __STATIC_RESET() method does not exists in class org.springframework.boot.logging.LogLevel
12:33:35.676 [main] DEBUG org.evosuite.runtime.classhandling.ClassResetter - __STATIC_RESET() method does not exists in class org.springframework.boot.devtools.restart.RestartScopeInitializer
12:33:35.676 [main] DEBUG org.evosuite.runtime.classhandling.ClassResetter - __STATIC_RESET() method does not exists in class org.springframework.core.annotation.MergedAnnotations$SearchStrategy
12:33:35.676 [main] DEBUG org.evosuite.runtime.classhandling.ClassResetter - __STATIC_RESET() method does not exists in class org.springframework.core.annotation.RepeatableContainers
12:33:35.676 [main] DEBUG org.evosuite.runtime.classhandling.ClassResetter - __STATIC_RESET() method does not exists in class org.springframework.core.annotation.RepeatableContainers$StandardRepeatableContainers
12:33:35.676 [main] DEBUG org.evosuite.runtime.classhandling.ClassResetter - __STATIC_RESET() method does not exists in class org.springframework.core.annotation.PackagesAnnotationFilter
12:33:35.676 [main] DEBUG org.evosuite.runtime.classhandling.ClassResetter - __STATIC_RESET() method does not exists in class org.springframework.core.annotation.RepeatableContainers$NoRepeatableContainers
12:33:35.676 [main] DEBUG org.evosuite.runtime.classhandling.ClassResetter - __STATIC_RESET() method does not exists in class org.springframework.core.annotation.TypeMappedAnnotations
12:33:35.676 [main] DEBUG org.evosuite.runtime.classhandling.ClassResetter - __STATIC_RESET() method does not exists in class org.springframework.core.annotation.AnnotationsScanner
12:33:35.676 [main] DEBUG org.evosuite.runtime.classhandling.ClassResetter - __STATIC_RESET() method does not exists in class org.springframework.core.annotation.OrderUtils
12:33:35.676 [main] DEBUG org.evosuite.runtime.classhandling.ClassResetter - __STATIC_RESET() method does not exists in class org.springframework.core.annotation.TypeMappedAnnotations$MergedAnnotationFinder
12:33:35.676 [main] DEBUG org.evosuite.runtime.classhandling.ClassResetter - __STATIC_RESET() method does not exists in class org.springframework.core.annotation.MergedAnnotationSelectors$Nearest
12:33:35.676 [main] DEBUG org.evosuite.runtime.classhandling.ClassResetter - __STATIC_RESET() method does not exists in class org.springframework.core.annotation.MergedAnnotationSelectors$FirstDirectlyDeclared
12:33:35.676 [main] DEBUG org.evosuite.runtime.classhandling.ClassResetter - __STATIC_RESET() method does not exists in class org.springframework.core.annotation.MergedAnnotationSelectors
12:33:35.676 [main] DEBUG org.evosuite.runtime.classhandling.ClassResetter - __STATIC_RESET() method does not exists in class org.springframework.core.annotation.AbstractMergedAnnotation
12:33:35.676 [main] DEBUG org.evosuite.runtime.classhandling.ClassResetter - __STATIC_RESET() method does not exists in class org.springframework.core.annotation.MissingMergedAnnotation
12:33:35.676 [main] DEBUG org.evosuite.runtime.classhandling.ClassResetter - __STATIC_RESET() method does not exists in class org.springframework.boot.ClearCachesApplicationListener
12:33:35.676 [main] DEBUG org.evosuite.runtime.classhandling.ClassResetter - __STATIC_RESET() method does not exists in class org.springframework.boot.builder.ParentContextCloserApplicationListener
12:33:35.676 [main] DEBUG org.evosuite.runtime.classhandling.ClassResetter - __STATIC_RESET() method does not exists in class org.springframework.boot.context.FileEncodingApplicationListener
12:33:35.676 [main] DEBUG org.evosuite.runtime.classhandling.ClassResetter - __STATIC_RESET() method does not exists in class org.springframework.boot.context.config.AnsiOutputApplicationListener
12:33:35.676 [main] DEBUG org.evosuite.runtime.classhandling.ClassResetter - __STATIC_RESET() method does not exists in class org.springframework.boot.context.config.DelegatingApplicationListener
12:33:35.676 [main] DEBUG org.evosuite.runtime.classhandling.ClassResetter - __STATIC_RESET() method does not exists in class org.springframework.boot.context.properties.source.ConfigurationPropertyName$Elements
12:33:35.676 [main] DEBUG org.evosuite.runtime.classhandling.ClassResetter - __STATIC_RESET() method does not exists in class org.springframework.boot.context.properties.source.ConfigurationPropertyName
12:33:35.676 [main] DEBUG org.evosuite.runtime.classhandling.ClassResetter - __STATIC_RESET() method does not exists in class org.springframework.boot.context.properties.source.ConfigurationPropertyName$ElementsParser
12:33:35.677 [main] DEBUG org.evosuite.runtime.classhandling.ClassResetter - __STATIC_RESET() method does not exists in class org.springframework.boot.context.properties.source.ConfigurationPropertyName$ElementType
12:33:35.677 [main] DEBUG org.evosuite.runtime.classhandling.ClassResetter - __STATIC_RESET() method does not exists in class org.springframework.boot.context.properties.bind.Bindable$BindRestriction
12:33:35.677 [main] DEBUG org.evosuite.runtime.classhandling.ClassResetter - __STATIC_RESET() method does not exists in class org.springframework.boot.context.properties.bind.Bindable
12:33:35.677 [main] DEBUG org.evosuite.runtime.classhandling.ClassResetter - __STATIC_RESET() method does not exists in class org.springframework.core.ResolvableType$EmptyType
12:33:35.677 [main] DEBUG org.evosuite.runtime.classhandling.ClassResetter - __STATIC_RESET() method does not exists in class org.springframework.core.ResolvableType
12:33:35.677 [main] DEBUG org.evosuite.runtime.classhandling.ClassResetter - __STATIC_RESET() method does not exists in class org.springframework.core.SerializableTypeWrapper
12:33:35.677 [main] DEBUG org.evosuite.runtime.classhandling.ClassResetter - __STATIC_RESET() method does not exists in class org.springframework.core.ResolvableType$SyntheticParameterizedType
12:33:35.677 [main] DEBUG org.evosuite.runtime.classhandling.ClassResetter - __STATIC_RESET() method does not exists in class org.springframework.core.ResolvableType$TypeVariablesVariableResolver
12:33:35.677 [main] DEBUG org.evosuite.runtime.classhandling.ClassResetter - __STATIC_RESET() method does not exists in class org.springframework.core.ResolvableType$DefaultVariableResolver
12:33:35.677 [main] DEBUG org.evosuite.runtime.classhandling.ClassResetter - __STATIC_RESET() method does not exists in class org.springframework.util.MultiValueMapAdapter
12:33:35.677 [main] DEBUG org.evosuite.runtime.classhandling.ClassResetter - __STATIC_RESET() method does not exists in class org.springframework.util.LinkedMultiValueMap
12:33:35.677 [main] DEBUG org.evosuite.runtime.classhandling.ClassResetter - __STATIC_RESET() method does not exists in class org.springframework.boot.context.logging.LoggingApplicationListener
12:33:35.677 [main] DEBUG org.evosuite.runtime.classhandling.ClassResetter - __STATIC_RESET() method does not exists in class org.springframework.boot.env.EnvironmentPostProcessorApplicationListener
12:33:35.677 [main] DEBUG org.evosuite.runtime.classhandling.ClassResetter - __STATIC_RESET() method does not exists in class org.springframework.boot.logging.DeferredLogs
12:33:35.677 [main] DEBUG org.evosuite.runtime.classhandling.ClassResetter - __STATIC_RESET() method does not exists in class org.springframework.boot.logging.DeferredLog$Lines
12:33:35.677 [main] DEBUG org.evosuite.runtime.classhandling.ClassResetter - __STATIC_RESET() method does not exists in class org.springframework.core.NativeDetector
12:33:35.677 [main] DEBUG org.evosuite.runtime.classhandling.ClassResetter - __STATIC_RESET() method does not exists in class org.springframework.boot.autoconfigure.BackgroundPreinitializer
12:33:35.677 [main] DEBUG org.evosuite.runtime.classhandling.ClassResetter - __STATIC_RESET() method does not exists in class org.springframework.boot.devtools.restart.RestartApplicationListener
12:33:35.677 [main] DEBUG org.evosuite.runtime.classhandling.ClassResetter - __STATIC_RESET() method does not exists in class org.springframework.boot.devtools.logger.DevToolsLogFactory$Listener
12:33:35.677 [main] DEBUG org.evosuite.runtime.classhandling.ClassResetter - __STATIC_RESET() method does not exists in class org.springframework.core.annotation.AttributeMethods
12:33:35.677 [main] DEBUG org.evosuite.runtime.classhandling.ClassResetter - __STATIC_RESET() method does not exists in class org.springframework.core.annotation.IntrospectionFailureLogger
12:33:35.677 [main] DEBUG org.evosuite.runtime.classhandling.ClassResetter - __STATIC_RESET() method does not exists in class org.springframework.core.annotation.AnnotationTypeMappings
12:33:35.677 [main] DEBUG org.evosuite.runtime.classhandling.ClassResetter - __STATIC_RESET() method does not exists in class org.springframework.core.annotation.AnnotationTypeMappings$Cache
12:33:35.677 [main] DEBUG org.evosuite.runtime.classhandling.ClassResetter - __STATIC_RESET() method does not exists in class org.springframework.core.annotation.AnnotationTypeMapping
12:33:35.677 [main] DEBUG org.evosuite.runtime.classhandling.ClassResetter - __STATIC_RESET() method does not exists in class org.springframework.core.annotation.AnnotationTypeMapping$MirrorSets
12:33:35.677 [main] DEBUG org.evosuite.runtime.classhandling.ClassResetter - __STATIC_RESET() method does not exists in class org.springframework.core.annotation.TypeMappedAnnotation
12:33:35.677 [main] DEBUG org.evosuite.runtime.classhandling.ClassResetter - __STATIC_RESET() method does not exists in class org.springframework.util.StopWatch
12:33:35.677 [main] DEBUG org.evosuite.runtime.classhandling.ClassResetter - __STATIC_RESET() method does not exists in class org.springframework.boot.DefaultBootstrapContext
12:33:35.677 [main] DEBUG org.evosuite.runtime.classhandling.ClassResetter - __STATIC_RESET() method does not exists in class org.springframework.context.event.AbstractApplicationEventMulticaster
12:33:35.677 [main] DEBUG org.evosuite.runtime.classhandling.ClassResetter - __STATIC_RESET() method does not exists in class org.springframework.context.event.SimpleApplicationEventMulticaster
12:33:35.677 [main] DEBUG org.evosuite.runtime.classhandling.ClassResetter - __STATIC_RESET() method does not exists in class org.springframework.context.event.AbstractApplicationEventMulticaster$DefaultListenerRetriever
12:33:35.677 [main] DEBUG org.evosuite.runtime.classhandling.ClassResetter - __STATIC_RESET() method does not exists in class org.springframework.boot.SpringApplicationRunListeners
12:33:35.677 [main] DEBUG org.evosuite.runtime.classhandling.ClassResetter - __STATIC_RESET() method does not exists in class org.springframework.boot.context.event.EventPublishingRunListener
12:33:35.677 [main] DEBUG org.evosuite.runtime.classhandling.ClassResetter - __STATIC_RESET() method does not exists in class org.springframework.aop.framework.AopProxyUtils
12:33:35.677 [main] DEBUG org.evosuite.runtime.classhandling.ClassResetter - __STATIC_RESET() method does not exists in class org.springframework.context.ApplicationEvent
12:33:35.677 [main] DEBUG org.evosuite.runtime.classhandling.ClassResetter - __STATIC_RESET() method does not exists in class org.springframework.boot.context.event.SpringApplicationEvent
12:33:35.677 [main] DEBUG org.evosuite.runtime.classhandling.ClassResetter - __STATIC_RESET() method does not exists in class org.springframework.boot.context.event.ApplicationStartingEvent
12:33:35.677 [main] DEBUG org.evosuite.runtime.classhandling.ClassResetter - __STATIC_RESET() method does not exists in class org.springframework.context.event.AbstractApplicationEventMulticaster$ListenerCacheKey
12:33:35.678 [main] DEBUG org.evosuite.runtime.classhandling.ClassResetter - __STATIC_RESET() method does not exists in class org.springframework.context.event.AbstractApplicationEventMulticaster$CachedListenerRetriever
12:33:35.678 [main] DEBUG org.evosuite.runtime.classhandling.ClassResetter - __STATIC_RESET() method does not exists in class org.springframework.context.event.GenericApplicationListenerAdapter
12:33:35.678 [main] DEBUG org.evosuite.runtime.classhandling.ClassResetter - __STATIC_RESET() method does not exists in class org.springframework.core.ResolvableType$WildcardBounds
12:33:35.678 [main] DEBUG org.evosuite.runtime.classhandling.ClassResetter - __STATIC_RESET() method does not exists in class org.springframework.aop.support.AopUtils
12:33:35.678 [main] DEBUG org.evosuite.runtime.classhandling.ClassResetter - __STATIC_RESET() method does not exists in class org.springframework.boot.devtools.restart.DefaultRestartInitializer
12:33:35.678 [main] DEBUG org.evosuite.runtime.classhandling.ClassResetter - __STATIC_RESET() method does not exists in class org.springframework.boot.devtools.restart.AgentReloader
12:33:35.678 [main] DEBUG org.evosuite.runtime.classhandling.ClassResetter - __STATIC_RESET() method does not exists in class org.springframework.boot.devtools.restart.Restarter
12:33:35.678 [main] DEBUG org.evosuite.runtime.classhandling.ClassResetter - __STATIC_RESET() method does not exists in class org.springframework.boot.devtools.restart.classloader.ClassLoaderFiles
12:33:35.678 [main] DEBUG org.evosuite.runtime.classhandling.ClassResetter - __STATIC_RESET() method does not exists in class org.springframework.boot.logging.DeferredLog
]]></system-out>
  </testcase>
</testsuite>